<?xml version="1.0" encoding="UTF-8"?>
<testsuites name="jest tests" tests="47" failures="16" errors="0" time="2.136">
  <testsuite name="Page NosServices" errors="0" failures="0" skipped="0" timestamp="2026-08-12T08:02:22" time="0.863" tests="2">
    <testcase classname="Page NosServices devrait afficher un titre principal &quot;NOS SERVICES&quot;" name="Page NosServices devrait afficher un titre principal &quot;NOS SERVICES&quot;" time="0.087">
    </testcase>
    <testcase classname="Page NosServices devrait comporter des liens vers les services" name="Page NosServices devrait comporter des liens vers les services" time="0.031">
    </testcase>
  </testsuite>
  <testsuite name="NosServices Component" errors="0" failures="16" skipped="0" timestamp="2026-08-12T08:02:22" time="1.313" tests="45">
    <testcase classname="NosServices Component Rendu de base devrait se rendre sans crash" name="NosServices Component Rendu de base devrait se rendre sans crash" time="0.056">
      <failure>TestingLibraryElementError: Unable to find an element with the text: NOS SERVICES. This could be because the text is broken up by multiple elements. In this case, you can provide a function for your text matcher to make your matcher more flexible.

Ignored nodes: comments, script, style
&lt;body&gt;
  &lt;div
    id=&quot;root&quot;
  /&gt;
  &lt;div&gt;
    &lt;main
      class=&quot;overflow-hidden&quot;
    &gt;
      &lt;section
        class=&quot;relative min-h-[60vh] lg:min-h-[70vh] overflow-hidden flex items-center&quot;
      &gt;
        &lt;div
          class=&quot;absolute inset-0 overflow-hidden&quot;
        &gt;
          &lt;div
            class=&quot;absolute top-1/4 left-1/4 w-96 h-96 bg-blue-500/20 rounded-full blur-3xl animate-float&quot;
          /&gt;
          &lt;div
            class=&quot;absolute bottom-1/4 right-1/4 w-80 h-80 bg-emerald-500/20 rounded-full blur-3xl animate-float&quot;
            style=&quot;animation-delay: 2s;&quot;
          /&gt;
          &lt;div
            class=&quot;absolute inset-0 opacity-[0.02]&quot;
            style=&quot;background-size: 60px 60px;&quot;
          /&gt;
        &lt;/div&gt;
        &lt;div
          class=&quot;relative container-wide py-20 lg:py-32 w-full&quot;
        &gt;
          &lt;div
            class=&quot;max-w-4xl mx-auto text-center&quot;
          &gt;
            &lt;div
              class=&quot;inline-flex items-center gap-2 px-4 py-2 rounded-full bg-white/10 backdrop-blur-sm border border-white/20 text-white/90 mb-8&quot;
            &gt;
              &lt;svg
                aria-hidden=&quot;true&quot;
                class=&quot;lucide lucide-layers w-4 h-4&quot;
                fill=&quot;none&quot;
                height=&quot;24&quot;
                stroke=&quot;currentColor&quot;
                stroke-linecap=&quot;round&quot;
                stroke-linejoin=&quot;round&quot;
                stroke-width=&quot;2&quot;
                viewBox=&quot;0 0 24 24&quot;
                width=&quot;24&quot;
                xmlns=&quot;http://www.w3.org/2000/svg&quot;
              &gt;
                &lt;path
                  d=&quot;M12.83 2.18a2 2 0 0 0-1.66 0L2.6 6.08a1 1 0 0 0 0 1.83l8.58 3.91a2 2 0 0 0 1.66 0l8.58-3.9a1 1 0 0 0 0-1.83z&quot;
                /&gt;
                &lt;path
                  d=&quot;M2 12a1 1 0 0 0 .58.91l8.6 3.91a2 2 0 0 0 1.65 0l8.58-3.9A1 1 0 0 0 22 12&quot;
                /&gt;
                &lt;path
                  d=&quot;M2 17a1 1 0 0 0 .58.91l8.6 3.91a2 2 0 0 0 1.65 0l8.58-3.9A1 1 0 0 0 22 17&quot;
                /&gt;
              &lt;/svg&gt;
              &lt;span
                class=&quot;text-sm font-medium&quot;
              &gt;
                Solutions IT completes
              &lt;/span&gt;
            &lt;/div&gt;
            &lt;h1
              class=&quot;text-4xl md:text-5xl lg:text-6xl font-bold text-white mb-6&quot;
            &gt;
              Nos
              &lt;span
                class=&quot;block bg-gradient-to-r from-emerald-400 to-blue-400 bg-clip-text text-transparent mt-2&quot;
              &gt;
                Services
              &lt;/span&gt;
            &lt;/h1&gt;
            &lt;p
              class=&quot;text-lg lg:text-xl text-white/70 mb-10 max-w-3xl mx-auto leading-relaxed&quot;
            &gt;
              Decouvrez notre gamme complete de services informatiques, telecom et securite. Des solutions sur mesure pour accompagner la transformation digitale de votre entreprise.
            &lt;/p&gt;
            &lt;div
              class=&quot;flex flex-col sm:flex-row gap-4 justify-center&quot;
            &gt;
              &lt;a
                href=&quot;/contact&quot;
              &gt;
                &lt;button
                  class=&quot;group flex items-center justify-center gap-3 px-8 py-4 bg-gradient-to-r from-emerald-500 to-emerald-600 text-white font-bold rounded-2xl transition-all duration-300 hover:shadow-[0_0_40px_rgba(16,185,129,0.4)] hover:-translate-y-1&quot;
                &gt;
                  &lt;span&gt;
                    Demander un devis
                  &lt;/span&gt;
                  &lt;svg
                    aria-hidden=&quot;true&quot;
                    class=&quot;lucide lucide-arrow-right w-5 h-5 group-hover:translate-x-1 transition-transform&quot;
                    fill=&quot;none&quot;
                    height=&quot;24&quot;
                    stroke=&quot;currentColor&quot;
                    stroke-linecap=&quot;round&quot;
                    stroke-linejoin=&quot;round&quot;
                    stroke-width=&quot;2&quot;
                    viewBox=&quot;0 0 24 24&quot;
                    width=&quot;24&quot;
                    xmlns=&quot;http://www.w3.org/2000/svg&quot;
                  &gt;
                    &lt;path
                      d=&quot;M5 12h14&quot;
                    /&gt;
                    &lt;path
                      d=&quot;m12 5 7 7-7 7&quot;
                    /&gt;
                  &lt;/svg&gt;
                &lt;/button&gt;
              &lt;/a&gt;
              &lt;a
                href=&quot;tel:0450640233&quot;
              &gt;
                &lt;button
                  class=&quot;group flex items-center justify-center gap-3 px-8 py-4 bg-white/10 backdrop-blur-sm border border-white/20 text-white font-bold rounded-2xl transition-all duration-300 hover:bg-white/20 hover:-translate-y-1&quot;
                &gt;
                  &lt;svg
                    aria-hidden=&quot;true&quot;
                    class=&quot;lucide lucide-phone w-5 h-5&quot;
                    fill=&quot;none&quot;
                    height=&quot;24&quot;
                    stroke=&quot;currentColor&quot;
                    stroke-linecap=&quot;round&quot;
                    stroke-linejoin=&quot;round&quot;
                    stroke-width=&quot;2&quot;
                    viewBox=&quot;0 0 24 24&quot;
                    width=&quot;24&quot;
                    xmlns=&quot;http://www.w3.org/2000/svg&quot;
                  &gt;
                    &lt;path
                      d=&quot;M13.832 16.568a1 1 0 0 0 1.213-...
    at Object.getElementError (C:\Users\j.serafini\Desktop\Jordan\Code\WebSolutionLogique\Web_NextJS\node_modules\@testing-library\dom\dist\config.js:37:19)
    at C:\Users\j.serafini\Desktop\Jordan\Code\WebSolutionLogique\Web_NextJS\node_modules\@testing-library\dom\dist\query-helpers.js:76:38
    at C:\Users\j.serafini\Desktop\Jordan\Code\WebSolutionLogique\Web_NextJS\node_modules\@testing-library\dom\dist\query-helpers.js:52:17
    at C:\Users\j.serafini\Desktop\Jordan\Code\WebSolutionLogique\Web_NextJS\node_modules\@testing-library\dom\dist\query-helpers.js:95:19
    at Object.getByText (C:\Users\j.serafini\Desktop\Jordan\Code\WebSolutionLogique\Web_NextJS\app\nosServices\__tests__\page.test.tsx:45:21)
    at Promise.then.completed (C:\Users\j.serafini\Desktop\Jordan\Code\WebSolutionLogique\Web_NextJS\node_modules\jest-circus\build\utils.js:298:28)
    at new Promise (&lt;anonymous&gt;)
    at callAsyncCircusFn (C:\Users\j.serafini\Desktop\Jordan\Code\WebSolutionLogique\Web_NextJS\node_modules\jest-circus\build\utils.js:231:10)
    at _callCircusTest (C:\Users\j.serafini\Desktop\Jordan\Code\WebSolutionLogique\Web_NextJS\node_modules\jest-circus\build\run.js:316:40)
    at processTicksAndRejections (node:internal/process/task_queues:103:5)
    at _runTest (C:\Users\j.serafini\Desktop\Jordan\Code\WebSolutionLogique\Web_NextJS\node_modules\jest-circus\build\run.js:252:3)
    at _runTestsForDescribeBlock (C:\Users\j.serafini\Desktop\Jordan\Code\WebSolutionLogique\Web_NextJS\node_modules\jest-circus\build\run.js:126:9)
    at _runTestsForDescribeBlock (C:\Users\j.serafini\Desktop\Jordan\Code\WebSolutionLogique\Web_NextJS\node_modules\jest-circus\build\run.js:121:9)
    at _runTestsForDescribeBlock (C:\Users\j.serafini\Desktop\Jordan\Code\WebSolutionLogique\Web_NextJS\node_modules\jest-circus\build\run.js:121:9)
    at run (C:\Users\j.serafini\Desktop\Jordan\Code\WebSolutionLogique\Web_NextJS\node_modules\jest-circus\build\run.js:71:3)
    at runAndTransformResultsToJestFormat (C:\Users\j.serafini\Desktop\Jordan\Code\WebSolutionLogique\Web_NextJS\node_modules\jest-circus\build\legacy-code-todo-rewrite\jestAdapterInit.js:122:21)
    at jestAdapter (C:\Users\j.serafini\Desktop\Jordan\Code\WebSolutionLogique\Web_NextJS\node_modules\jest-circus\build\legacy-code-todo-rewrite\jestAdapter.js:79:19)
    at runTestInternal (C:\Users\j.serafini\Desktop\Jordan\Code\WebSolutionLogique\Web_NextJS\node_modules\jest-runner\build\runTest.js:367:16)
    at runTest (C:\Users\j.serafini\Desktop\Jordan\Code\WebSolutionLogique\Web_NextJS\node_modules\jest-runner\build\runTest.js:444:34)
    at Object.worker (C:\Users\j.serafini\Desktop\Jordan\Code\WebSolutionLogique\Web_NextJS\node_modules\jest-runner\build\testWorker.js:106:12)</failure>
    </testcase>
    <testcase classname="NosServices Component Rendu de base devrait afficher le titre principal" name="NosServices Component Rendu de base devrait afficher le titre principal" time="0.026">
      <failure>TestingLibraryElementError: Unable to find an element with the text: NOS SERVICES. This could be because the text is broken up by multiple elements. In this case, you can provide a function for your text matcher to make your matcher more flexible.

Ignored nodes: comments, script, style
&lt;body&gt;
  &lt;div
    id=&quot;root&quot;
  /&gt;
  &lt;div&gt;
    &lt;main
      class=&quot;overflow-hidden&quot;
    &gt;
      &lt;section
        class=&quot;relative min-h-[60vh] lg:min-h-[70vh] overflow-hidden flex items-center&quot;
      &gt;
        &lt;div
          class=&quot;absolute inset-0 overflow-hidden&quot;
        &gt;
          &lt;div
            class=&quot;absolute top-1/4 left-1/4 w-96 h-96 bg-blue-500/20 rounded-full blur-3xl animate-float&quot;
          /&gt;
          &lt;div
            class=&quot;absolute bottom-1/4 right-1/4 w-80 h-80 bg-emerald-500/20 rounded-full blur-3xl animate-float&quot;
            style=&quot;animation-delay: 2s;&quot;
          /&gt;
          &lt;div
            class=&quot;absolute inset-0 opacity-[0.02]&quot;
            style=&quot;background-size: 60px 60px;&quot;
          /&gt;
        &lt;/div&gt;
        &lt;div
          class=&quot;relative container-wide py-20 lg:py-32 w-full&quot;
        &gt;
          &lt;div
            class=&quot;max-w-4xl mx-auto text-center&quot;
          &gt;
            &lt;div
              class=&quot;inline-flex items-center gap-2 px-4 py-2 rounded-full bg-white/10 backdrop-blur-sm border border-white/20 text-white/90 mb-8&quot;
            &gt;
              &lt;svg
                aria-hidden=&quot;true&quot;
                class=&quot;lucide lucide-layers w-4 h-4&quot;
                fill=&quot;none&quot;
                height=&quot;24&quot;
                stroke=&quot;currentColor&quot;
                stroke-linecap=&quot;round&quot;
                stroke-linejoin=&quot;round&quot;
                stroke-width=&quot;2&quot;
                viewBox=&quot;0 0 24 24&quot;
                width=&quot;24&quot;
                xmlns=&quot;http://www.w3.org/2000/svg&quot;
              &gt;
                &lt;path
                  d=&quot;M12.83 2.18a2 2 0 0 0-1.66 0L2.6 6.08a1 1 0 0 0 0 1.83l8.58 3.91a2 2 0 0 0 1.66 0l8.58-3.9a1 1 0 0 0 0-1.83z&quot;
                /&gt;
                &lt;path
                  d=&quot;M2 12a1 1 0 0 0 .58.91l8.6 3.91a2 2 0 0 0 1.65 0l8.58-3.9A1 1 0 0 0 22 12&quot;
                /&gt;
                &lt;path
                  d=&quot;M2 17a1 1 0 0 0 .58.91l8.6 3.91a2 2 0 0 0 1.65 0l8.58-3.9A1 1 0 0 0 22 17&quot;
                /&gt;
              &lt;/svg&gt;
              &lt;span
                class=&quot;text-sm font-medium&quot;
              &gt;
                Solutions IT completes
              &lt;/span&gt;
            &lt;/div&gt;
            &lt;h1
              class=&quot;text-4xl md:text-5xl lg:text-6xl font-bold text-white mb-6&quot;
            &gt;
              Nos
              &lt;span
                class=&quot;block bg-gradient-to-r from-emerald-400 to-blue-400 bg-clip-text text-transparent mt-2&quot;
              &gt;
                Services
              &lt;/span&gt;
            &lt;/h1&gt;
            &lt;p
              class=&quot;text-lg lg:text-xl text-white/70 mb-10 max-w-3xl mx-auto leading-relaxed&quot;
            &gt;
              Decouvrez notre gamme complete de services informatiques, telecom et securite. Des solutions sur mesure pour accompagner la transformation digitale de votre entreprise.
            &lt;/p&gt;
            &lt;div
              class=&quot;flex flex-col sm:flex-row gap-4 justify-center&quot;
            &gt;
              &lt;a
                href=&quot;/contact&quot;
              &gt;
                &lt;button
                  class=&quot;group flex items-center justify-center gap-3 px-8 py-4 bg-gradient-to-r from-emerald-500 to-emerald-600 text-white font-bold rounded-2xl transition-all duration-300 hover:shadow-[0_0_40px_rgba(16,185,129,0.4)] hover:-translate-y-1&quot;
                &gt;
                  &lt;span&gt;
                    Demander un devis
                  &lt;/span&gt;
                  &lt;svg
                    aria-hidden=&quot;true&quot;
                    class=&quot;lucide lucide-arrow-right w-5 h-5 group-hover:translate-x-1 transition-transform&quot;
                    fill=&quot;none&quot;
                    height=&quot;24&quot;
                    stroke=&quot;currentColor&quot;
                    stroke-linecap=&quot;round&quot;
                    stroke-linejoin=&quot;round&quot;
                    stroke-width=&quot;2&quot;
                    viewBox=&quot;0 0 24 24&quot;
                    width=&quot;24&quot;
                    xmlns=&quot;http://www.w3.org/2000/svg&quot;
                  &gt;
                    &lt;path
                      d=&quot;M5 12h14&quot;
                    /&gt;
                    &lt;path
                      d=&quot;m12 5 7 7-7 7&quot;
                    /&gt;
                  &lt;/svg&gt;
                &lt;/button&gt;
              &lt;/a&gt;
              &lt;a
                href=&quot;tel:0450640233&quot;
              &gt;
                &lt;button
                  class=&quot;group flex items-center justify-center gap-3 px-8 py-4 bg-white/10 backdrop-blur-sm border border-white/20 text-white font-bold rounded-2xl transition-all duration-300 hover:bg-white/20 hover:-translate-y-1&quot;
                &gt;
                  &lt;svg
                    aria-hidden=&quot;true&quot;
                    class=&quot;lucide lucide-phone w-5 h-5&quot;
                    fill=&quot;none&quot;
                    height=&quot;24&quot;
                    stroke=&quot;currentColor&quot;
                    stroke-linecap=&quot;round&quot;
                    stroke-linejoin=&quot;round&quot;
                    stroke-width=&quot;2&quot;
                    viewBox=&quot;0 0 24 24&quot;
                    width=&quot;24&quot;
                    xmlns=&quot;http://www.w3.org/2000/svg&quot;
                  &gt;
                    &lt;path
                      d=&quot;M13.832 16.568a1 1 0 0 0 1.213-...
    at Object.getElementError (C:\Users\j.serafini\Desktop\Jordan\Code\WebSolutionLogique\Web_NextJS\node_modules\@testing-library\dom\dist\config.js:37:19)
    at C:\Users\j.serafini\Desktop\Jordan\Code\WebSolutionLogique\Web_NextJS\node_modules\@testing-library\dom\dist\query-helpers.js:76:38
    at C:\Users\j.serafini\Desktop\Jordan\Code\WebSolutionLogique\Web_NextJS\node_modules\@testing-library\dom\dist\query-helpers.js:52:17
    at C:\Users\j.serafini\Desktop\Jordan\Code\WebSolutionLogique\Web_NextJS\node_modules\@testing-library\dom\dist\query-helpers.js:95:19
    at Object.getByText (C:\Users\j.serafini\Desktop\Jordan\Code\WebSolutionLogique\Web_NextJS\app\nosServices\__tests__\page.test.tsx:50:21)
    at Promise.then.completed (C:\Users\j.serafini\Desktop\Jordan\Code\WebSolutionLogique\Web_NextJS\node_modules\jest-circus\build\utils.js:298:28)
    at new Promise (&lt;anonymous&gt;)
    at callAsyncCircusFn (C:\Users\j.serafini\Desktop\Jordan\Code\WebSolutionLogique\Web_NextJS\node_modules\jest-circus\build\utils.js:231:10)
    at _callCircusTest (C:\Users\j.serafini\Desktop\Jordan\Code\WebSolutionLogique\Web_NextJS\node_modules\jest-circus\build\run.js:316:40)
    at processTicksAndRejections (node:internal/process/task_queues:103:5)
    at _runTest (C:\Users\j.serafini\Desktop\Jordan\Code\WebSolutionLogique\Web_NextJS\node_modules\jest-circus\build\run.js:252:3)
    at _runTestsForDescribeBlock (C:\Users\j.serafini\Desktop\Jordan\Code\WebSolutionLogique\Web_NextJS\node_modules\jest-circus\build\run.js:126:9)
    at _runTestsForDescribeBlock (C:\Users\j.serafini\Desktop\Jordan\Code\WebSolutionLogique\Web_NextJS\node_modules\jest-circus\build\run.js:121:9)
    at _runTestsForDescribeBlock (C:\Users\j.serafini\Desktop\Jordan\Code\WebSolutionLogique\Web_NextJS\node_modules\jest-circus\build\run.js:121:9)
    at run (C:\Users\j.serafini\Desktop\Jordan\Code\WebSolutionLogique\Web_NextJS\node_modules\jest-circus\build\run.js:71:3)
    at runAndTransformResultsToJestFormat (C:\Users\j.serafini\Desktop\Jordan\Code\WebSolutionLogique\Web_NextJS\node_modules\jest-circus\build\legacy-code-todo-rewrite\jestAdapterInit.js:122:21)
    at jestAdapter (C:\Users\j.serafini\Desktop\Jordan\Code\WebSolutionLogique\Web_NextJS\node_modules\jest-circus\build\legacy-code-todo-rewrite\jestAdapter.js:79:19)
    at runTestInternal (C:\Users\j.serafini\Desktop\Jordan\Code\WebSolutionLogique\Web_NextJS\node_modules\jest-runner\build\runTest.js:367:16)
    at runTest (C:\Users\j.serafini\Desktop\Jordan\Code\WebSolutionLogique\Web_NextJS\node_modules\jest-runner\build\runTest.js:444:34)
    at Object.worker (C:\Users\j.serafini\Desktop\Jordan\Code\WebSolutionLogique\Web_NextJS\node_modules\jest-runner\build\testWorker.js:106:12)</failure>
    </testcase>
    <testcase classname="NosServices Component Rendu de base devrait afficher une introduction ou description" name="NosServices Component Rendu de base devrait afficher une introduction ou description" time="0.014">
    </testcase>
    <testcase classname="NosServices Component Liste des services devrait afficher plusieurs services" name="NosServices Component Liste des services devrait afficher plusieurs services" time="0.02">
      <failure>TestingLibraryElementError: Unable to find an element with the text: Télécom. This could be because the text is broken up by multiple elements. In this case, you can provide a function for your text matcher to make your matcher more flexible.

Ignored nodes: comments, script, style
&lt;body&gt;
  &lt;div
    id=&quot;root&quot;
  /&gt;
  &lt;div&gt;
    &lt;main
      class=&quot;overflow-hidden&quot;
    &gt;
      &lt;section
        class=&quot;relative min-h-[60vh] lg:min-h-[70vh] overflow-hidden flex items-center&quot;
      &gt;
        &lt;div
          class=&quot;absolute inset-0 overflow-hidden&quot;
        &gt;
          &lt;div
            class=&quot;absolute top-1/4 left-1/4 w-96 h-96 bg-blue-500/20 rounded-full blur-3xl animate-float&quot;
          /&gt;
          &lt;div
            class=&quot;absolute bottom-1/4 right-1/4 w-80 h-80 bg-emerald-500/20 rounded-full blur-3xl animate-float&quot;
            style=&quot;animation-delay: 2s;&quot;
          /&gt;
          &lt;div
            class=&quot;absolute inset-0 opacity-[0.02]&quot;
            style=&quot;background-size: 60px 60px;&quot;
          /&gt;
        &lt;/div&gt;
        &lt;div
          class=&quot;relative container-wide py-20 lg:py-32 w-full&quot;
        &gt;
          &lt;div
            class=&quot;max-w-4xl mx-auto text-center&quot;
          &gt;
            &lt;div
              class=&quot;inline-flex items-center gap-2 px-4 py-2 rounded-full bg-white/10 backdrop-blur-sm border border-white/20 text-white/90 mb-8&quot;
            &gt;
              &lt;svg
                aria-hidden=&quot;true&quot;
                class=&quot;lucide lucide-layers w-4 h-4&quot;
                fill=&quot;none&quot;
                height=&quot;24&quot;
                stroke=&quot;currentColor&quot;
                stroke-linecap=&quot;round&quot;
                stroke-linejoin=&quot;round&quot;
                stroke-width=&quot;2&quot;
                viewBox=&quot;0 0 24 24&quot;
                width=&quot;24&quot;
                xmlns=&quot;http://www.w3.org/2000/svg&quot;
              &gt;
                &lt;path
                  d=&quot;M12.83 2.18a2 2 0 0 0-1.66 0L2.6 6.08a1 1 0 0 0 0 1.83l8.58 3.91a2 2 0 0 0 1.66 0l8.58-3.9a1 1 0 0 0 0-1.83z&quot;
                /&gt;
                &lt;path
                  d=&quot;M2 12a1 1 0 0 0 .58.91l8.6 3.91a2 2 0 0 0 1.65 0l8.58-3.9A1 1 0 0 0 22 12&quot;
                /&gt;
                &lt;path
                  d=&quot;M2 17a1 1 0 0 0 .58.91l8.6 3.91a2 2 0 0 0 1.65 0l8.58-3.9A1 1 0 0 0 22 17&quot;
                /&gt;
              &lt;/svg&gt;
              &lt;span
                class=&quot;text-sm font-medium&quot;
              &gt;
                Solutions IT completes
              &lt;/span&gt;
            &lt;/div&gt;
            &lt;h1
              class=&quot;text-4xl md:text-5xl lg:text-6xl font-bold text-white mb-6&quot;
            &gt;
              Nos
              &lt;span
                class=&quot;block bg-gradient-to-r from-emerald-400 to-blue-400 bg-clip-text text-transparent mt-2&quot;
              &gt;
                Services
              &lt;/span&gt;
            &lt;/h1&gt;
            &lt;p
              class=&quot;text-lg lg:text-xl text-white/70 mb-10 max-w-3xl mx-auto leading-relaxed&quot;
            &gt;
              Decouvrez notre gamme complete de services informatiques, telecom et securite. Des solutions sur mesure pour accompagner la transformation digitale de votre entreprise.
            &lt;/p&gt;
            &lt;div
              class=&quot;flex flex-col sm:flex-row gap-4 justify-center&quot;
            &gt;
              &lt;a
                href=&quot;/contact&quot;
              &gt;
                &lt;button
                  class=&quot;group flex items-center justify-center gap-3 px-8 py-4 bg-gradient-to-r from-emerald-500 to-emerald-600 text-white font-bold rounded-2xl transition-all duration-300 hover:shadow-[0_0_40px_rgba(16,185,129,0.4)] hover:-translate-y-1&quot;
                &gt;
                  &lt;span&gt;
                    Demander un devis
                  &lt;/span&gt;
                  &lt;svg
                    aria-hidden=&quot;true&quot;
                    class=&quot;lucide lucide-arrow-right w-5 h-5 group-hover:translate-x-1 transition-transform&quot;
                    fill=&quot;none&quot;
                    height=&quot;24&quot;
                    stroke=&quot;currentColor&quot;
                    stroke-linecap=&quot;round&quot;
                    stroke-linejoin=&quot;round&quot;
                    stroke-width=&quot;2&quot;
                    viewBox=&quot;0 0 24 24&quot;
                    width=&quot;24&quot;
                    xmlns=&quot;http://www.w3.org/2000/svg&quot;
                  &gt;
                    &lt;path
                      d=&quot;M5 12h14&quot;
                    /&gt;
                    &lt;path
                      d=&quot;m12 5 7 7-7 7&quot;
                    /&gt;
                  &lt;/svg&gt;
                &lt;/button&gt;
              &lt;/a&gt;
              &lt;a
                href=&quot;tel:0450640233&quot;
              &gt;
                &lt;button
                  class=&quot;group flex items-center justify-center gap-3 px-8 py-4 bg-white/10 backdrop-blur-sm border border-white/20 text-white font-bold rounded-2xl transition-all duration-300 hover:bg-white/20 hover:-translate-y-1&quot;
                &gt;
                  &lt;svg
                    aria-hidden=&quot;true&quot;
                    class=&quot;lucide lucide-phone w-5 h-5&quot;
                    fill=&quot;none&quot;
                    height=&quot;24&quot;
                    stroke=&quot;currentColor&quot;
                    stroke-linecap=&quot;round&quot;
                    stroke-linejoin=&quot;round&quot;
                    stroke-width=&quot;2&quot;
                    viewBox=&quot;0 0 24 24&quot;
                    width=&quot;24&quot;
                    xmlns=&quot;http://www.w3.org/2000/svg&quot;
                  &gt;
                    &lt;path
                      d=&quot;M13.832 16.568a1 1 0 0 0 1.213-...
    at Object.getElementError (C:\Users\j.serafini\Desktop\Jordan\Code\WebSolutionLogique\Web_NextJS\node_modules\@testing-library\dom\dist\config.js:37:19)
    at C:\Users\j.serafini\Desktop\Jordan\Code\WebSolutionLogique\Web_NextJS\node_modules\@testing-library\dom\dist\query-helpers.js:76:38
    at C:\Users\j.serafini\Desktop\Jordan\Code\WebSolutionLogique\Web_NextJS\node_modules\@testing-library\dom\dist\query-helpers.js:52:17
    at C:\Users\j.serafini\Desktop\Jordan\Code\WebSolutionLogique\Web_NextJS\node_modules\@testing-library\dom\dist\query-helpers.js:95:19
    at Object.getByText (C:\Users\j.serafini\Desktop\Jordan\Code\WebSolutionLogique\Web_NextJS\app\nosServices\__tests__\page.test.tsx:67:21)
    at Promise.then.completed (C:\Users\j.serafini\Desktop\Jordan\Code\WebSolutionLogique\Web_NextJS\node_modules\jest-circus\build\utils.js:298:28)
    at new Promise (&lt;anonymous&gt;)
    at callAsyncCircusFn (C:\Users\j.serafini\Desktop\Jordan\Code\WebSolutionLogique\Web_NextJS\node_modules\jest-circus\build\utils.js:231:10)
    at _callCircusTest (C:\Users\j.serafini\Desktop\Jordan\Code\WebSolutionLogique\Web_NextJS\node_modules\jest-circus\build\run.js:316:40)
    at processTicksAndRejections (node:internal/process/task_queues:103:5)
    at _runTest (C:\Users\j.serafini\Desktop\Jordan\Code\WebSolutionLogique\Web_NextJS\node_modules\jest-circus\build\run.js:252:3)
    at _runTestsForDescribeBlock (C:\Users\j.serafini\Desktop\Jordan\Code\WebSolutionLogique\Web_NextJS\node_modules\jest-circus\build\run.js:126:9)
    at _runTestsForDescribeBlock (C:\Users\j.serafini\Desktop\Jordan\Code\WebSolutionLogique\Web_NextJS\node_modules\jest-circus\build\run.js:121:9)
    at _runTestsForDescribeBlock (C:\Users\j.serafini\Desktop\Jordan\Code\WebSolutionLogique\Web_NextJS\node_modules\jest-circus\build\run.js:121:9)
    at run (C:\Users\j.serafini\Desktop\Jordan\Code\WebSolutionLogique\Web_NextJS\node_modules\jest-circus\build\run.js:71:3)
    at runAndTransformResultsToJestFormat (C:\Users\j.serafini\Desktop\Jordan\Code\WebSolutionLogique\Web_NextJS\node_modules\jest-circus\build\legacy-code-todo-rewrite\jestAdapterInit.js:122:21)
    at jestAdapter (C:\Users\j.serafini\Desktop\Jordan\Code\WebSolutionLogique\Web_NextJS\node_modules\jest-circus\build\legacy-code-todo-rewrite\jestAdapter.js:79:19)
    at runTestInternal (C:\Users\j.serafini\Desktop\Jordan\Code\WebSolutionLogique\Web_NextJS\node_modules\jest-runner\build\runTest.js:367:16)
    at runTest (C:\Users\j.serafini\Desktop\Jordan\Code\WebSolutionLogique\Web_NextJS\node_modules\jest-runner\build\runTest.js:444:34)
    at Object.worker (C:\Users\j.serafini\Desktop\Jordan\Code\WebSolutionLogique\Web_NextJS\node_modules\jest-runner\build\testWorker.js:106:12)</failure>
    </testcase>
    <testcase classname="NosServices Component Liste des services chaque service devrait avoir un titre" name="NosServices Component Liste des services chaque service devrait avoir un titre" time="0.021">
      <failure>TestingLibraryElementError: Unable to find an element with the text: Télécom. This could be because the text is broken up by multiple elements. In this case, you can provide a function for your text matcher to make your matcher more flexible.

Ignored nodes: comments, script, style
&lt;body&gt;
  &lt;div
    id=&quot;root&quot;
  /&gt;
  &lt;div&gt;
    &lt;main
      class=&quot;overflow-hidden&quot;
    &gt;
      &lt;section
        class=&quot;relative min-h-[60vh] lg:min-h-[70vh] overflow-hidden flex items-center&quot;
      &gt;
        &lt;div
          class=&quot;absolute inset-0 overflow-hidden&quot;
        &gt;
          &lt;div
            class=&quot;absolute top-1/4 left-1/4 w-96 h-96 bg-blue-500/20 rounded-full blur-3xl animate-float&quot;
          /&gt;
          &lt;div
            class=&quot;absolute bottom-1/4 right-1/4 w-80 h-80 bg-emerald-500/20 rounded-full blur-3xl animate-float&quot;
            style=&quot;animation-delay: 2s;&quot;
          /&gt;
          &lt;div
            class=&quot;absolute inset-0 opacity-[0.02]&quot;
            style=&quot;background-size: 60px 60px;&quot;
          /&gt;
        &lt;/div&gt;
        &lt;div
          class=&quot;relative container-wide py-20 lg:py-32 w-full&quot;
        &gt;
          &lt;div
            class=&quot;max-w-4xl mx-auto text-center&quot;
          &gt;
            &lt;div
              class=&quot;inline-flex items-center gap-2 px-4 py-2 rounded-full bg-white/10 backdrop-blur-sm border border-white/20 text-white/90 mb-8&quot;
            &gt;
              &lt;svg
                aria-hidden=&quot;true&quot;
                class=&quot;lucide lucide-layers w-4 h-4&quot;
                fill=&quot;none&quot;
                height=&quot;24&quot;
                stroke=&quot;currentColor&quot;
                stroke-linecap=&quot;round&quot;
                stroke-linejoin=&quot;round&quot;
                stroke-width=&quot;2&quot;
                viewBox=&quot;0 0 24 24&quot;
                width=&quot;24&quot;
                xmlns=&quot;http://www.w3.org/2000/svg&quot;
              &gt;
                &lt;path
                  d=&quot;M12.83 2.18a2 2 0 0 0-1.66 0L2.6 6.08a1 1 0 0 0 0 1.83l8.58 3.91a2 2 0 0 0 1.66 0l8.58-3.9a1 1 0 0 0 0-1.83z&quot;
                /&gt;
                &lt;path
                  d=&quot;M2 12a1 1 0 0 0 .58.91l8.6 3.91a2 2 0 0 0 1.65 0l8.58-3.9A1 1 0 0 0 22 12&quot;
                /&gt;
                &lt;path
                  d=&quot;M2 17a1 1 0 0 0 .58.91l8.6 3.91a2 2 0 0 0 1.65 0l8.58-3.9A1 1 0 0 0 22 17&quot;
                /&gt;
              &lt;/svg&gt;
              &lt;span
                class=&quot;text-sm font-medium&quot;
              &gt;
                Solutions IT completes
              &lt;/span&gt;
            &lt;/div&gt;
            &lt;h1
              class=&quot;text-4xl md:text-5xl lg:text-6xl font-bold text-white mb-6&quot;
            &gt;
              Nos
              &lt;span
                class=&quot;block bg-gradient-to-r from-emerald-400 to-blue-400 bg-clip-text text-transparent mt-2&quot;
              &gt;
                Services
              &lt;/span&gt;
            &lt;/h1&gt;
            &lt;p
              class=&quot;text-lg lg:text-xl text-white/70 mb-10 max-w-3xl mx-auto leading-relaxed&quot;
            &gt;
              Decouvrez notre gamme complete de services informatiques, telecom et securite. Des solutions sur mesure pour accompagner la transformation digitale de votre entreprise.
            &lt;/p&gt;
            &lt;div
              class=&quot;flex flex-col sm:flex-row gap-4 justify-center&quot;
            &gt;
              &lt;a
                href=&quot;/contact&quot;
              &gt;
                &lt;button
                  class=&quot;group flex items-center justify-center gap-3 px-8 py-4 bg-gradient-to-r from-emerald-500 to-emerald-600 text-white font-bold rounded-2xl transition-all duration-300 hover:shadow-[0_0_40px_rgba(16,185,129,0.4)] hover:-translate-y-1&quot;
                &gt;
                  &lt;span&gt;
                    Demander un devis
                  &lt;/span&gt;
                  &lt;svg
                    aria-hidden=&quot;true&quot;
                    class=&quot;lucide lucide-arrow-right w-5 h-5 group-hover:translate-x-1 transition-transform&quot;
                    fill=&quot;none&quot;
                    height=&quot;24&quot;
                    stroke=&quot;currentColor&quot;
                    stroke-linecap=&quot;round&quot;
                    stroke-linejoin=&quot;round&quot;
                    stroke-width=&quot;2&quot;
                    viewBox=&quot;0 0 24 24&quot;
                    width=&quot;24&quot;
                    xmlns=&quot;http://www.w3.org/2000/svg&quot;
                  &gt;
                    &lt;path
                      d=&quot;M5 12h14&quot;
                    /&gt;
                    &lt;path
                      d=&quot;m12 5 7 7-7 7&quot;
                    /&gt;
                  &lt;/svg&gt;
                &lt;/button&gt;
              &lt;/a&gt;
              &lt;a
                href=&quot;tel:0450640233&quot;
              &gt;
                &lt;button
                  class=&quot;group flex items-center justify-center gap-3 px-8 py-4 bg-white/10 backdrop-blur-sm border border-white/20 text-white font-bold rounded-2xl transition-all duration-300 hover:bg-white/20 hover:-translate-y-1&quot;
                &gt;
                  &lt;svg
                    aria-hidden=&quot;true&quot;
                    class=&quot;lucide lucide-phone w-5 h-5&quot;
                    fill=&quot;none&quot;
                    height=&quot;24&quot;
                    stroke=&quot;currentColor&quot;
                    stroke-linecap=&quot;round&quot;
                    stroke-linejoin=&quot;round&quot;
                    stroke-width=&quot;2&quot;
                    viewBox=&quot;0 0 24 24&quot;
                    width=&quot;24&quot;
                    xmlns=&quot;http://www.w3.org/2000/svg&quot;
                  &gt;
                    &lt;path
                      d=&quot;M13.832 16.568a1 1 0 0 0 1.213-...
    at Object.getElementError (C:\Users\j.serafini\Desktop\Jordan\Code\WebSolutionLogique\Web_NextJS\node_modules\@testing-library\dom\dist\config.js:37:19)
    at C:\Users\j.serafini\Desktop\Jordan\Code\WebSolutionLogique\Web_NextJS\node_modules\@testing-library\dom\dist\query-helpers.js:76:38
    at C:\Users\j.serafini\Desktop\Jordan\Code\WebSolutionLogique\Web_NextJS\node_modules\@testing-library\dom\dist\query-helpers.js:52:17
    at C:\Users\j.serafini\Desktop\Jordan\Code\WebSolutionLogique\Web_NextJS\node_modules\@testing-library\dom\dist\query-helpers.js:95:19
    at getByText (C:\Users\j.serafini\Desktop\Jordan\Code\WebSolutionLogique\Web_NextJS\app\nosServices\__tests__\page.test.tsx:76:23)
    at Array.forEach (&lt;anonymous&gt;)
    at Object.forEach (C:\Users\j.serafini\Desktop\Jordan\Code\WebSolutionLogique\Web_NextJS\app\nosServices\__tests__\page.test.tsx:75:20)
    at Promise.then.completed (C:\Users\j.serafini\Desktop\Jordan\Code\WebSolutionLogique\Web_NextJS\node_modules\jest-circus\build\utils.js:298:28)
    at new Promise (&lt;anonymous&gt;)
    at callAsyncCircusFn (C:\Users\j.serafini\Desktop\Jordan\Code\WebSolutionLogique\Web_NextJS\node_modules\jest-circus\build\utils.js:231:10)
    at _callCircusTest (C:\Users\j.serafini\Desktop\Jordan\Code\WebSolutionLogique\Web_NextJS\node_modules\jest-circus\build\run.js:316:40)
    at processTicksAndRejections (node:internal/process/task_queues:103:5)
    at _runTest (C:\Users\j.serafini\Desktop\Jordan\Code\WebSolutionLogique\Web_NextJS\node_modules\jest-circus\build\run.js:252:3)
    at _runTestsForDescribeBlock (C:\Users\j.serafini\Desktop\Jordan\Code\WebSolutionLogique\Web_NextJS\node_modules\jest-circus\build\run.js:126:9)
    at _runTestsForDescribeBlock (C:\Users\j.serafini\Desktop\Jordan\Code\WebSolutionLogique\Web_NextJS\node_modules\jest-circus\build\run.js:121:9)
    at _runTestsForDescribeBlock (C:\Users\j.serafini\Desktop\Jordan\Code\WebSolutionLogique\Web_NextJS\node_modules\jest-circus\build\run.js:121:9)
    at run (C:\Users\j.serafini\Desktop\Jordan\Code\WebSolutionLogique\Web_NextJS\node_modules\jest-circus\build\run.js:71:3)
    at runAndTransformResultsToJestFormat (C:\Users\j.serafini\Desktop\Jordan\Code\WebSolutionLogique\Web_NextJS\node_modules\jest-circus\build\legacy-code-todo-rewrite\jestAdapterInit.js:122:21)
    at jestAdapter (C:\Users\j.serafini\Desktop\Jordan\Code\WebSolutionLogique\Web_NextJS\node_modules\jest-circus\build\legacy-code-todo-rewrite\jestAdapter.js:79:19)
    at runTestInternal (C:\Users\j.serafini\Desktop\Jordan\Code\WebSolutionLogique\Web_NextJS\node_modules\jest-runner\build\runTest.js:367:16)
    at runTest (C:\Users\j.serafini\Desktop\Jordan\Code\WebSolutionLogique\Web_NextJS\node_modules\jest-runner\build\runTest.js:444:34)
    at Object.worker (C:\Users\j.serafini\Desktop\Jordan\Code\WebSolutionLogique\Web_NextJS\node_modules\jest-runner\build\testWorker.js:106:12)</failure>
    </testcase>
    <testcase classname="NosServices Component Liste des services devrait afficher les descriptions des services" name="NosServices Component Liste des services devrait afficher les descriptions des services" time="0.016">
      <failure>TestingLibraryElementError: Unable to find an element with the text: /Restez connectés grâce à nos solutions télécom/. This could be because the text is broken up by multiple elements. In this case, you can provide a function for your text matcher to make your matcher more flexible.

Ignored nodes: comments, script, style
&lt;body&gt;
  &lt;div
    id=&quot;root&quot;
  /&gt;
  &lt;div&gt;
    &lt;main
      class=&quot;overflow-hidden&quot;
    &gt;
      &lt;section
        class=&quot;relative min-h-[60vh] lg:min-h-[70vh] overflow-hidden flex items-center&quot;
      &gt;
        &lt;div
          class=&quot;absolute inset-0 overflow-hidden&quot;
        &gt;
          &lt;div
            class=&quot;absolute top-1/4 left-1/4 w-96 h-96 bg-blue-500/20 rounded-full blur-3xl animate-float&quot;
          /&gt;
          &lt;div
            class=&quot;absolute bottom-1/4 right-1/4 w-80 h-80 bg-emerald-500/20 rounded-full blur-3xl animate-float&quot;
            style=&quot;animation-delay: 2s;&quot;
          /&gt;
          &lt;div
            class=&quot;absolute inset-0 opacity-[0.02]&quot;
            style=&quot;background-size: 60px 60px;&quot;
          /&gt;
        &lt;/div&gt;
        &lt;div
          class=&quot;relative container-wide py-20 lg:py-32 w-full&quot;
        &gt;
          &lt;div
            class=&quot;max-w-4xl mx-auto text-center&quot;
          &gt;
            &lt;div
              class=&quot;inline-flex items-center gap-2 px-4 py-2 rounded-full bg-white/10 backdrop-blur-sm border border-white/20 text-white/90 mb-8&quot;
            &gt;
              &lt;svg
                aria-hidden=&quot;true&quot;
                class=&quot;lucide lucide-layers w-4 h-4&quot;
                fill=&quot;none&quot;
                height=&quot;24&quot;
                stroke=&quot;currentColor&quot;
                stroke-linecap=&quot;round&quot;
                stroke-linejoin=&quot;round&quot;
                stroke-width=&quot;2&quot;
                viewBox=&quot;0 0 24 24&quot;
                width=&quot;24&quot;
                xmlns=&quot;http://www.w3.org/2000/svg&quot;
              &gt;
                &lt;path
                  d=&quot;M12.83 2.18a2 2 0 0 0-1.66 0L2.6 6.08a1 1 0 0 0 0 1.83l8.58 3.91a2 2 0 0 0 1.66 0l8.58-3.9a1 1 0 0 0 0-1.83z&quot;
                /&gt;
                &lt;path
                  d=&quot;M2 12a1 1 0 0 0 .58.91l8.6 3.91a2 2 0 0 0 1.65 0l8.58-3.9A1 1 0 0 0 22 12&quot;
                /&gt;
                &lt;path
                  d=&quot;M2 17a1 1 0 0 0 .58.91l8.6 3.91a2 2 0 0 0 1.65 0l8.58-3.9A1 1 0 0 0 22 17&quot;
                /&gt;
              &lt;/svg&gt;
              &lt;span
                class=&quot;text-sm font-medium&quot;
              &gt;
                Solutions IT completes
              &lt;/span&gt;
            &lt;/div&gt;
            &lt;h1
              class=&quot;text-4xl md:text-5xl lg:text-6xl font-bold text-white mb-6&quot;
            &gt;
              Nos
              &lt;span
                class=&quot;block bg-gradient-to-r from-emerald-400 to-blue-400 bg-clip-text text-transparent mt-2&quot;
              &gt;
                Services
              &lt;/span&gt;
            &lt;/h1&gt;
            &lt;p
              class=&quot;text-lg lg:text-xl text-white/70 mb-10 max-w-3xl mx-auto leading-relaxed&quot;
            &gt;
              Decouvrez notre gamme complete de services informatiques, telecom et securite. Des solutions sur mesure pour accompagner la transformation digitale de votre entreprise.
            &lt;/p&gt;
            &lt;div
              class=&quot;flex flex-col sm:flex-row gap-4 justify-center&quot;
            &gt;
              &lt;a
                href=&quot;/contact&quot;
              &gt;
                &lt;button
                  class=&quot;group flex items-center justify-center gap-3 px-8 py-4 bg-gradient-to-r from-emerald-500 to-emerald-600 text-white font-bold rounded-2xl transition-all duration-300 hover:shadow-[0_0_40px_rgba(16,185,129,0.4)] hover:-translate-y-1&quot;
                &gt;
                  &lt;span&gt;
                    Demander un devis
                  &lt;/span&gt;
                  &lt;svg
                    aria-hidden=&quot;true&quot;
                    class=&quot;lucide lucide-arrow-right w-5 h-5 group-hover:translate-x-1 transition-transform&quot;
                    fill=&quot;none&quot;
                    height=&quot;24&quot;
                    stroke=&quot;currentColor&quot;
                    stroke-linecap=&quot;round&quot;
                    stroke-linejoin=&quot;round&quot;
                    stroke-width=&quot;2&quot;
                    viewBox=&quot;0 0 24 24&quot;
                    width=&quot;24&quot;
                    xmlns=&quot;http://www.w3.org/2000/svg&quot;
                  &gt;
                    &lt;path
                      d=&quot;M5 12h14&quot;
                    /&gt;
                    &lt;path
                      d=&quot;m12 5 7 7-7 7&quot;
                    /&gt;
                  &lt;/svg&gt;
                &lt;/button&gt;
              &lt;/a&gt;
              &lt;a
                href=&quot;tel:0450640233&quot;
              &gt;
                &lt;button
                  class=&quot;group flex items-center justify-center gap-3 px-8 py-4 bg-white/10 backdrop-blur-sm border border-white/20 text-white font-bold rounded-2xl transition-all duration-300 hover:bg-white/20 hover:-translate-y-1&quot;
                &gt;
                  &lt;svg
                    aria-hidden=&quot;true&quot;
                    class=&quot;lucide lucide-phone w-5 h-5&quot;
                    fill=&quot;none&quot;
                    height=&quot;24&quot;
                    stroke=&quot;currentColor&quot;
                    stroke-linecap=&quot;round&quot;
                    stroke-linejoin=&quot;round&quot;
                    stroke-width=&quot;2&quot;
                    viewBox=&quot;0 0 24 24&quot;
                    width=&quot;24&quot;
                    xmlns=&quot;http://www.w3.org/2000/svg&quot;
                  &gt;
                    &lt;path
                      d=&quot;M13.832 16.568a1 1 0 0 0 1.213-...
    at Object.getElementError (C:\Users\j.serafini\Desktop\Jordan\Code\WebSolutionLogique\Web_NextJS\node_modules\@testing-library\dom\dist\config.js:37:19)
    at C:\Users\j.serafini\Desktop\Jordan\Code\WebSolutionLogique\Web_NextJS\node_modules\@testing-library\dom\dist\query-helpers.js:76:38
    at C:\Users\j.serafini\Desktop\Jordan\Code\WebSolutionLogique\Web_NextJS\node_modules\@testing-library\dom\dist\query-helpers.js:52:17
    at C:\Users\j.serafini\Desktop\Jordan\Code\WebSolutionLogique\Web_NextJS\node_modules\@testing-library\dom\dist\query-helpers.js:95:19
    at Object.getByText (C:\Users\j.serafini\Desktop\Jordan\Code\WebSolutionLogique\Web_NextJS\app\nosServices\__tests__\page.test.tsx:83:21)
    at Promise.then.completed (C:\Users\j.serafini\Desktop\Jordan\Code\WebSolutionLogique\Web_NextJS\node_modules\jest-circus\build\utils.js:298:28)
    at new Promise (&lt;anonymous&gt;)
    at callAsyncCircusFn (C:\Users\j.serafini\Desktop\Jordan\Code\WebSolutionLogique\Web_NextJS\node_modules\jest-circus\build\utils.js:231:10)
    at _callCircusTest (C:\Users\j.serafini\Desktop\Jordan\Code\WebSolutionLogique\Web_NextJS\node_modules\jest-circus\build\run.js:316:40)
    at processTicksAndRejections (node:internal/process/task_queues:103:5)
    at _runTest (C:\Users\j.serafini\Desktop\Jordan\Code\WebSolutionLogique\Web_NextJS\node_modules\jest-circus\build\run.js:252:3)
    at _runTestsForDescribeBlock (C:\Users\j.serafini\Desktop\Jordan\Code\WebSolutionLogique\Web_NextJS\node_modules\jest-circus\build\run.js:126:9)
    at _runTestsForDescribeBlock (C:\Users\j.serafini\Desktop\Jordan\Code\WebSolutionLogique\Web_NextJS\node_modules\jest-circus\build\run.js:121:9)
    at _runTestsForDescribeBlock (C:\Users\j.serafini\Desktop\Jordan\Code\WebSolutionLogique\Web_NextJS\node_modules\jest-circus\build\run.js:121:9)
    at run (C:\Users\j.serafini\Desktop\Jordan\Code\WebSolutionLogique\Web_NextJS\node_modules\jest-circus\build\run.js:71:3)
    at runAndTransformResultsToJestFormat (C:\Users\j.serafini\Desktop\Jordan\Code\WebSolutionLogique\Web_NextJS\node_modules\jest-circus\build\legacy-code-todo-rewrite\jestAdapterInit.js:122:21)
    at jestAdapter (C:\Users\j.serafini\Desktop\Jordan\Code\WebSolutionLogique\Web_NextJS\node_modules\jest-circus\build\legacy-code-todo-rewrite\jestAdapter.js:79:19)
    at runTestInternal (C:\Users\j.serafini\Desktop\Jordan\Code\WebSolutionLogique\Web_NextJS\node_modules\jest-runner\build\runTest.js:367:16)
    at runTest (C:\Users\j.serafini\Desktop\Jordan\Code\WebSolutionLogique\Web_NextJS\node_modules\jest-runner\build\runTest.js:444:34)
    at Object.worker (C:\Users\j.serafini\Desktop\Jordan\Code\WebSolutionLogique\Web_NextJS\node_modules\jest-runner\build\testWorker.js:106:12)</failure>
    </testcase>
    <testcase classname="NosServices Component Liste des services devrait afficher les détails de chaque service au hover" name="NosServices Component Liste des services devrait afficher les détails de chaque service au hover" time="0.017">
      <failure>TestingLibraryElementError: Unable to find an element with the text: /Matériel Informatique/. This could be because the text is broken up by multiple elements. In this case, you can provide a function for your text matcher to make your matcher more flexible.

Ignored nodes: comments, script, style
&lt;body&gt;
  &lt;div
    id=&quot;root&quot;
  /&gt;
  &lt;div&gt;
    &lt;main
      class=&quot;overflow-hidden&quot;
    &gt;
      &lt;section
        class=&quot;relative min-h-[60vh] lg:min-h-[70vh] overflow-hidden flex items-center&quot;
      &gt;
        &lt;div
          class=&quot;absolute inset-0 overflow-hidden&quot;
        &gt;
          &lt;div
            class=&quot;absolute top-1/4 left-1/4 w-96 h-96 bg-blue-500/20 rounded-full blur-3xl animate-float&quot;
          /&gt;
          &lt;div
            class=&quot;absolute bottom-1/4 right-1/4 w-80 h-80 bg-emerald-500/20 rounded-full blur-3xl animate-float&quot;
            style=&quot;animation-delay: 2s;&quot;
          /&gt;
          &lt;div
            class=&quot;absolute inset-0 opacity-[0.02]&quot;
            style=&quot;background-size: 60px 60px;&quot;
          /&gt;
        &lt;/div&gt;
        &lt;div
          class=&quot;relative container-wide py-20 lg:py-32 w-full&quot;
        &gt;
          &lt;div
            class=&quot;max-w-4xl mx-auto text-center&quot;
          &gt;
            &lt;div
              class=&quot;inline-flex items-center gap-2 px-4 py-2 rounded-full bg-white/10 backdrop-blur-sm border border-white/20 text-white/90 mb-8&quot;
            &gt;
              &lt;svg
                aria-hidden=&quot;true&quot;
                class=&quot;lucide lucide-layers w-4 h-4&quot;
                fill=&quot;none&quot;
                height=&quot;24&quot;
                stroke=&quot;currentColor&quot;
                stroke-linecap=&quot;round&quot;
                stroke-linejoin=&quot;round&quot;
                stroke-width=&quot;2&quot;
                viewBox=&quot;0 0 24 24&quot;
                width=&quot;24&quot;
                xmlns=&quot;http://www.w3.org/2000/svg&quot;
              &gt;
                &lt;path
                  d=&quot;M12.83 2.18a2 2 0 0 0-1.66 0L2.6 6.08a1 1 0 0 0 0 1.83l8.58 3.91a2 2 0 0 0 1.66 0l8.58-3.9a1 1 0 0 0 0-1.83z&quot;
                /&gt;
                &lt;path
                  d=&quot;M2 12a1 1 0 0 0 .58.91l8.6 3.91a2 2 0 0 0 1.65 0l8.58-3.9A1 1 0 0 0 22 12&quot;
                /&gt;
                &lt;path
                  d=&quot;M2 17a1 1 0 0 0 .58.91l8.6 3.91a2 2 0 0 0 1.65 0l8.58-3.9A1 1 0 0 0 22 17&quot;
                /&gt;
              &lt;/svg&gt;
              &lt;span
                class=&quot;text-sm font-medium&quot;
              &gt;
                Solutions IT completes
              &lt;/span&gt;
            &lt;/div&gt;
            &lt;h1
              class=&quot;text-4xl md:text-5xl lg:text-6xl font-bold text-white mb-6&quot;
            &gt;
              Nos
              &lt;span
                class=&quot;block bg-gradient-to-r from-emerald-400 to-blue-400 bg-clip-text text-transparent mt-2&quot;
              &gt;
                Services
              &lt;/span&gt;
            &lt;/h1&gt;
            &lt;p
              class=&quot;text-lg lg:text-xl text-white/70 mb-10 max-w-3xl mx-auto leading-relaxed&quot;
            &gt;
              Decouvrez notre gamme complete de services informatiques, telecom et securite. Des solutions sur mesure pour accompagner la transformation digitale de votre entreprise.
            &lt;/p&gt;
            &lt;div
              class=&quot;flex flex-col sm:flex-row gap-4 justify-center&quot;
            &gt;
              &lt;a
                href=&quot;/contact&quot;
              &gt;
                &lt;button
                  class=&quot;group flex items-center justify-center gap-3 px-8 py-4 bg-gradient-to-r from-emerald-500 to-emerald-600 text-white font-bold rounded-2xl transition-all duration-300 hover:shadow-[0_0_40px_rgba(16,185,129,0.4)] hover:-translate-y-1&quot;
                &gt;
                  &lt;span&gt;
                    Demander un devis
                  &lt;/span&gt;
                  &lt;svg
                    aria-hidden=&quot;true&quot;
                    class=&quot;lucide lucide-arrow-right w-5 h-5 group-hover:translate-x-1 transition-transform&quot;
                    fill=&quot;none&quot;
                    height=&quot;24&quot;
                    stroke=&quot;currentColor&quot;
                    stroke-linecap=&quot;round&quot;
                    stroke-linejoin=&quot;round&quot;
                    stroke-width=&quot;2&quot;
                    viewBox=&quot;0 0 24 24&quot;
                    width=&quot;24&quot;
                    xmlns=&quot;http://www.w3.org/2000/svg&quot;
                  &gt;
                    &lt;path
                      d=&quot;M5 12h14&quot;
                    /&gt;
                    &lt;path
                      d=&quot;m12 5 7 7-7 7&quot;
                    /&gt;
                  &lt;/svg&gt;
                &lt;/button&gt;
              &lt;/a&gt;
              &lt;a
                href=&quot;tel:0450640233&quot;
              &gt;
                &lt;button
                  class=&quot;group flex items-center justify-center gap-3 px-8 py-4 bg-white/10 backdrop-blur-sm border border-white/20 text-white font-bold rounded-2xl transition-all duration-300 hover:bg-white/20 hover:-translate-y-1&quot;
                &gt;
                  &lt;svg
                    aria-hidden=&quot;true&quot;
                    class=&quot;lucide lucide-phone w-5 h-5&quot;
                    fill=&quot;none&quot;
                    height=&quot;24&quot;
                    stroke=&quot;currentColor&quot;
                    stroke-linecap=&quot;round&quot;
                    stroke-linejoin=&quot;round&quot;
                    stroke-width=&quot;2&quot;
                    viewBox=&quot;0 0 24 24&quot;
                    width=&quot;24&quot;
                    xmlns=&quot;http://www.w3.org/2000/svg&quot;
                  &gt;
                    &lt;path
                      d=&quot;M13.832 16.568a1 1 0 0 0 1.213-...
    at Object.getElementError (C:\Users\j.serafini\Desktop\Jordan\Code\WebSolutionLogique\Web_NextJS\node_modules\@testing-library\dom\dist\config.js:37:19)
    at C:\Users\j.serafini\Desktop\Jordan\Code\WebSolutionLogique\Web_NextJS\node_modules\@testing-library\dom\dist\query-helpers.js:76:38
    at C:\Users\j.serafini\Desktop\Jordan\Code\WebSolutionLogique\Web_NextJS\node_modules\@testing-library\dom\dist\query-helpers.js:52:17
    at C:\Users\j.serafini\Desktop\Jordan\Code\WebSolutionLogique\Web_NextJS\node_modules\@testing-library\dom\dist\query-helpers.js:95:19
    at Object.getByText (C:\Users\j.serafini\Desktop\Jordan\Code\WebSolutionLogique\Web_NextJS\app\nosServices\__tests__\page.test.tsx:90:21)
    at Promise.then.completed (C:\Users\j.serafini\Desktop\Jordan\Code\WebSolutionLogique\Web_NextJS\node_modules\jest-circus\build\utils.js:298:28)
    at new Promise (&lt;anonymous&gt;)
    at callAsyncCircusFn (C:\Users\j.serafini\Desktop\Jordan\Code\WebSolutionLogique\Web_NextJS\node_modules\jest-circus\build\utils.js:231:10)
    at _callCircusTest (C:\Users\j.serafini\Desktop\Jordan\Code\WebSolutionLogique\Web_NextJS\node_modules\jest-circus\build\run.js:316:40)
    at processTicksAndRejections (node:internal/process/task_queues:103:5)
    at _runTest (C:\Users\j.serafini\Desktop\Jordan\Code\WebSolutionLogique\Web_NextJS\node_modules\jest-circus\build\run.js:252:3)
    at _runTestsForDescribeBlock (C:\Users\j.serafini\Desktop\Jordan\Code\WebSolutionLogique\Web_NextJS\node_modules\jest-circus\build\run.js:126:9)
    at _runTestsForDescribeBlock (C:\Users\j.serafini\Desktop\Jordan\Code\WebSolutionLogique\Web_NextJS\node_modules\jest-circus\build\run.js:121:9)
    at _runTestsForDescribeBlock (C:\Users\j.serafini\Desktop\Jordan\Code\WebSolutionLogique\Web_NextJS\node_modules\jest-circus\build\run.js:121:9)
    at run (C:\Users\j.serafini\Desktop\Jordan\Code\WebSolutionLogique\Web_NextJS\node_modules\jest-circus\build\run.js:71:3)
    at runAndTransformResultsToJestFormat (C:\Users\j.serafini\Desktop\Jordan\Code\WebSolutionLogique\Web_NextJS\node_modules\jest-circus\build\legacy-code-todo-rewrite\jestAdapterInit.js:122:21)
    at jestAdapter (C:\Users\j.serafini\Desktop\Jordan\Code\WebSolutionLogique\Web_NextJS\node_modules\jest-circus\build\legacy-code-todo-rewrite\jestAdapter.js:79:19)
    at runTestInternal (C:\Users\j.serafini\Desktop\Jordan\Code\WebSolutionLogique\Web_NextJS\node_modules\jest-runner\build\runTest.js:367:16)
    at runTest (C:\Users\j.serafini\Desktop\Jordan\Code\WebSolutionLogique\Web_NextJS\node_modules\jest-runner\build\runTest.js:444:34)
    at Object.worker (C:\Users\j.serafini\Desktop\Jordan\Code\WebSolutionLogique\Web_NextJS\node_modules\jest-runner\build\testWorker.js:106:12)</failure>
    </testcase>
    <testcase classname="NosServices Component Liste des services devrait inclure les services principaux de l&apos;entreprise" name="NosServices Component Liste des services devrait inclure les services principaux de l&apos;entreprise" time="0.016">
      <failure>TestingLibraryElementError: Unable to find an element with the text: Télécom. This could be because the text is broken up by multiple elements. In this case, you can provide a function for your text matcher to make your matcher more flexible.

Ignored nodes: comments, script, style
&lt;body&gt;
  &lt;div
    id=&quot;root&quot;
  /&gt;
  &lt;div&gt;
    &lt;main
      class=&quot;overflow-hidden&quot;
    &gt;
      &lt;section
        class=&quot;relative min-h-[60vh] lg:min-h-[70vh] overflow-hidden flex items-center&quot;
      &gt;
        &lt;div
          class=&quot;absolute inset-0 overflow-hidden&quot;
        &gt;
          &lt;div
            class=&quot;absolute top-1/4 left-1/4 w-96 h-96 bg-blue-500/20 rounded-full blur-3xl animate-float&quot;
          /&gt;
          &lt;div
            class=&quot;absolute bottom-1/4 right-1/4 w-80 h-80 bg-emerald-500/20 rounded-full blur-3xl animate-float&quot;
            style=&quot;animation-delay: 2s;&quot;
          /&gt;
          &lt;div
            class=&quot;absolute inset-0 opacity-[0.02]&quot;
            style=&quot;background-size: 60px 60px;&quot;
          /&gt;
        &lt;/div&gt;
        &lt;div
          class=&quot;relative container-wide py-20 lg:py-32 w-full&quot;
        &gt;
          &lt;div
            class=&quot;max-w-4xl mx-auto text-center&quot;
          &gt;
            &lt;div
              class=&quot;inline-flex items-center gap-2 px-4 py-2 rounded-full bg-white/10 backdrop-blur-sm border border-white/20 text-white/90 mb-8&quot;
            &gt;
              &lt;svg
                aria-hidden=&quot;true&quot;
                class=&quot;lucide lucide-layers w-4 h-4&quot;
                fill=&quot;none&quot;
                height=&quot;24&quot;
                stroke=&quot;currentColor&quot;
                stroke-linecap=&quot;round&quot;
                stroke-linejoin=&quot;round&quot;
                stroke-width=&quot;2&quot;
                viewBox=&quot;0 0 24 24&quot;
                width=&quot;24&quot;
                xmlns=&quot;http://www.w3.org/2000/svg&quot;
              &gt;
                &lt;path
                  d=&quot;M12.83 2.18a2 2 0 0 0-1.66 0L2.6 6.08a1 1 0 0 0 0 1.83l8.58 3.91a2 2 0 0 0 1.66 0l8.58-3.9a1 1 0 0 0 0-1.83z&quot;
                /&gt;
                &lt;path
                  d=&quot;M2 12a1 1 0 0 0 .58.91l8.6 3.91a2 2 0 0 0 1.65 0l8.58-3.9A1 1 0 0 0 22 12&quot;
                /&gt;
                &lt;path
                  d=&quot;M2 17a1 1 0 0 0 .58.91l8.6 3.91a2 2 0 0 0 1.65 0l8.58-3.9A1 1 0 0 0 22 17&quot;
                /&gt;
              &lt;/svg&gt;
              &lt;span
                class=&quot;text-sm font-medium&quot;
              &gt;
                Solutions IT completes
              &lt;/span&gt;
            &lt;/div&gt;
            &lt;h1
              class=&quot;text-4xl md:text-5xl lg:text-6xl font-bold text-white mb-6&quot;
            &gt;
              Nos
              &lt;span
                class=&quot;block bg-gradient-to-r from-emerald-400 to-blue-400 bg-clip-text text-transparent mt-2&quot;
              &gt;
                Services
              &lt;/span&gt;
            &lt;/h1&gt;
            &lt;p
              class=&quot;text-lg lg:text-xl text-white/70 mb-10 max-w-3xl mx-auto leading-relaxed&quot;
            &gt;
              Decouvrez notre gamme complete de services informatiques, telecom et securite. Des solutions sur mesure pour accompagner la transformation digitale de votre entreprise.
            &lt;/p&gt;
            &lt;div
              class=&quot;flex flex-col sm:flex-row gap-4 justify-center&quot;
            &gt;
              &lt;a
                href=&quot;/contact&quot;
              &gt;
                &lt;button
                  class=&quot;group flex items-center justify-center gap-3 px-8 py-4 bg-gradient-to-r from-emerald-500 to-emerald-600 text-white font-bold rounded-2xl transition-all duration-300 hover:shadow-[0_0_40px_rgba(16,185,129,0.4)] hover:-translate-y-1&quot;
                &gt;
                  &lt;span&gt;
                    Demander un devis
                  &lt;/span&gt;
                  &lt;svg
                    aria-hidden=&quot;true&quot;
                    class=&quot;lucide lucide-arrow-right w-5 h-5 group-hover:translate-x-1 transition-transform&quot;
                    fill=&quot;none&quot;
                    height=&quot;24&quot;
                    stroke=&quot;currentColor&quot;
                    stroke-linecap=&quot;round&quot;
                    stroke-linejoin=&quot;round&quot;
                    stroke-width=&quot;2&quot;
                    viewBox=&quot;0 0 24 24&quot;
                    width=&quot;24&quot;
                    xmlns=&quot;http://www.w3.org/2000/svg&quot;
                  &gt;
                    &lt;path
                      d=&quot;M5 12h14&quot;
                    /&gt;
                    &lt;path
                      d=&quot;m12 5 7 7-7 7&quot;
                    /&gt;
                  &lt;/svg&gt;
                &lt;/button&gt;
              &lt;/a&gt;
              &lt;a
                href=&quot;tel:0450640233&quot;
              &gt;
                &lt;button
                  class=&quot;group flex items-center justify-center gap-3 px-8 py-4 bg-white/10 backdrop-blur-sm border border-white/20 text-white font-bold rounded-2xl transition-all duration-300 hover:bg-white/20 hover:-translate-y-1&quot;
                &gt;
                  &lt;svg
                    aria-hidden=&quot;true&quot;
                    class=&quot;lucide lucide-phone w-5 h-5&quot;
                    fill=&quot;none&quot;
                    height=&quot;24&quot;
                    stroke=&quot;currentColor&quot;
                    stroke-linecap=&quot;round&quot;
                    stroke-linejoin=&quot;round&quot;
                    stroke-width=&quot;2&quot;
                    viewBox=&quot;0 0 24 24&quot;
                    width=&quot;24&quot;
                    xmlns=&quot;http://www.w3.org/2000/svg&quot;
                  &gt;
                    &lt;path
                      d=&quot;M13.832 16.568a1 1 0 0 0 1.213-...
    at Object.getElementError (C:\Users\j.serafini\Desktop\Jordan\Code\WebSolutionLogique\Web_NextJS\node_modules\@testing-library\dom\dist\config.js:37:19)
    at C:\Users\j.serafini\Desktop\Jordan\Code\WebSolutionLogique\Web_NextJS\node_modules\@testing-library\dom\dist\query-helpers.js:76:38
    at C:\Users\j.serafini\Desktop\Jordan\Code\WebSolutionLogique\Web_NextJS\node_modules\@testing-library\dom\dist\query-helpers.js:52:17
    at C:\Users\j.serafini\Desktop\Jordan\Code\WebSolutionLogique\Web_NextJS\node_modules\@testing-library\dom\dist\query-helpers.js:95:19
    at Object.getByText (C:\Users\j.serafini\Desktop\Jordan\Code\WebSolutionLogique\Web_NextJS\app\nosServices\__tests__\page.test.tsx:98:21)
    at Promise.then.completed (C:\Users\j.serafini\Desktop\Jordan\Code\WebSolutionLogique\Web_NextJS\node_modules\jest-circus\build\utils.js:298:28)
    at new Promise (&lt;anonymous&gt;)
    at callAsyncCircusFn (C:\Users\j.serafini\Desktop\Jordan\Code\WebSolutionLogique\Web_NextJS\node_modules\jest-circus\build\utils.js:231:10)
    at _callCircusTest (C:\Users\j.serafini\Desktop\Jordan\Code\WebSolutionLogique\Web_NextJS\node_modules\jest-circus\build\run.js:316:40)
    at processTicksAndRejections (node:internal/process/task_queues:103:5)
    at _runTest (C:\Users\j.serafini\Desktop\Jordan\Code\WebSolutionLogique\Web_NextJS\node_modules\jest-circus\build\run.js:252:3)
    at _runTestsForDescribeBlock (C:\Users\j.serafini\Desktop\Jordan\Code\WebSolutionLogique\Web_NextJS\node_modules\jest-circus\build\run.js:126:9)
    at _runTestsForDescribeBlock (C:\Users\j.serafini\Desktop\Jordan\Code\WebSolutionLogique\Web_NextJS\node_modules\jest-circus\build\run.js:121:9)
    at _runTestsForDescribeBlock (C:\Users\j.serafini\Desktop\Jordan\Code\WebSolutionLogique\Web_NextJS\node_modules\jest-circus\build\run.js:121:9)
    at run (C:\Users\j.serafini\Desktop\Jordan\Code\WebSolutionLogique\Web_NextJS\node_modules\jest-circus\build\run.js:71:3)
    at runAndTransformResultsToJestFormat (C:\Users\j.serafini\Desktop\Jordan\Code\WebSolutionLogique\Web_NextJS\node_modules\jest-circus\build\legacy-code-todo-rewrite\jestAdapterInit.js:122:21)
    at jestAdapter (C:\Users\j.serafini\Desktop\Jordan\Code\WebSolutionLogique\Web_NextJS\node_modules\jest-circus\build\legacy-code-todo-rewrite\jestAdapter.js:79:19)
    at runTestInternal (C:\Users\j.serafini\Desktop\Jordan\Code\WebSolutionLogique\Web_NextJS\node_modules\jest-runner\build\runTest.js:367:16)
    at runTest (C:\Users\j.serafini\Desktop\Jordan\Code\WebSolutionLogique\Web_NextJS\node_modules\jest-runner\build\runTest.js:444:34)
    at Object.worker (C:\Users\j.serafini\Desktop\Jordan\Code\WebSolutionLogique\Web_NextJS\node_modules\jest-runner\build\testWorker.js:106:12)</failure>
    </testcase>
    <testcase classname="NosServices Component Navigation et liens devrait contenir des liens vers les pages de services détaillées" name="NosServices Component Navigation et liens devrait contenir des liens vers les pages de services détaillées" time="0.014">
    </testcase>
    <testcase classname="NosServices Component Navigation et liens les liens internes devraient pointer vers des pages valides" name="NosServices Component Navigation et liens les liens internes devraient pointer vers des pages valides" time="0.01">
    </testcase>
    <testcase classname="NosServices Component Navigation et liens devrait avoir des boutons d&apos;action ou de contact" name="NosServices Component Navigation et liens devrait avoir des boutons d&apos;action ou de contact" time="0.009">
    </testcase>
    <testcase classname="NosServices Component Navigation et liens les cartes devraient être des liens vers les pages de détail" name="NosServices Component Navigation et liens les cartes devraient être des liens vers les pages de détail" time="0.013">
    </testcase>
    <testcase classname="NosServices Component Navigation et liens devrait avoir des liens vers les pages de service" name="NosServices Component Navigation et liens devrait avoir des liens vers les pages de service" time="0.008">
    </testcase>
    <testcase classname="NosServices Component Images et médias devrait contenir des images pour chaque service" name="NosServices Component Images et médias devrait contenir des images pour chaque service" time="0.009">
    </testcase>
    <testcase classname="NosServices Component Images et médias devrait avoir des images de fond pour les cartes" name="NosServices Component Images et médias devrait avoir des images de fond pour les cartes" time="0.009">
    </testcase>
    <testcase classname="NosServices Component Images et médias devrait optimiser les images pour les performances" name="NosServices Component Images et médias devrait optimiser les images pour les performances" time="0.006">
    </testcase>
    <testcase classname="NosServices Component Structure et organisation devrait avoir une structure sémantique appropriée" name="NosServices Component Structure et organisation devrait avoir une structure sémantique appropriée" time="0.009">
    </testcase>
    <testcase classname="NosServices Component Structure et organisation devrait organiser les services en catégories" name="NosServices Component Structure et organisation devrait organiser les services en catégories" time="0.018">
      <failure>TestingLibraryElementError: Unable to find an element with the text: /Hébergement &amp; Cloud/. This could be because the text is broken up by multiple elements. In this case, you can provide a function for your text matcher to make your matcher more flexible.

Ignored nodes: comments, script, style
&lt;body&gt;
  &lt;div
    id=&quot;root&quot;
  /&gt;
  &lt;div&gt;
    &lt;main
      class=&quot;overflow-hidden&quot;
    &gt;
      &lt;section
        class=&quot;relative min-h-[60vh] lg:min-h-[70vh] overflow-hidden flex items-center&quot;
      &gt;
        &lt;div
          class=&quot;absolute inset-0 overflow-hidden&quot;
        &gt;
          &lt;div
            class=&quot;absolute top-1/4 left-1/4 w-96 h-96 bg-blue-500/20 rounded-full blur-3xl animate-float&quot;
          /&gt;
          &lt;div
            class=&quot;absolute bottom-1/4 right-1/4 w-80 h-80 bg-emerald-500/20 rounded-full blur-3xl animate-float&quot;
            style=&quot;animation-delay: 2s;&quot;
          /&gt;
          &lt;div
            class=&quot;absolute inset-0 opacity-[0.02]&quot;
            style=&quot;background-size: 60px 60px;&quot;
          /&gt;
        &lt;/div&gt;
        &lt;div
          class=&quot;relative container-wide py-20 lg:py-32 w-full&quot;
        &gt;
          &lt;div
            class=&quot;max-w-4xl mx-auto text-center&quot;
          &gt;
            &lt;div
              class=&quot;inline-flex items-center gap-2 px-4 py-2 rounded-full bg-white/10 backdrop-blur-sm border border-white/20 text-white/90 mb-8&quot;
            &gt;
              &lt;svg
                aria-hidden=&quot;true&quot;
                class=&quot;lucide lucide-layers w-4 h-4&quot;
                fill=&quot;none&quot;
                height=&quot;24&quot;
                stroke=&quot;currentColor&quot;
                stroke-linecap=&quot;round&quot;
                stroke-linejoin=&quot;round&quot;
                stroke-width=&quot;2&quot;
                viewBox=&quot;0 0 24 24&quot;
                width=&quot;24&quot;
                xmlns=&quot;http://www.w3.org/2000/svg&quot;
              &gt;
                &lt;path
                  d=&quot;M12.83 2.18a2 2 0 0 0-1.66 0L2.6 6.08a1 1 0 0 0 0 1.83l8.58 3.91a2 2 0 0 0 1.66 0l8.58-3.9a1 1 0 0 0 0-1.83z&quot;
                /&gt;
                &lt;path
                  d=&quot;M2 12a1 1 0 0 0 .58.91l8.6 3.91a2 2 0 0 0 1.65 0l8.58-3.9A1 1 0 0 0 22 12&quot;
                /&gt;
                &lt;path
                  d=&quot;M2 17a1 1 0 0 0 .58.91l8.6 3.91a2 2 0 0 0 1.65 0l8.58-3.9A1 1 0 0 0 22 17&quot;
                /&gt;
              &lt;/svg&gt;
              &lt;span
                class=&quot;text-sm font-medium&quot;
              &gt;
                Solutions IT completes
              &lt;/span&gt;
            &lt;/div&gt;
            &lt;h1
              class=&quot;text-4xl md:text-5xl lg:text-6xl font-bold text-white mb-6&quot;
            &gt;
              Nos
              &lt;span
                class=&quot;block bg-gradient-to-r from-emerald-400 to-blue-400 bg-clip-text text-transparent mt-2&quot;
              &gt;
                Services
              &lt;/span&gt;
            &lt;/h1&gt;
            &lt;p
              class=&quot;text-lg lg:text-xl text-white/70 mb-10 max-w-3xl mx-auto leading-relaxed&quot;
            &gt;
              Decouvrez notre gamme complete de services informatiques, telecom et securite. Des solutions sur mesure pour accompagner la transformation digitale de votre entreprise.
            &lt;/p&gt;
            &lt;div
              class=&quot;flex flex-col sm:flex-row gap-4 justify-center&quot;
            &gt;
              &lt;a
                href=&quot;/contact&quot;
              &gt;
                &lt;button
                  class=&quot;group flex items-center justify-center gap-3 px-8 py-4 bg-gradient-to-r from-emerald-500 to-emerald-600 text-white font-bold rounded-2xl transition-all duration-300 hover:shadow-[0_0_40px_rgba(16,185,129,0.4)] hover:-translate-y-1&quot;
                &gt;
                  &lt;span&gt;
                    Demander un devis
                  &lt;/span&gt;
                  &lt;svg
                    aria-hidden=&quot;true&quot;
                    class=&quot;lucide lucide-arrow-right w-5 h-5 group-hover:translate-x-1 transition-transform&quot;
                    fill=&quot;none&quot;
                    height=&quot;24&quot;
                    stroke=&quot;currentColor&quot;
                    stroke-linecap=&quot;round&quot;
                    stroke-linejoin=&quot;round&quot;
                    stroke-width=&quot;2&quot;
                    viewBox=&quot;0 0 24 24&quot;
                    width=&quot;24&quot;
                    xmlns=&quot;http://www.w3.org/2000/svg&quot;
                  &gt;
                    &lt;path
                      d=&quot;M5 12h14&quot;
                    /&gt;
                    &lt;path
                      d=&quot;m12 5 7 7-7 7&quot;
                    /&gt;
                  &lt;/svg&gt;
                &lt;/button&gt;
              &lt;/a&gt;
              &lt;a
                href=&quot;tel:0450640233&quot;
              &gt;
                &lt;button
                  class=&quot;group flex items-center justify-center gap-3 px-8 py-4 bg-white/10 backdrop-blur-sm border border-white/20 text-white font-bold rounded-2xl transition-all duration-300 hover:bg-white/20 hover:-translate-y-1&quot;
                &gt;
                  &lt;svg
                    aria-hidden=&quot;true&quot;
                    class=&quot;lucide lucide-phone w-5 h-5&quot;
                    fill=&quot;none&quot;
                    height=&quot;24&quot;
                    stroke=&quot;currentColor&quot;
                    stroke-linecap=&quot;round&quot;
                    stroke-linejoin=&quot;round&quot;
                    stroke-width=&quot;2&quot;
                    viewBox=&quot;0 0 24 24&quot;
                    width=&quot;24&quot;
                    xmlns=&quot;http://www.w3.org/2000/svg&quot;
                  &gt;
                    &lt;path
                      d=&quot;M13.832 16.568a1 1 0 0 0 1.213-...
    at Object.getElementError (C:\Users\j.serafini\Desktop\Jordan\Code\WebSolutionLogique\Web_NextJS\node_modules\@testing-library\dom\dist\config.js:37:19)
    at C:\Users\j.serafini\Desktop\Jordan\Code\WebSolutionLogique\Web_NextJS\node_modules\@testing-library\dom\dist\query-helpers.js:76:38
    at C:\Users\j.serafini\Desktop\Jordan\Code\WebSolutionLogique\Web_NextJS\node_modules\@testing-library\dom\dist\query-helpers.js:52:17
    at C:\Users\j.serafini\Desktop\Jordan\Code\WebSolutionLogique\Web_NextJS\node_modules\@testing-library\dom\dist\query-helpers.js:95:19
    at Object.getByText (C:\Users\j.serafini\Desktop\Jordan\Code\WebSolutionLogique\Web_NextJS\app\nosServices\__tests__\page.test.tsx:193:21)
    at Promise.then.completed (C:\Users\j.serafini\Desktop\Jordan\Code\WebSolutionLogique\Web_NextJS\node_modules\jest-circus\build\utils.js:298:28)
    at new Promise (&lt;anonymous&gt;)
    at callAsyncCircusFn (C:\Users\j.serafini\Desktop\Jordan\Code\WebSolutionLogique\Web_NextJS\node_modules\jest-circus\build\utils.js:231:10)
    at _callCircusTest (C:\Users\j.serafini\Desktop\Jordan\Code\WebSolutionLogique\Web_NextJS\node_modules\jest-circus\build\run.js:316:40)
    at processTicksAndRejections (node:internal/process/task_queues:103:5)
    at _runTest (C:\Users\j.serafini\Desktop\Jordan\Code\WebSolutionLogique\Web_NextJS\node_modules\jest-circus\build\run.js:252:3)
    at _runTestsForDescribeBlock (C:\Users\j.serafini\Desktop\Jordan\Code\WebSolutionLogique\Web_NextJS\node_modules\jest-circus\build\run.js:126:9)
    at _runTestsForDescribeBlock (C:\Users\j.serafini\Desktop\Jordan\Code\WebSolutionLogique\Web_NextJS\node_modules\jest-circus\build\run.js:121:9)
    at _runTestsForDescribeBlock (C:\Users\j.serafini\Desktop\Jordan\Code\WebSolutionLogique\Web_NextJS\node_modules\jest-circus\build\run.js:121:9)
    at run (C:\Users\j.serafini\Desktop\Jordan\Code\WebSolutionLogique\Web_NextJS\node_modules\jest-circus\build\run.js:71:3)
    at runAndTransformResultsToJestFormat (C:\Users\j.serafini\Desktop\Jordan\Code\WebSolutionLogique\Web_NextJS\node_modules\jest-circus\build\legacy-code-todo-rewrite\jestAdapterInit.js:122:21)
    at jestAdapter (C:\Users\j.serafini\Desktop\Jordan\Code\WebSolutionLogique\Web_NextJS\node_modules\jest-circus\build\legacy-code-todo-rewrite\jestAdapter.js:79:19)
    at runTestInternal (C:\Users\j.serafini\Desktop\Jordan\Code\WebSolutionLogique\Web_NextJS\node_modules\jest-runner\build\runTest.js:367:16)
    at runTest (C:\Users\j.serafini\Desktop\Jordan\Code\WebSolutionLogique\Web_NextJS\node_modules\jest-runner\build\runTest.js:444:34)
    at Object.worker (C:\Users\j.serafini\Desktop\Jordan\Code\WebSolutionLogique\Web_NextJS\node_modules\jest-runner\build\testWorker.js:106:12)</failure>
    </testcase>
    <testcase classname="NosServices Component Structure et organisation devrait avoir une hiérarchie de titres logique" name="NosServices Component Structure et organisation devrait avoir une hiérarchie de titres logique" time="0.008">
    </testcase>
    <testcase classname="NosServices Component Accessibilité tous les éléments interactifs devraient être accessibles au clavier" name="NosServices Component Accessibilité tous les éléments interactifs devraient être accessibles au clavier" time="0.01">
    </testcase>
    <testcase classname="NosServices Component Accessibilité les liens devraient avoir des textes descriptifs" name="NosServices Component Accessibilité les liens devraient avoir des textes descriptifs" time="0.006">
    </testcase>
    <testcase classname="NosServices Component Accessibilité devrait avoir des contrastes de couleur appropriés" name="NosServices Component Accessibilité devrait avoir des contrastes de couleur appropriés" time="0.008">
    </testcase>
    <testcase classname="NosServices Component Accessibilité devrait avoir des liens accessibles" name="NosServices Component Accessibilité devrait avoir des liens accessibles" time="0.009">
    </testcase>
    <testcase classname="NosServices Component Accessibilité devrait avoir des images avec attributs alt" name="NosServices Component Accessibilité devrait avoir des images avec attributs alt" time="0.005">
    </testcase>
    <testcase classname="NosServices Component Responsive design devrait utiliser des classes responsive" name="NosServices Component Responsive design devrait utiliser des classes responsive" time="0.01">
    </testcase>
    <testcase classname="NosServices Component Responsive design devrait adapter la mise en page pour mobile" name="NosServices Component Responsive design devrait adapter la mise en page pour mobile" time="0.009">
    </testcase>
    <testcase classname="NosServices Component Responsive design devrait utiliser un layout grid ou flex" name="NosServices Component Responsive design devrait utiliser un layout grid ou flex" time="0.007">
    </testcase>
    <testcase classname="NosServices Component Contenu et informations devrait fournir des informations détaillées sur chaque service" name="NosServices Component Contenu et informations devrait fournir des informations détaillées sur chaque service" time="0.012">
      <failure>TestingLibraryElementError: Unable to find an element with the text: NOS SERVICES. This could be because the text is broken up by multiple elements. In this case, you can provide a function for your text matcher to make your matcher more flexible.

[...]
    at _runTestsForDescribeBlock (C:\Users\j.serafini\Desktop\Jordan\Code\WebSolutionLogique\Web_NextJS\node_modules\jest-circus\build\run.js:121:9)
    at run (C:\Users\j.serafini\Desktop\Jordan\Code\WebSolutionLogique\Web_NextJS\node_modules\jest-circus\build\run.js:71:3)
    at runAndTransformResultsToJestFormat (C:\Users\j.serafini\Desktop\Jordan\Code\WebSolutionLogique\Web_NextJS\node_modules\jest-circus\build\legacy-code-todo-rewrite\jestAdapterInit.js:122:21)
    at jestAdapter (C:\Users\j.serafini\Desktop\Jordan\Code\WebSolutionLogique\Web_NextJS\node_modules\jest-circus\build\legacy-code-todo-rewrite\jestAdapter.js:79:19)
    at runTestInternal (C:\Users\j.serafini\Desktop\Jordan\Code\WebSolutionLogique\Web_NextJS\node_modules\jest-runner\build\runTest.js:367:16)
    at runTest (C:\Users\j.serafini\Desktop\Jordan\Code\WebSolutionLogique\Web_NextJS\node_modules\jest-runner\build\runTest.js:444:34)
    at Object.worker (C:\Users\j.serafini\Desktop\Jordan\Code\WebSolutionLogique\Web_NextJS\node_modules\jest-runner\build\testWorker.js:106:12)</failure>
    </testcase>
    <testcase classname="NosServices Component Section Télémaintenance devrait avoir des informations de contact" name="NosServices Component Section Télémaintenance devrait avoir des informations de contact" time="0.011">
      <failure>TestingLibraryElementError: Unable to find an element with the text: /Support technique instantané/. This could be because the text is broken up by multiple elements. In this case, you can provide a function for your text matcher to make your matcher more flexible.

Ignored nodes: comments, script, style
&lt;body&gt;
  &lt;div
    id=&quot;root&quot;
  /&gt;
  &lt;div&gt;
    &lt;main
      class=&quot;overflow-hidden&quot;
    &gt;
      &lt;section
        class=&quot;relative min-h-[60vh] lg:min-h-[70vh] overflow-hidden flex items-center&quot;
      &gt;
        &lt;div
          class=&quot;absolute inset-0 overflow-hidden&quot;
        &gt;
          &lt;div
            class=&quot;absolute top-1/4 left-1/4 w-96 h-96 bg-blue-500/20 rounded-full blur-3xl animate-float&quot;
          /&gt;
          &lt;div
            class=&quot;absolute bottom-1/4 right-1/4 w-80 h-80 bg-emerald-500/20 rounded-full blur-3xl animate-float&quot;
            style=&quot;animation-delay: 2s;&quot;
          /&gt;
          &lt;div
            class=&quot;absolute inset-0 opacity-[0.02]&quot;
            style=&quot;background-size: 60px 60px;&quot;
          /&gt;
        &lt;/div&gt;
        &lt;div
          class=&quot;relative container-wide py-20 lg:py-32 w-full&quot;
        &gt;
          &lt;div
            class=&quot;max-w-4xl mx-auto text-center&quot;
          &gt;
            &lt;div
              class=&quot;inline-flex items-center gap-2 px-4 py-2 rounded-full bg-white/10 backdrop-blur-sm border border-white/20 text-white/90 mb-8&quot;
            &gt;
              &lt;svg
                aria-hidden=&quot;true&quot;
                class=&quot;lucide lucide-layers w-4 h-4&quot;
                fill=&quot;none&quot;
                height=&quot;24&quot;
                stroke=&quot;currentColor&quot;
                stroke-linecap=&quot;round&quot;
                stroke-linejoin=&quot;round&quot;
                stroke-width=&quot;2&quot;
                viewBox=&quot;0 0 24 24&quot;
                width=&quot;24&quot;
                xmlns=&quot;http://www.w3.org/2000/svg&quot;
              &gt;
                &lt;path
                  d=&quot;M12.83 2.18a2 2 0 0 0-1.66 0L2.6 6.08a1 1 0 0 0 0 1.83l8.58 3.91a2 2 0 0 0 1.66 0l8.58-3.9a1 1 0 0 0 0-1.83z&quot;
                /&gt;
                &lt;path
                  d=&quot;M2 12a1 1 0 0 0 .58.91l8.6 3.91a2 2 0 0 0 1.65 0l8.58-3.9A1 1 0 0 0 22 12&quot;
                /&gt;
                &lt;path
                  d=&quot;M2 17a1 1 0 0 0 .58.91l8.6 3.91a2 2 0 0 0 1.65 0l8.58-3.9A1 1 0 0 0 22 17&quot;
                /&gt;
              &lt;/svg&gt;
              &lt;span
                class=&quot;text-sm font-medium&quot;
              &gt;
                Solutions IT completes
              &lt;/span&gt;
            &lt;/div&gt;
            &lt;h1
              class=&quot;text-4xl md:text-5xl lg:text-6xl font-bold text-white mb-6&quot;
            &gt;
              Nos
              &lt;span
                class=&quot;block bg-gradient-to-r from-emerald-400 to-blue-400 bg-clip-text text-transparent mt-2&quot;
              &gt;
                Services
              &lt;/span&gt;
            &lt;/h1&gt;
            &lt;p
              class=&quot;text-lg lg:text-xl text-white/70 mb-10 max-w-3xl mx-auto leading-relaxed&quot;
            &gt;
              Decouvrez notre gamme complete de services informatiques, telecom et securite. Des solutions sur mesure pour accompagner la transformation digitale de votre entreprise.
            &lt;/p&gt;
            &lt;div
              class=&quot;flex flex-col sm:flex-row gap-4 justify-center&quot;
            &gt;
              &lt;a
                href=&quot;/contact&quot;
              &gt;
                &lt;button
                  class=&quot;group flex items-center justify-center gap-3 px-8 py-4 bg-gradient-to-r from-emerald-500 to-emerald-600 text-white font-bold rounded-2xl transition-all duration-300 hover:shadow-[0_0_40px_rgba(16,185,129,0.4)] hover:-translate-y-1&quot;
                &gt;
                  &lt;span&gt;
                    Demander un devis
                  &lt;/span&gt;
                  &lt;svg
                    aria-hidden=&quot;true&quot;
                    class=&quot;lucide lucide-arrow-right w-5 h-5 group-hover:translate-x-1 transition-transform&quot;
                    fill=&quot;none&quot;
                    height=&quot;24&quot;
                    stroke=&quot;currentColor&quot;
                    stroke-linecap=&quot;round&quot;
                    stroke-linejoin=&quot;round&quot;
                    stroke-width=&quot;2&quot;
                    viewBox=&quot;0 0 24 24&quot;
                    width=&quot;24&quot;
                    xmlns=&quot;http://www.w3.org/2000/svg&quot;
                  &gt;
                    &lt;path
                      d=&quot;M5 12h14&quot;
                    /&gt;
                    &lt;path
                      d=&quot;m12 5 7 7-7 7&quot;
                    /&gt;
                  &lt;/svg&gt;
                &lt;/button&gt;
              &lt;/a&gt;
              &lt;a
                href=&quot;tel:0450640233&quot;
              &gt;
                &lt;button
                  class=&quot;group flex items-center justify-center gap-3 px-8 py-4 bg-white/10 backdrop-blur-sm border border-white/20 text-white font-bold rounded-2xl transition-all duration-300 hover:bg-white/20 hover:-translate-y-1&quot;
                &gt;
                  &lt;svg
                    aria-hidden=&quot;true&quot;
                    class=&quot;lucide lucide-phone w-5 h-5&quot;
                    fill=&quot;none&quot;
                    height=&quot;24&quot;
                    stroke=&quot;currentColor&quot;
                    stroke-linecap=&quot;round&quot;
                    stroke-linejoin=&quot;round&quot;
                    stroke-width=&quot;2&quot;
                    viewBox=&quot;0 0 24 24&quot;
                    width=&quot;24&quot;
                    xmlns=&quot;http://www.w3.org/2000/svg&quot;
                  &gt;
                    &lt;path
                      d=&quot;M13.832 16.568a1 1 0 0 0 1.213-...
    at Object.getElementError (C:\Users\j.serafini\Desktop\Jordan\Code\WebSolutionLogique\Web_NextJS\node_modules\@testing-library\dom\dist\config.js:37:19)
    at C:\Users\j.serafini\Desktop\Jordan\Code\WebSolutionLogique\Web_NextJS\node_modules\@testing-library\dom\dist\query-helpers.js:76:38
    at C:\Users\j.serafini\Desktop\Jordan\Code\WebSolutionLogique\Web_NextJS\node_modules\@testing-library\dom\dist\query-helpers.js:52:17
    at C:\Users\j.serafini\Desktop\Jordan\Code\WebSolutionLogique\Web_NextJS\node_modules\@testing-library\dom\dist\query-helpers.js:95:19
    at Object.getByText (C:\Users\j.serafini\Desktop\Jordan\Code\WebSolutionLogique\Web_NextJS\app\nosServices\__tests__\page.test.tsx:407:21)
    at Promise.then.completed (C:\Users\j.serafini\Desktop\Jordan\Code\WebSolutionLogique\Web_NextJS\node_modules\jest-circus\build\utils.js:298:28)
    at new Promise (&lt;anonymous&gt;)
    at callAsyncCircusFn (C:\Users\j.serafini\Desktop\Jordan\Code\WebSolutionLogique\Web_NextJS\node_modules\jest-circus\build\utils.js:231:10)
    at _callCircusTest (C:\Users\j.serafini\Desktop\Jordan\Code\WebSolutionLogique\Web_NextJS\node_modules\jest-circus\build\run.js:316:40)
    at processTicksAndRejections (node:internal/process/task_queues:103:5)
    at _runTest (C:\Users\j.serafini\Desktop\Jordan\Code\WebSolutionLogique\Web_NextJS\node_modules\jest-circus\build\run.js:252:3)
    at _runTestsForDescribeBlock (C:\Users\j.serafini\Desktop\Jordan\Code\WebSolutionLogique\Web_NextJS\node_modules\jest-circus\build\run.js:126:9)
    at _runTestsForDescribeBlock (C:\Users\j.serafini\Desktop\Jordan\Code\WebSolutionLogique\Web_NextJS\node_modules\jest-circus\build\run.js:121:9)
    at _runTestsForDescribeBlock (C:\Users\j.serafini\Desktop\Jordan\Code\WebSolutionLogique\Web_NextJS\node_modules\jest-circus\build\run.js:121:9)
    at run (C:\Users\j.serafini\Desktop\Jordan\Code\WebSolutionLogique\Web_NextJS\node_modules\jest-circus\build\run.js:71:3)
    at runAndTransformResultsToJestFormat (C:\Users\j.serafini\Desktop\Jordan\Code\WebSolutionLogique\Web_NextJS\node_modules\jest-circus\build\legacy-code-todo-rewrite\jestAdapterInit.js:122:21)
    at jestAdapter (C:\Users\j.serafini\Desktop\Jordan\Code\WebSolutionLogique\Web_NextJS\node_modules\jest-circus\build\legacy-code-todo-rewrite\jestAdapter.js:79:19)
    at runTestInternal (C:\Users\j.serafini\Desktop\Jordan\Code\WebSolutionLogique\Web_NextJS\node_modules\jest-runner\build\runTest.js:367:16)
    at runTest (C:\Users\j.serafini\Desktop\Jordan\Code\WebSolutionLogique\Web_NextJS\node_modules\jest-runner\build\runTest.js:444:34)
    at Object.worker (C:\Users\j.serafini\Desktop\Jordan\Code\WebSolutionLogique\Web_NextJS\node_modules\jest-runner\build\testWorker.js:106:12)</failure>
    </testcase>
    <testcase classname="NosServices Component Contenu spécifique devrait lister les fonctionnalités détaillées" name="NosServices Component Contenu spécifique devrait lister les fonctionnalités détaillées" time="0.013">
      <failure>TestingLibraryElementError: Unable to find an element with the text: /Sécurité des données/. This could be because the text is broken up by multiple elements. In this case, you can provide a function for your text matcher to make your matcher more flexible.

Ignored nodes: comments, script, style
&lt;body&gt;
  &lt;div
    id=&quot;root&quot;
  /&gt;
  &lt;div&gt;
    &lt;main
      class=&quot;overflow-hidden&quot;
    &gt;
      &lt;section
        class=&quot;relative min-h-[60vh] lg:min-h-[70vh] overflow-hidden flex items-center&quot;
      &gt;
        &lt;div
          class=&quot;absolute inset-0 overflow-hidden&quot;
        &gt;
          &lt;div
            class=&quot;absolute top-1/4 left-1/4 w-96 h-96 bg-blue-500/20 rounded-full blur-3xl animate-float&quot;
          /&gt;
          &lt;div
            class=&quot;absolute bottom-1/4 right-1/4 w-80 h-80 bg-emerald-500/20 rounded-full blur-3xl animate-float&quot;
            style=&quot;animation-delay: 2s;&quot;
          /&gt;
          &lt;div
            class=&quot;absolute inset-0 opacity-[0.02]&quot;
            style=&quot;background-size: 60px 60px;&quot;
          /&gt;
        &lt;/div&gt;
        &lt;div
          class=&quot;relative container-wide py-20 lg:py-32 w-full&quot;
        &gt;
          &lt;div
            class=&quot;max-w-4xl mx-auto text-center&quot;
          &gt;
            &lt;div
              class=&quot;inline-flex items-center gap-2 px-4 py-2 rounded-full bg-white/10 backdrop-blur-sm border border-white/20 text-white/90 mb-8&quot;
            &gt;
              &lt;svg
                aria-hidden=&quot;true&quot;
                class=&quot;lucide lucide-layers w-4 h-4&quot;
                fill=&quot;none&quot;
                height=&quot;24&quot;
                stroke=&quot;currentColor&quot;
                stroke-linecap=&quot;round&quot;
                stroke-linejoin=&quot;round&quot;
                stroke-width=&quot;2&quot;
                viewBox=&quot;0 0 24 24&quot;
                width=&quot;24&quot;
                xmlns=&quot;http://www.w3.org/2000/svg&quot;
              &gt;
                &lt;path
                  d=&quot;M12.83 2.18a2 2 0 0 0-1.66 0L2.6 6.08a1 1 0 0 0 0 1.83l8.58 3.91a2 2 0 0 0 1.66 0l8.58-3.9a1 1 0 0 0 0-1.83z&quot;
                /&gt;
                &lt;path
                  d=&quot;M2 12a1 1 0 0 0 .58.91l8.6 3.91a2 2 0 0 0 1.65 0l8.58-3.9A1 1 0 0 0 22 12&quot;
                /&gt;
                &lt;path
                  d=&quot;M2 17a1 1 0 0 0 .58.91l8.6 3.91a2 2 0 0 0 1.65 0l8.58-3.9A1 1 0 0 0 22 17&quot;
                /&gt;
              &lt;/svg&gt;
              &lt;span
                class=&quot;text-sm font-medium&quot;
              &gt;
                Solutions IT completes
              &lt;/span&gt;
            &lt;/div&gt;
            &lt;h1
              class=&quot;text-4xl md:text-5xl lg:text-6xl font-bold text-white mb-6&quot;
            &gt;
              Nos
              &lt;span
                class=&quot;block bg-gradient-to-r from-emerald-400 to-blue-400 bg-clip-text text-transparent mt-2&quot;
              &gt;
                Services
              &lt;/span&gt;
            &lt;/h1&gt;
            &lt;p
              class=&quot;text-lg lg:text-xl text-white/70 mb-10 max-w-3xl mx-auto leading-relaxed&quot;
            &gt;
              Decouvrez notre gamme complete de services informatiques, telecom et securite. Des solutions sur mesure pour accompagner la transformation digitale de votre entreprise.
            &lt;/p&gt;
            &lt;div
              class=&quot;flex flex-col sm:flex-row gap-4 justify-center&quot;
            &gt;
              &lt;a
                href=&quot;/contact&quot;
              &gt;
                &lt;button
                  class=&quot;group flex items-center justify-center gap-3 px-8 py-4 bg-gradient-to-r from-emerald-500 to-emerald-600 text-white font-bold rounded-2xl transition-all duration-300 hover:shadow-[0_0_40px_rgba(16,185,129,0.4)] hover:-translate-y-1&quot;
                &gt;
                  &lt;span&gt;
                    Demander un devis
                  &lt;/span&gt;
                  &lt;svg
                    aria-hidden=&quot;true&quot;
                    class=&quot;lucide lucide-arrow-right w-5 h-5 group-hover:translate-x-1 transition-transform&quot;
                    fill=&quot;none&quot;
                    height=&quot;24&quot;
                    stroke=&quot;currentColor&quot;
                    stroke-linecap=&quot;round&quot;
                    stroke-linejoin=&quot;round&quot;
                    stroke-width=&quot;2&quot;
                    viewBox=&quot;0 0 24 24&quot;
                    width=&quot;24&quot;
                    xmlns=&quot;http://www.w3.org/2000/svg&quot;
                  &gt;
                    &lt;path
                      d=&quot;M5 12h14&quot;
                    /&gt;
                    &lt;path
                      d=&quot;m12 5 7 7-7 7&quot;
                    /&gt;
                  &lt;/svg&gt;
                &lt;/button&gt;
              &lt;/a&gt;
              &lt;a
                href=&quot;tel:0450640233&quot;
              &gt;
                &lt;button
                  class=&quot;group flex items-center justify-center gap-3 px-8 py-4 bg-white/10 backdrop-blur-sm border border-white/20 text-white font-bold rounded-2xl transition-all duration-300 hover:bg-white/20 hover:-translate-y-1&quot;
                &gt;
                  &lt;svg
                    aria-hidden=&quot;true&quot;
                    class=&quot;lucide lucide-phone w-5 h-5&quot;
                    fill=&quot;none&quot;
                    height=&quot;24&quot;
                    stroke=&quot;currentColor&quot;
                    stroke-linecap=&quot;round&quot;
                    stroke-linejoin=&quot;round&quot;
                    stroke-width=&quot;2&quot;
                    viewBox=&quot;0 0 24 24&quot;
                    width=&quot;24&quot;
                    xmlns=&quot;http://www.w3.org/2000/svg&quot;
                  &gt;
                    &lt;path
                      d=&quot;M13.832 16.568a1 1 0 0 0 1.213-...
    at Object.getElementError (C:\Users\j.serafini\Desktop\Jordan\Code\WebSolutionLogique\Web_NextJS\node_modules\@testing-library\dom\dist\config.js:37:19)
    at C:\Users\j.serafini\Desktop\Jordan\Code\WebSolutionLogique\Web_NextJS\node_modules\@testing-library\dom\dist\query-helpers.js:76:38
    at C:\Users\j.serafini\Desktop\Jordan\Code\WebSolutionLogique\Web_NextJS\node_modules\@testing-library\dom\dist\query-helpers.js:52:17
    at C:\Users\j.serafini\Desktop\Jordan\Code\WebSolutionLogique\Web_NextJS\node_modules\@testing-library\dom\dist\query-helpers.js:95:19
    at Object.getByText (C:\Users\j.serafini\Desktop\Jordan\Code\WebSolutionLogique\Web_NextJS\app\nosServices\__tests__\page.test.tsx:417:21)
    at Promise.then.completed (C:\Users\j.serafini\Desktop\Jordan\Code\WebSolutionLogique\Web_NextJS\node_modules\jest-circus\build\utils.js:298:28)
    at new Promise (&lt;anonymous&gt;)
    at callAsyncCircusFn (C:\Users\j.serafini\Desktop\Jordan\Code\WebSolutionLogique\Web_NextJS\node_modules\jest-circus\build\utils.js:231:10)
    at _callCircusTest (C:\Users\j.serafini\Desktop\Jordan\Code\WebSolutionLogique\Web_NextJS\node_modules\jest-circus\build\run.js:316:40)
    at processTicksAndRejections (node:internal/process/task_queues:103:5)
    at _runTest (C:\Users\j.serafini\Desktop\Jordan\Code\WebSolutionLogique\Web_NextJS\node_modules\jest-circus\build\run.js:252:3)
    at _runTestsForDescribeBlock (C:\Users\j.serafini\Desktop\Jordan\Code\WebSolutionLogique\Web_NextJS\node_modules\jest-circus\build\run.js:126:9)
    at _runTestsForDescribeBlock (C:\Users\j.serafini\Desktop\Jordan\Code\WebSolutionLogique\Web_NextJS\node_modules\jest-circus\build\run.js:121:9)
    at _runTestsForDescribeBlock (C:\Users\j.serafini\Desktop\Jordan\Code\WebSolutionLogique\Web_NextJS\node_modules\jest-circus\build\run.js:121:9)
    at run (C:\Users\j.serafini\Desktop\Jordan\Code\WebSolutionLogique\Web_NextJS\node_modules\jest-circus\build\run.js:71:3)
    at runAndTransformResultsToJestFormat (C:\Users\j.serafini\Desktop\Jordan\Code\WebSolutionLogique\Web_NextJS\node_modules\jest-circus\build\legacy-code-todo-rewrite\jestAdapterInit.js:122:21)
    at jestAdapter (C:\Users\j.serafini\Desktop\Jordan\Code\WebSolutionLogique\Web_NextJS\node_modules\jest-circus\build\legacy-code-todo-rewrite\jestAdapter.js:79:19)
    at runTestInternal (C:\Users\j.serafini\Desktop\Jordan\Code\WebSolutionLogique\Web_NextJS\node_modules\jest-runner\build\runTest.js:367:16)
    at runTest (C:\Users\j.serafini\Desktop\Jordan\Code\WebSolutionLogique\Web_NextJS\node_modules\jest-runner\build\runTest.js:444:34)
    at Object.worker (C:\Users\j.serafini\Desktop\Jordan\Code\WebSolutionLogique\Web_NextJS\node_modules\jest-runner\build\testWorker.js:106:12)</failure>
    </testcase>
    <testcase classname="NosServices Component Contenu spécifique devrait avoir des badges ou indicateurs visuels" name="NosServices Component Contenu spécifique devrait avoir des badges ou indicateurs visuels" time="0.007">
    </testcase>
  </testsuite>
</testsuites>