<?xml version="1.0" encoding="UTF-8"?>
<testsuites name="jest tests" tests="237" failures="41" errors="0" time="4.107">
  <testsuite name="Utils Functions" errors="0" failures="0" skipped="0" timestamp="2026-08-12T08:45:40" time="1.215" tests="17">
    <testcase classname="Utils Functions cn (className merge function) devrait combiner des classes simples" name="Utils Functions cn (className merge function) devrait combiner des classes simples" time="0.009">
    </testcase>
    <testcase classname="Utils Functions cn (className merge function) devrait gérer les valeurs undefined et null" name="Utils Functions cn (className merge function) devrait gérer les valeurs undefined et null" time="0.002">
    </testcase>
    <testcase classname="Utils Functions cn (className merge function) devrait gérer les valeurs booléennes" name="Utils Functions cn (className merge function) devrait gérer les valeurs booléennes" time="0.001">
    </testcase>
    <testcase classname="Utils Functions cn (className merge function) devrait gérer les classes conditionnelles" name="Utils Functions cn (className merge function) devrait gérer les classes conditionnelles" time="0">
    </testcase>
    <testcase classname="Utils Functions cn (className merge function) devrait dédupliquer les classes identiques" name="Utils Functions cn (className merge function) devrait dédupliquer les classes identiques" time="0.001">
    </testcase>
    <testcase classname="Utils Functions cn (className merge function) devrait gérer les objets de classes" name="Utils Functions cn (className merge function) devrait gérer les objets de classes" time="0">
    </testcase>
    <testcase classname="Utils Functions cn (className merge function) devrait gérer les tableaux de classes" name="Utils Functions cn (className merge function) devrait gérer les tableaux de classes" time="0.001">
    </testcase>
    <testcase classname="Utils Functions cn (className merge function) devrait gérer les chaînes vides" name="Utils Functions cn (className merge function) devrait gérer les chaînes vides" time="0.001">
    </testcase>
    <testcase classname="Utils Functions cn (className merge function) devrait gérer Tailwind CSS merge conflicts" name="Utils Functions cn (className merge function) devrait gérer Tailwind CSS merge conflicts" time="0.001">
    </testcase>
    <testcase classname="Utils Functions cn (className merge function) devrait fonctionner sans arguments" name="Utils Functions cn (className merge function) devrait fonctionner sans arguments" time="0">
    </testcase>
    <testcase classname="Utils Functions cn (className merge function) devrait gérer les espaces multiples" name="Utils Functions cn (className merge function) devrait gérer les espaces multiples" time="0.001">
    </testcase>
    <testcase classname="Utils Functions Edge cases devrait gérer les valeurs numériques" name="Utils Functions Edge cases devrait gérer les valeurs numériques" time="0.001">
    </testcase>
    <testcase classname="Utils Functions Edge cases devrait gérer les nested objects" name="Utils Functions Edge cases devrait gérer les nested objects" time="0">
    </testcase>
    <testcase classname="Utils Functions Edge cases devrait gérer les expressions complexes" name="Utils Functions Edge cases devrait gérer les expressions complexes" time="0.001">
    </testcase>
    <testcase classname="Utils Functions Performance et cas d&apos;usage réels devrait gérer un grand nombre de classes" name="Utils Functions Performance et cas d&apos;usage réels devrait gérer un grand nombre de classes" time="0.001">
    </testcase>
    <testcase classname="Utils Functions Performance et cas d&apos;usage réels devrait gérer les classes Tailwind typiques" name="Utils Functions Performance et cas d&apos;usage réels devrait gérer les classes Tailwind typiques" time="0.001">
    </testcase>
    <testcase classname="Utils Functions Performance et cas d&apos;usage réels devrait être utilisable dans un composant React pattern" name="Utils Functions Performance et cas d&apos;usage réels devrait être utilisable dans un composant React pattern" time="0.001">
    </testcase>
  </testsuite>
  <testsuite name="Contact API Route" errors="0" failures="12" skipped="0" timestamp="2026-08-12T08:45:40" time="1.27" tests="13">
    <testcase classname="Contact API Route Validation des données devrait retourner 400 pour des champs manquants" name="Contact API Route Validation des données devrait retourner 400 pour des champs manquants" time="0.011">
      <failure>Error: expect(received).toBe(expected) // Object.is equality

Expected: &quot;Nom, email et message sont requis.&quot;
Received: &quot;Données invalides: Adresse email invalide, Le message doit contenir au moins 10 caractères&quot;
    at Object.toBe (C:\Users\j.serafini\Desktop\Jordan\Code\WebSolutionLogique\Web_NextJS\app\api\contact\__tests__\route.test.ts:43:28)
    at processTicksAndRejections (node:internal/process/task_queues:103:5)</failure>
    </testcase>
    <testcase classname="Contact API Route Validation des données devrait retourner 400 pour un email invalide" name="Contact API Route Validation des données devrait retourner 400 pour un email invalide" time="0.002">
      <failure>Error: expect(received).toBe(expected) // Object.is equality

Expected: &quot;Adresse email invalide.&quot;
Received: &quot;Données invalides: Adresse email invalide&quot;
    at Object.toBe (C:\Users\j.serafini\Desktop\Jordan\Code\WebSolutionLogique\Web_NextJS\app\api\contact\__tests__\route.test.ts:60:28)
    at processTicksAndRejections (node:internal/process/task_queues:103:5)</failure>
    </testcase>
    <testcase classname="Contact API Route Validation des données devrait accepter un email valide" name="Contact API Route Validation des données devrait accepter un email valide" time="0.002">
    </testcase>
    <testcase classname="Contact API Route Validation des données devrait accepter des emails avec différents formats" name="Contact API Route Validation des données devrait accepter des emails avec différents formats" time="0.001">
      <failure>Error: expect(received).toBe(expected) // Object.is equality

Expected: 200
Received: 429
    at Object.toBe (C:\Users\j.serafini\Desktop\Jordan\Code\WebSolutionLogique\Web_NextJS\app\api\contact\__tests__\route.test.ts:106:33)
    at processTicksAndRejections (node:internal/process/task_queues:103:5)</failure>
    </testcase>
    <testcase classname="Contact API Route Configuration de l&apos;environnement devrait retourner 500 si RESEND_API_KEY n&apos;est pas configurée" name="Contact API Route Configuration de l&apos;environnement devrait retourner 500 si RESEND_API_KEY n&apos;est pas configurée" time="0.001">
      <failure>Error: expect(received).toBe(expected) // Object.is equality

Expected: 500
Received: 429
    at Object.toBe (C:\Users\j.serafini\Desktop\Jordan\Code\WebSolutionLogique\Web_NextJS\app\api\contact\__tests__\route.test.ts:127:31)
    at processTicksAndRejections (node:internal/process/task_queues:103:5)</failure>
    </testcase>
    <testcase classname="Contact API Route Envoi d&apos;email réussi devrait envoyer un email avec les bonnes données" name="Contact API Route Envoi d&apos;email réussi devrait envoyer un email avec les bonnes données" time="0.001">
      <failure>Error: expect(received).toBe(expected) // Object.is equality

Expected: 200
Received: 429
    at Object.toBe (C:\Users\j.serafini\Desktop\Jordan\Code\WebSolutionLogique\Web_NextJS\app\api\contact\__tests__\route.test.ts:154:31)
    at processTicksAndRejections (node:internal/process/task_queues:103:5)</failure>
    </testcase>
    <testcase classname="Contact API Route Envoi d&apos;email réussi devrait envoyer un email sans numéro de téléphone" name="Contact API Route Envoi d&apos;email réussi devrait envoyer un email sans numéro de téléphone" time="0.001">
      <failure>Error: expect(received).toBe(expected) // Object.is equality

Expected: 200
Received: 429
    at Object.toBe (C:\Users\j.serafini\Desktop\Jordan\Code\WebSolutionLogique\Web_NextJS\app\api\contact\__tests__\route.test.ts:184:31)
    at processTicksAndRejections (node:internal/process/task_queues:103:5)</failure>
    </testcase>
    <testcase classname="Contact API Route Gestion des erreurs Resend devrait retourner 500 en cas d&apos;erreur Resend" name="Contact API Route Gestion des erreurs Resend devrait retourner 500 en cas d&apos;erreur Resend" time="0.001">
      <failure>Error: expect(received).toBe(expected) // Object.is equality

Expected: 500
Received: 429
    at Object.toBe (C:\Users\j.serafini\Desktop\Jordan\Code\WebSolutionLogique\Web_NextJS\app\api\contact\__tests__\route.test.ts:217:31)
    at processTicksAndRejections (node:internal/process/task_queues:103:5)</failure>
    </testcase>
    <testcase classname="Contact API Route Gestion des erreurs Resend devrait retourner 500 en cas d&apos;exception non gérée" name="Contact API Route Gestion des erreurs Resend devrait retourner 500 en cas d&apos;exception non gérée" time="0.002">
      <failure>Error: expect(received).toBe(expected) // Object.is equality

Expected: 500
Received: 429
    at Object.toBe (C:\Users\j.serafini\Desktop\Jordan\Code\WebSolutionLogique\Web_NextJS\app\api\contact\__tests__\route.test.ts:236:31)
    at processTicksAndRejections (node:internal/process/task_queues:103:5)</failure>
    </testcase>
    <testcase classname="Contact API Route Données malformées devrait gérer un JSON invalide" name="Contact API Route Données malformées devrait gérer un JSON invalide" time="0.001">
      <failure>Error: expect(received).toBe(expected) // Object.is equality

Expected: 500
Received: 429
    at Object.toBe (C:\Users\j.serafini\Desktop\Jordan\Code\WebSolutionLogique\Web_NextJS\app\api\contact\__tests__\route.test.ts:249:31)
    at processTicksAndRejections (node:internal/process/task_queues:103:5)</failure>
    </testcase>
    <testcase classname="Contact API Route Données malformées devrait gérer des champs avec des espaces uniquement" name="Contact API Route Données malformées devrait gérer des champs avec des espaces uniquement" time="0.001">
      <failure>Error: expect(received).toBe(expected) // Object.is equality

Expected: 400
Received: 429
    at Object.toBe (C:\Users\j.serafini\Desktop\Jordan\Code\WebSolutionLogique\Web_NextJS\app\api\contact\__tests__\route.test.ts:265:31)
    at processTicksAndRejections (node:internal/process/task_queues:103:5)</failure>
    </testcase>
    <testcase classname="Contact API Route Caractères spéciaux et sécurité devrait gérer les caractères spéciaux dans le nom" name="Contact API Route Caractères spéciaux et sécurité devrait gérer les caractères spéciaux dans le nom" time="0.001">
      <failure>Error: expect(received).toBe(expected) // Object.is equality

Expected: 200
Received: 429
    at Object.toBe (C:\Users\j.serafini\Desktop\Jordan\Code\WebSolutionLogique\Web_NextJS\app\api\contact\__tests__\route.test.ts:287:31)
    at processTicksAndRejections (node:internal/process/task_queues:103:5)</failure>
    </testcase>
    <testcase classname="Contact API Route Caractères spéciaux et sécurité devrait gérer les numéros de téléphone avec différents formats" name="Contact API Route Caractères spéciaux et sécurité devrait gérer les numéros de téléphone avec différents formats" time="0.001">
      <failure>Error: expect(received).toBe(expected) // Object.is equality

Expected: 200
Received: 429
    at Object.toBe (C:\Users\j.serafini\Desktop\Jordan\Code\WebSolutionLogique\Web_NextJS\app\api\contact\__tests__\route.test.ts:316:33)
    at processTicksAndRejections (node:internal/process/task_queues:103:5)</failure>
    </testcase>
  </testsuite>
  <testsuite name="ContactEmailTemplate" errors="0" failures="0" skipped="0" timestamp="2026-08-12T08:45:40" time="1.296" tests="13">
    <testcase classname="ContactEmailTemplate devrait se rendre sans crash" name="ContactEmailTemplate devrait se rendre sans crash" time="0.032">
    </testcase>
    <testcase classname="ContactEmailTemplate devrait afficher toutes les informations de contact" name="ContactEmailTemplate devrait afficher toutes les informations de contact" time="0.005">
    </testcase>
    <testcase classname="ContactEmailTemplate devrait fonctionner sans numéro de téléphone" name="ContactEmailTemplate devrait fonctionner sans numéro de téléphone" time="0.005">
    </testcase>
    <testcase classname="ContactEmailTemplate devrait gérer les caractères spéciaux dans le nom" name="ContactEmailTemplate devrait gérer les caractères spéciaux dans le nom" time="0.004">
    </testcase>
    <testcase classname="ContactEmailTemplate devrait gérer les accents dans le message" name="ContactEmailTemplate devrait gérer les accents dans le message" time="0.004">
    </testcase>
    <testcase classname="ContactEmailTemplate devrait gérer les emails avec différents formats" name="ContactEmailTemplate devrait gérer les emails avec différents formats" time="0.009">
    </testcase>
    <testcase classname="ContactEmailTemplate devrait gérer les numéros de téléphone avec différents formats" name="ContactEmailTemplate devrait gérer les numéros de téléphone avec différents formats" time="0.018">
    </testcase>
    <testcase classname="ContactEmailTemplate devrait gérer les messages longs" name="ContactEmailTemplate devrait gérer les messages longs" time="0.003">
    </testcase>
    <testcase classname="ContactEmailTemplate devrait gérer les messages avec des sauts de ligne" name="ContactEmailTemplate devrait gérer les messages avec des sauts de ligne" time="0.003">
    </testcase>
    <testcase classname="ContactEmailTemplate Structure HTML devrait avoir une structure div avec styles pour email" name="ContactEmailTemplate Structure HTML devrait avoir une structure div avec styles pour email" time="0.009">
    </testcase>
    <testcase classname="ContactEmailTemplate Structure HTML devrait avoir des styles inline pour la compatibilité email" name="ContactEmailTemplate Structure HTML devrait avoir des styles inline pour la compatibilité email" time="0.003">
    </testcase>
    <testcase classname="ContactEmailTemplate Valeurs vides ou undefined devrait gérer les propriétés undefined" name="ContactEmailTemplate Valeurs vides ou undefined devrait gérer les propriétés undefined" time="0.002">
    </testcase>
    <testcase classname="ContactEmailTemplate Valeurs vides ou undefined devrait gérer les chaînes vides" name="ContactEmailTemplate Valeurs vides ou undefined devrait gérer les chaînes vides" time="0.002">
    </testcase>
  </testsuite>
  <testsuite name="Callback API Route" errors="0" failures="8" skipped="0" timestamp="2026-08-12T08:45:40" time="1.299" tests="9">
    <testcase classname="Callback API Route Configuration de l&apos;environnement devrait retourner 500 si RESEND_API_KEY n&apos;est pas configurée" name="Callback API Route Configuration de l&apos;environnement devrait retourner 500 si RESEND_API_KEY n&apos;est pas configurée" time="0.008">
    </testcase>
    <testcase classname="Callback API Route Validation du numéro de téléphone devrait retourner 400 pour un numéro manquant" name="Callback API Route Validation du numéro de téléphone devrait retourner 400 pour un numéro manquant" time="0.004">
      <failure>Error: expect(received).toBe(expected) // Object.is equality

Expected: &quot;Le numéro de téléphone est obligatoire.&quot;
Received: &quot;Numéro de téléphone requis&quot;
    at Object.toBe (C:\Users\j.serafini\Desktop\Jordan\Code\WebSolutionLogique\Web_NextJS\app\api\callback\__tests__\route.test.ts:54:28)
    at processTicksAndRejections (node:internal/process/task_queues:103:5)</failure>
    </testcase>
    <testcase classname="Callback API Route Validation du numéro de téléphone devrait retourner 400 pour un numéro vide" name="Callback API Route Validation du numéro de téléphone devrait retourner 400 pour un numéro vide" time="0.004">
      <failure>Error: expect(received).toBe(expected) // Object.is equality

Expected: &quot;Le numéro de téléphone est obligatoire.&quot;
Received: &quot;Numéro de téléphone requis&quot;
    at Object.toBe (C:\Users\j.serafini\Desktop\Jordan\Code\WebSolutionLogique\Web_NextJS\app\api\callback\__tests__\route.test.ts:67:28)
    at processTicksAndRejections (node:internal/process/task_queues:103:5)</failure>
    </testcase>
    <testcase classname="Callback API Route Validation du numéro de téléphone devrait accepter différents formats de numéros français" name="Callback API Route Validation du numéro de téléphone devrait accepter différents formats de numéros français" time="0.025">
      <failure>Error: expect(received).toBe(expected) // Object.is equality

Expected: 200
Received: 429
    at Object.toBe (C:\Users\j.serafini\Desktop\Jordan\Code\WebSolutionLogique\Web_NextJS\app\api\callback\__tests__\route.test.ts:92:33)
    at processTicksAndRejections (node:internal/process/task_queues:103:5)</failure>
    </testcase>
    <testcase classname="Callback API Route Envoi d&apos;email réussi devrait envoyer un email avec les bonnes données" name="Callback API Route Envoi d&apos;email réussi devrait envoyer un email avec les bonnes données" time="0.001">
      <failure>Error: expect(received).toBe(expected) // Object.is equality

Expected: 200
Received: 429
    at Object.toBe (C:\Users\j.serafini\Desktop\Jordan\Code\WebSolutionLogique\Web_NextJS\app\api\callback\__tests__\route.test.ts:113:31)
    at processTicksAndRejections (node:internal/process/task_queues:103:5)</failure>
    </testcase>
    <testcase classname="Callback API Route Envoi d&apos;email réussi devrait inclure le numéro dans le template email" name="Callback API Route Envoi d&apos;email réussi devrait inclure le numéro dans le template email" time="0">
      <failure>Error: expect(received).toBe(expected) // Object.is equality

Expected: 200
Received: 429
    at Object.toBe (C:\Users\j.serafini\Desktop\Jordan\Code\WebSolutionLogique\Web_NextJS\app\api\callback\__tests__\route.test.ts:137:31)
    at processTicksAndRejections (node:internal/process/task_queues:103:5)</failure>
    </testcase>
    <testcase classname="Callback API Route Gestion des erreurs Resend devrait retourner 500 en cas d&apos;erreur Resend" name="Callback API Route Gestion des erreurs Resend devrait retourner 500 en cas d&apos;erreur Resend" time="0">
      <failure>Error: expect(received).toBe(expected) // Object.is equality

Expected: 500
Received: 429
    at Object.toBe (C:\Users\j.serafini\Desktop\Jordan\Code\WebSolutionLogique\Web_NextJS\app\api\callback\__tests__\route.test.ts:166:31)
    at processTicksAndRejections (node:internal/process/task_queues:103:5)</failure>
    </testcase>
    <testcase classname="Callback API Route Gestion des erreurs Resend devrait retourner 500 en cas d&apos;exception non gérée" name="Callback API Route Gestion des erreurs Resend devrait retourner 500 en cas d&apos;exception non gérée" time="0">
      <failure>Error: expect(received).toBe(expected) // Object.is equality

Expected: 500
Received: 429
    at Object.toBe (C:\Users\j.serafini\Desktop\Jordan\Code\WebSolutionLogique\Web_NextJS\app\api\callback\__tests__\route.test.ts:181:31)
    at processTicksAndRejections (node:internal/process/task_queues:103:5)</failure>
    </testcase>
    <testcase classname="Callback API Route Données malformées devrait gérer un JSON invalide" name="Callback API Route Données malformées devrait gérer un JSON invalide" time="0.001">
      <failure>Error: expect(received).toBe(expected) // Object.is equality

Expected: 500
Received: 429
    at Object.toBe (C:\Users\j.serafini\Desktop\Jordan\Code\WebSolutionLogique\Web_NextJS\app\api\callback\__tests__\route.test.ts:194:31)
    at processTicksAndRejections (node:internal/process/task_queues:103:5)</failure>
    </testcase>
  </testsuite>
  <testsuite name="Page Informatique" errors="0" failures="1" skipped="0" timestamp="2026-08-12T08:45:40" time="1.462" tests="8">
    <testcase classname="Page Informatique affiche le titre principal &apos;SOLUTIONS INFORMATIQUES&apos;" name="Page Informatique affiche le titre principal &apos;SOLUTIONS INFORMATIQUES&apos;" time="0.11">
    </testcase>
    <testcase classname="Page Informatique affiche les titres des services" name="Page Informatique affiche les titres des services" time="0.02">
    </testcase>
    <testcase classname="Page Informatique affiche le titre de la section expertise" name="Page Informatique affiche le titre de la section expertise" time="0.014">
    </testcase>
    <testcase classname="Page Informatique affiche les statistiques" name="Page Informatique affiche les statistiques" time="0.024">
      <failure>TestingLibraryElementError: Unable to find an element with the text: 24/7. This could be because the text is broken up by multiple elements. In this case, you can provide a function for your text matcher to make your matcher more flexible.

Ignored nodes: comments, script, style
&lt;body&gt;
  &lt;div
    id=&quot;root&quot;
  /&gt;
  &lt;div&gt;
    &lt;div
      class=&quot;overflow-hidden&quot;
    &gt;
      &lt;section
        class=&quot;border-b border-sand-200 bg-sand-50&quot;
      &gt;
        &lt;div
          class=&quot;mx-auto max-w-container px-gutter py-16 lg:py-24&quot;
        &gt;
          &lt;div
            class=&quot;mx-auto max-w-3xl text-center&quot;
          &gt;
            &lt;span
              class=&quot;mb-6 inline-flex items-center gap-2 rounded-full border border-primary-100 bg-primary-50 px-3.5 py-1.5 text-sm font-semibold text-primary-700&quot;
            &gt;
              &lt;span
                aria-hidden=&quot;true&quot;
                class=&quot;flex items-center [&amp;&gt;svg]:h-4 [&amp;&gt;svg]:w-4&quot;
              &gt;
                &lt;span
                  data-testid=&quot;monitor-icon&quot;
                &gt;
                  Monitor
                &lt;/span&gt;
              &lt;/span&gt;
              Solutions informatiques professionnelles
            &lt;/span&gt;
            &lt;h1
              class=&quot;mb-5 font-display text-h1 font-bold text-sand-900&quot;
            &gt;
              Solutions
               
              &lt;span
                class=&quot;text-primary-600&quot;
              &gt;
                Informatiques
              &lt;/span&gt;
            &lt;/h1&gt;
            &lt;p
              class=&quot;mx-auto mb-8 max-w-2xl text-lg leading-relaxed text-sand-600&quot;
            &gt;
              Transformez votre infrastructure IT avec nos solutions sur mesure. Performance, securite et innovation pour votre entreprise.
            &lt;/p&gt;
            &lt;div
              class=&quot;flex flex-col justify-center gap-3 sm:flex-row&quot;
            &gt;
              &lt;a
                class=&quot;inline-flex items-center justify-center gap-2 font-semibold transition-colors disabled:opacity-50 disabled:cursor-not-allowed bg-primary-600 text-sand-0 hover:bg-primary-700 shadow-sm h-12 px-6 text-base rounded-lg min-h-[48px]&quot;
                href=&quot;/contact&quot;
              &gt;
                Demander un devis
                &lt;span
                  aria-hidden=&quot;true&quot;
                  class=&quot;flex items-center w-5 h-5&quot;
                &gt;
                  &lt;span
                    data-testid=&quot;arrow-right-icon&quot;
                  &gt;
                    ArrowRight
                  &lt;/span&gt;
                &lt;/span&gt;
              &lt;/a&gt;
              &lt;a
                class=&quot;inline-flex items-center justify-center gap-2 font-semibold transition-colors disabled:opacity-50 disabled:cursor-not-allowed bg-sand-0 text-sand-800 border border-sand-300 hover:bg-sand-50 shadow-sm h-12 px-6 text-base rounded-lg min-h-[48px]&quot;
                href=&quot;tel:0450640233&quot;
              &gt;
                &lt;span
                  aria-hidden=&quot;true&quot;
                  class=&quot;flex items-center w-5 h-5&quot;
                &gt;
                  &lt;span
                    data-testid=&quot;phone-icon&quot;
                  &gt;
                    Phone
                  &lt;/span&gt;
                &lt;/span&gt;
                04 50 64 02 33
              &lt;/a&gt;
            &lt;/div&gt;
          &lt;/div&gt;
        &lt;/div&gt;
      &lt;/section&gt;
      &lt;section
        class=&quot;modern-section white lg &quot;
      &gt;
        &lt;div
          class=&quot;grid grid-cols-2 lg:grid-cols-4 gap-8&quot;
        &gt;
          &lt;div
            class=&quot;text-center group&quot;
          &gt;
            &lt;div
              class=&quot;inline-flex items-center justify-center w-16 h-16 bg-primary-100 rounded-2xl mb-4 group-hover:bg-primary-600 transition-colors duration-300&quot;
            &gt;
              &lt;div
                class=&quot;text-primary-600 group-hover:text-white transition-colors duration-300&quot;
              &gt;
                &lt;span
                  data-testid=&quot;star-icon&quot;
                &gt;
                  Star
                &lt;/span&gt;
              &lt;/div&gt;
            &lt;/div&gt;
            &lt;div
              class=&quot;text-3xl lg:text-4xl font-bold text-slate-900 mb-2&quot;
            &gt;
              30+
            &lt;/div&gt;
            &lt;div
              class=&quot;text-slate-600 font-medium&quot;
            &gt;
              Années d&apos;expérience
            &lt;/div&gt;
          &lt;/div&gt;
          &lt;div
            class=&quot;text-center group&quot;
          &gt;
            &lt;div
              class=&quot;inline-flex items-center justify-center w-16 h-16 bg-primary-100 rounded-2xl mb-4 group-hover:bg-primary-600 transition-colors duration-300&quot;
            &gt;
              &lt;div
                class=&quot;text-primary-600 group-hover:text-white transition-colors duration-300&quot;
              &gt;
                &lt;span
                  data-testid=&quot;users-icon&quot;
                &gt;
                  Users
                &lt;/span&gt;
              &lt;/div&gt;
            &lt;/div&gt;
            &lt;div
              class=&quot;text-3xl lg:text-4xl font-bold text-slate-900 mb-2&quot;
            &gt;
              500+
            &lt;/div&gt;
            &lt;div
              class=&quot;text-slate-600 font-medium&quot;
            &gt;
              Entreprises accompagnées
            &lt;/div&gt;
          &lt;/div&gt;
          &lt;div
            class=&quot;text-center group&quot;
          &gt;
            &lt;div
              class=&quot;inline-flex items-center justify-center w-16 h-16 bg-primary-100 rounded-2xl mb-4 group-hover:bg-primary-600 transition-colors duration-300&quot;
            &gt;
              &lt;div
 ...
    at Object.getElementError (C:\Users\j.serafini\Desktop\Jordan\Code\WebSolutionLogique\Web_NextJS\node_modules\@testing-library\dom\dist\config.js:37:19)
    at C:\Users\j.serafini\Desktop\Jordan\Code\WebSolutionLogique\Web_NextJS\node_modules\@testing-library\dom\dist\query-helpers.js:76:38
    at C:\Users\j.serafini\Desktop\Jordan\Code\WebSolutionLogique\Web_NextJS\node_modules\@testing-library\dom\dist\query-helpers.js:52:17
    at C:\Users\j.serafini\Desktop\Jordan\Code\WebSolutionLogique\Web_NextJS\node_modules\@testing-library\dom\dist\query-helpers.js:95:19
    at Object.getByText (C:\Users\j.serafini\Desktop\Jordan\Code\WebSolutionLogique\Web_NextJS\app\informatique\page.test.tsx:123:19)
    at Promise.then.completed (C:\Users\j.serafini\Desktop\Jordan\Code\WebSolutionLogique\Web_NextJS\node_modules\jest-circus\build\utils.js:298:28)
    at new Promise (&lt;anonymous&gt;)
    at callAsyncCircusFn (C:\Users\j.serafini\Desktop\Jordan\Code\WebSolutionLogique\Web_NextJS\node_modules\jest-circus\build\utils.js:231:10)
    at _callCircusTest (C:\Users\j.serafini\Desktop\Jordan\Code\WebSolutionLogique\Web_NextJS\node_modules\jest-circus\build\run.js:316:40)
    at processTicksAndRejections (node:internal/process/task_queues:103:5)
    at _runTest (C:\Users\j.serafini\Desktop\Jordan\Code\WebSolutionLogique\Web_NextJS\node_modules\jest-circus\build\run.js:252:3)
    at _runTestsForDescribeBlock (C:\Users\j.serafini\Desktop\Jordan\Code\WebSolutionLogique\Web_NextJS\node_modules\jest-circus\build\run.js:126:9)
    at _runTestsForDescribeBlock (C:\Users\j.serafini\Desktop\Jordan\Code\WebSolutionLogique\Web_NextJS\node_modules\jest-circus\build\run.js:121:9)
    at run (C:\Users\j.serafini\Desktop\Jordan\Code\WebSolutionLogique\Web_NextJS\node_modules\jest-circus\build\run.js:71:3)
    at runAndTransformResultsToJestFormat (C:\Users\j.serafini\Desktop\Jordan\Code\WebSolutionLogique\Web_NextJS\node_modules\jest-circus\build\legacy-code-todo-rewrite\jestAdapterInit.js:122:21)
    at jestAdapter (C:\Users\j.serafini\Desktop\Jordan\Code\WebSolutionLogique\Web_NextJS\node_modules\jest-circus\build\legacy-code-todo-rewrite\jestAdapter.js:79:19)
    at runTestInternal (C:\Users\j.serafini\Desktop\Jordan\Code\WebSolutionLogique\Web_NextJS\node_modules\jest-runner\build\runTest.js:367:16)
    at runTest (C:\Users\j.serafini\Desktop\Jordan\Code\WebSolutionLogique\Web_NextJS\node_modules\jest-runner\build\runTest.js:444:34)
    at Object.worker (C:\Users\j.serafini\Desktop\Jordan\Code\WebSolutionLogique\Web_NextJS\node_modules\jest-runner\build\testWorker.js:108:12)</failure>
    </testcase>
    <testcase classname="Page Informatique affiche les boutons d&apos;action" name="Page Informatique affiche les boutons d&apos;action" time="0.02">
    </testcase>
    <testcase classname="Page Informatique affiche des icônes Lucide" name="Page Informatique affiche des icônes Lucide" time="0.012">
    </testcase>
    <testcase classname="Page Informatique contient les informations de contact" name="Page Informatique contient les informations de contact" time="0.015">
    </testcase>
    <testcase classname="Page Informatique affiche la description des services" name="Page Informatique affiche la description des services" time="0.013">
    </testcase>
  </testsuite>
  <testsuite name="Page NosServices" errors="0" failures="0" skipped="0" timestamp="2026-08-12T08:45:40" time="1.492" tests="2">
    <testcase classname="Page NosServices devrait afficher un titre principal &quot;NOS SERVICES&quot;" name="Page NosServices devrait afficher un titre principal &quot;NOS SERVICES&quot;" time="0.11">
    </testcase>
    <testcase classname="Page NosServices devrait comporter des liens vers les services" name="Page NosServices devrait comporter des liens vers les services" time="0.043">
    </testcase>
  </testsuite>
  <testsuite name="Button" errors="0" failures="0" skipped="0" timestamp="2026-08-12T08:45:40" time="1.52" tests="25">
    <testcase classname="Button Rendu de base se rend en &lt;button&gt; par defaut" name="Button Rendu de base se rend en &lt;button&gt; par defaut" time="0.067">
    </testcase>
    <testcase classname="Button Rendu de base applique la variante primary par defaut" name="Button Rendu de base applique la variante primary par defaut" time="0.008">
    </testcase>
    <testcase classname="Button Rendu de base n&apos;utilise plus de degrade" name="Button Rendu de base n&apos;utilise plus de degrade" time="0.006">
    </testcase>
    <testcase classname="Button Rendu de base accepte des classes personnalisees" name="Button Rendu de base accepte des classes personnalisees" time="0.005">
    </testcase>
    <testcase classname="Button Variantes la variante primary applique bg-primary-600" name="Button Variantes la variante primary applique bg-primary-600" time="0.005">
    </testcase>
    <testcase classname="Button Variantes la variante secondary applique bg-sand-0" name="Button Variantes la variante secondary applique bg-sand-0" time="0.003">
    </testcase>
    <testcase classname="Button Variantes la variante outline applique border-primary-600" name="Button Variantes la variante outline applique border-primary-600" time="0.005">
    </testcase>
    <testcase classname="Button Variantes la variante ghost applique text-primary-600" name="Button Variantes la variante ghost applique text-primary-600" time="0.008">
    </testcase>
    <testcase classname="Button Variantes la variante accent applique bg-accent-600" name="Button Variantes la variante accent applique bg-accent-600" time="0.005">
    </testcase>
    <testcase classname="Button Tailles la taille sm applique h-9" name="Button Tailles la taille sm applique h-9" time="0.004">
    </testcase>
    <testcase classname="Button Tailles la taille md applique h-11" name="Button Tailles la taille md applique h-11" time="0.003">
    </testcase>
    <testcase classname="Button Tailles la taille lg applique h-12" name="Button Tailles la taille lg applique h-12" time="0.004">
    </testcase>
    <testcase classname="Button Tailles la taille xl applique h-14" name="Button Tailles la taille xl applique h-14" time="0.005">
    </testcase>
    <testcase classname="Button Tailles les tailles md, lg et xl garantissent une cible tactile de 44px minimum" name="Button Tailles les tailles md, lg et xl garantissent une cible tactile de 44px minimum" time="0.013">
    </testcase>
    <testcase classname="Button Rendu en lien un href interne produit un lien, pas un bouton" name="Button Rendu en lien un href interne produit un lien, pas un bouton" time="0.009">
    </testcase>
    <testcase classname="Button Rendu en lien un href tel: produit un lien" name="Button Rendu en lien un href tel: produit un lien" time="0.003">
    </testcase>
    <testcase classname="Button Rendu en lien une cible _blank recoit rel=noopener noreferrer" name="Button Rendu en lien une cible _blank recoit rel=noopener noreferrer" time="0.003">
    </testcase>
    <testcase classname="Button Etats disabled desactive le bouton" name="Button Etats disabled desactive le bouton" time="0.003">
    </testcase>
    <testcase classname="Button Etats loading desactive aussi le bouton" name="Button Etats loading desactive aussi le bouton" time="0.006">
    </testcase>
    <testcase classname="Button Etats le clic est transmis" name="Button Etats le clic est transmis" time="0.007">
    </testcase>
    <testcase classname="Button Etats le clic n&apos;est pas transmis quand disabled" name="Button Etats le clic n&apos;est pas transmis quand disabled" time="0.003">
    </testcase>
    <testcase classname="Button Accessibilite reste focalisable au clavier" name="Button Accessibilite reste focalisable au clavier" time="0.005">
    </testcase>
    <testcase classname="Button Accessibilite accepte aria-label" name="Button Accessibilite accepte aria-label" time="0.003">
    </testcase>
    <testcase classname="Button Accessibilite supporte type=submit" name="Button Accessibilite supporte type=submit" time="0.003">
    </testcase>
    <testcase classname="Button Accessibilite les icones sont masquees aux lecteurs d&apos;ecran" name="Button Accessibilite les icones sont masquees aux lecteurs d&apos;ecran" time="0.002">
    </testcase>
  </testsuite>
  <testsuite name="CallbackModal Component" errors="0" failures="0" skipped="0" timestamp="2026-08-12T08:45:40" time="1.524" tests="18">
    <testcase classname="CallbackModal Component Rendu de base ne devrait pas se rendre quand isOpen est false" name="CallbackModal Component Rendu de base ne devrait pas se rendre quand isOpen est false" time="0.025">
    </testcase>
    <testcase classname="CallbackModal Component Rendu de base devrait se rendre quand isOpen est true" name="CallbackModal Component Rendu de base devrait se rendre quand isOpen est true" time="0.024">
    </testcase>
    <testcase classname="CallbackModal Component Rendu de base devrait afficher le formulaire de rappel" name="CallbackModal Component Rendu de base devrait afficher le formulaire de rappel" time="0.02">
    </testcase>
    <testcase classname="CallbackModal Component Rendu de base devrait avoir un bouton de fermeture" name="CallbackModal Component Rendu de base devrait avoir un bouton de fermeture" time="0.008">
    </testcase>
    <testcase classname="CallbackModal Component Interactivité devrait fermer la modal quand on clique sur le bouton fermer" name="CallbackModal Component Interactivité devrait fermer la modal quand on clique sur le bouton fermer" time="0.008">
    </testcase>
    <testcase classname="CallbackModal Component Interactivité devrait fermer la modal quand on clique sur Annuler" name="CallbackModal Component Interactivité devrait fermer la modal quand on clique sur Annuler" time="0.004">
    </testcase>
    <testcase classname="CallbackModal Component Interactivité devrait mettre à jour la valeur du champ téléphone" name="CallbackModal Component Interactivité devrait mettre à jour la valeur du champ téléphone" time="0.008">
    </testcase>
    <testcase classname="CallbackModal Component Soumission du formulaire devrait empêcher la soumission avec un champ vide" name="CallbackModal Component Soumission du formulaire devrait empêcher la soumission avec un champ vide" time="0.027">
    </testcase>
    <testcase classname="CallbackModal Component Soumission du formulaire devrait soumettre le formulaire avec des données valides" name="CallbackModal Component Soumission du formulaire devrait soumettre le formulaire avec des données valides" time="0.012">
    </testcase>
    <testcase classname="CallbackModal Component Soumission du formulaire devrait afficher un message de succès après soumission réussie" name="CallbackModal Component Soumission du formulaire devrait afficher un message de succès après soumission réussie" time="0.009">
    </testcase>
    <testcase classname="CallbackModal Component Soumission du formulaire devrait afficher un message d&apos;erreur en cas d&apos;échec" name="CallbackModal Component Soumission du formulaire devrait afficher un message d&apos;erreur en cas d&apos;échec" time="0.007">
    </testcase>
    <testcase classname="CallbackModal Component Soumission du formulaire devrait gérer les erreurs réseau" name="CallbackModal Component Soumission du formulaire devrait gérer les erreurs réseau" time="0.006">
    </testcase>
    <testcase classname="CallbackModal Component Soumission du formulaire devrait afficher l&apos;état de chargement pendant la soumission" name="CallbackModal Component Soumission du formulaire devrait afficher l&apos;état de chargement pendant la soumission" time="0.006">
    </testcase>
    <testcase classname="CallbackModal Component Soumission du formulaire devrait vider le champ après succès" name="CallbackModal Component Soumission du formulaire devrait vider le champ après succès" time="0.005">
    </testcase>
    <testcase classname="CallbackModal Component Soumission du formulaire devrait fermer la modal après le délai de succès" name="CallbackModal Component Soumission du formulaire devrait fermer la modal après le délai de succès" time="0.007">
    </testcase>
    <testcase classname="CallbackModal Component Accessibilité devrait permettre la fermeture avec la touche Échap sur le bouton fermer" name="CallbackModal Component Accessibilité devrait permettre la fermeture avec la touche Échap sur le bouton fermer" time="0.003">
    </testcase>
    <testcase classname="CallbackModal Component Accessibilité devrait permettre la fermeture avec la barre d&apos;espace sur le bouton fermer" name="CallbackModal Component Accessibilité devrait permettre la fermeture avec la barre d&apos;espace sur le bouton fermer" time="0.003">
    </testcase>
    <testcase classname="CallbackModal Component États multiples ne devrait pas permettre de soumettre pendant l&apos;envoi" name="CallbackModal Component États multiples ne devrait pas permettre de soumettre pendant l&apos;envoi" time="0.011">
    </testcase>
  </testsuite>
  <testsuite name="Ebpbatiment Component" errors="0" failures="0" skipped="0" timestamp="2026-08-12T08:45:40" time="1.554" tests="4">
    <testcase classname="Ebpbatiment Component devrait se rendre sans crash" name="Ebpbatiment Component devrait se rendre sans crash" time="0.08">
    </testcase>
    <testcase classname="Ebpbatiment Component devrait afficher la description" name="Ebpbatiment Component devrait afficher la description" time="0.036">
    </testcase>
    <testcase classname="Ebpbatiment Component devrait afficher au moins une carte de logiciel" name="Ebpbatiment Component devrait afficher au moins une carte de logiciel" time="0.025">
    </testcase>
    <testcase classname="Ebpbatiment Component chaque carte de logiciel devrait comporter un lien &apos;Télécharger la fiche&apos;" name="Ebpbatiment Component chaque carte de logiciel devrait comporter un lien &apos;Télécharger la fiche&apos;" time="0.04">
    </testcase>
  </testsuite>
  <testsuite name="Ebpbatiment Component" errors="0" failures="2" skipped="0" timestamp="2026-08-12T08:45:40" time="2.247" tests="40">
    <testcase classname="Ebpbatiment Component Rendu de base devrait se rendre sans crash" name="Ebpbatiment Component Rendu de base devrait se rendre sans crash" time="0.076">
    </testcase>
    <testcase classname="Ebpbatiment Component Rendu de base devrait afficher le titre principal" name="Ebpbatiment Component Rendu de base devrait afficher le titre principal" time="0.025">
    </testcase>
    <testcase classname="Ebpbatiment Component Rendu de base devrait afficher la description" name="Ebpbatiment Component Rendu de base devrait afficher la description" time="0.03">
    </testcase>
    <testcase classname="Ebpbatiment Component Rendu de base devrait avoir un badge indiquant &quot;Logiciels EBP Bâtiment&quot;" name="Ebpbatiment Component Rendu de base devrait avoir un badge indiquant &quot;Logiciels EBP Bâtiment&quot;" time="0.037">
    </testcase>
    <testcase classname="Ebpbatiment Component Navigation et boutons d&apos;action devrait avoir un bouton &quot;Demander une démonstration&quot;" name="Ebpbatiment Component Navigation et boutons d&apos;action devrait avoir un bouton &quot;Demander une démonstration&quot;" time="0.041">
    </testcase>
    <testcase classname="Ebpbatiment Component Navigation et boutons d&apos;action devrait avoir un lien vers les formations" name="Ebpbatiment Component Navigation et boutons d&apos;action devrait avoir un lien vers les formations" time="0.043">
      <failure>TestingLibraryElementError: Unable to find an element with the text: Voir les formations. This could be because the text is broken up by multiple elements. In this case, you can provide a function for your text matcher to make your matcher more flexible.

Ignored nodes: comments, script, style
&lt;body&gt;
  &lt;div
    id=&quot;root&quot;
  /&gt;
  &lt;div&gt;
    &lt;div
      class=&quot;overflow-hidden&quot;
    &gt;
      &lt;section
        class=&quot;bg-sand-50 py-section&quot;
      &gt;
        &lt;div
          class=&quot;mx-auto px-gutter max-w-container text-center&quot;
        &gt;
          &lt;div
            class=&quot;text-center&quot;
          &gt;
            &lt;div
              class=&quot;inline-flex items-center px-4 py-2 bg-blue-100 text-blue-700 rounded-full text-sm font-medium mb-8&quot;
            &gt;
              &lt;svg
                aria-hidden=&quot;true&quot;
                class=&quot;lucide lucide-settings w-4 h-4 mr-2&quot;
                fill=&quot;none&quot;
                height=&quot;24&quot;
                stroke=&quot;currentColor&quot;
                stroke-linecap=&quot;round&quot;
                stroke-linejoin=&quot;round&quot;
                stroke-width=&quot;2&quot;
                viewBox=&quot;0 0 24 24&quot;
                width=&quot;24&quot;
                xmlns=&quot;http://www.w3.org/2000/svg&quot;
              &gt;
                &lt;path
                  d=&quot;M12.22 2h-.44a2 2 0 0 0-2 2v.18a2 2 0 0 1-1 1.73l-.43.25a2 2 0 0 1-2 0l-.15-.08a2 2 0 0 0-2.73.73l-.22.38a2 2 0 0 0 .73 2.73l.15.1a2 2 0 0 1 1 1.72v.51a2 2 0 0 1-1 1.74l-.15.09a2 2 0 0 0-.73 2.73l.22.38a2 2 0 0 0 2.73.73l.15-.08a2 2 0 0 1 2 0l.43.25a2 2 0 0 1 1 1.73V20a2 2 0 0 0 2 2h.44a2 2 0 0 0 2-2v-.18a2 2 0 0 1 1-1.73l.43-.25a2 2 0 0 1 2 0l.15.08a2 2 0 0 0 2.73-.73l.22-.39a2 2 0 0 0-.73-2.73l-.15-.08a2 2 0 0 1-1-1.74v-.5a2 2 0 0 1 1-1.74l.15-.09a2 2 0 0 0 .73-2.73l-.22-.38a2 2 0 0 0-2.73-.73l-.15.08a2 2 0 0 1-2 0l-.43-.25a2 2 0 0 1-1-1.73V4a2 2 0 0 0-2-2z&quot;
                /&gt;
                &lt;circle
                  cx=&quot;12&quot;
                  cy=&quot;12&quot;
                  r=&quot;3&quot;
                /&gt;
              &lt;/svg&gt;
              Logiciels EBP 
              Bâtiment
            &lt;/div&gt;
            &lt;h1
              class=&quot;text-4xl lg:text-6xl font-bold text-slate-900 mb-6 leading-tight&quot;
            &gt;
              EBP Bâtiment
            &lt;/h1&gt;
            &lt;p
              class=&quot;text-xl text-slate-600 mb-8 max-w-4xl mx-auto leading-relaxed&quot;
            &gt;
              Solutions spécialisées pour les professionnels du BTP. Gérez vos devis, chantiers, métrés et facturation avec des outils conçus spécifiquement pour le secteur du bâtiment. De l&apos;artisan à l&apos;entreprise générale, trouvez la solution adaptée à votre activité.
            &lt;/p&gt;
            &lt;div
              class=&quot;flex flex-col sm:flex-row gap-3 justify-center&quot;
            &gt;
              &lt;a
                class=&quot;bg-gradient-to-r from-blue-600 to-cyan-600 hover:from-blue-700 hover:to-cyan-700 text-white px-8 py-4 rounded-lg font-semibold transition-all duration-200 shadow-lg hover:shadow-xl transform hover:-translate-y-1 flex items-center justify-center&quot;
                href=&quot;/contact&quot;
              &gt;
                Demander une démonstration
                &lt;svg
                  aria-hidden=&quot;true&quot;
                  class=&quot;lucide lucide-arrow-right w-5 h-5 ml-2&quot;
                  fill=&quot;none&quot;
                  height=&quot;24&quot;
                  stroke=&quot;currentColor&quot;
                  stroke-linecap=&quot;round&quot;
                  stroke-linejoin=&quot;round&quot;
                  stroke-width=&quot;2&quot;
                  viewBox=&quot;0 0 24 24&quot;
                  width=&quot;24&quot;
                  xmlns=&quot;http://www.w3.org/2000/svg&quot;
                &gt;
                  &lt;path
                    d=&quot;M5 12h14&quot;
                  /&gt;
                  &lt;path
                    d=&quot;m12 5 7 7-7 7&quot;
                  /&gt;
                &lt;/svg&gt;
              &lt;/a&gt;
              &lt;a
                class=&quot;rounded-lg border border-sand-200 bg-sand-0 px-8 py-4 font-semibold text-sand-800 shadow-sm transition-colors hover:bg-sand-50&quot;
                href=&quot;#formation&quot;
              &gt;
                Voir la formation associée
              &lt;/a&gt;
            &lt;/div&gt;
          &lt;/div&gt;
        &lt;/div&gt;
      &lt;/section&gt;
      &lt;section
        class=&quot;bg-sand-0 py-section&quot;
      &gt;
        &lt;div
          class=&quot;mx-auto px-gutter max-w-container text-center&quot;
        &gt;
          &lt;div
            class=&quot;text-center mb-16&quot;
          &gt;
            &lt;h2
              class=&quot;text-3xl lg:text-4xl font-bold text-slate-900 mb-6&quot;
            &gt;
              Choisissez votre solution EBP
            &lt;/h2&gt;
            &lt;p
              class=&quot;text-xl text-slate-600 max-w-2xl mx-auto&quot;
            &gt;
              Des solutions adaptées à chaque besoin, de l&apos;essentiel à l&apos;expertise
            &lt;/p&gt;
          &lt;/div&gt;
          &lt;div
            class=&quot;grid lg:grid-cols-3 gap-6&quot;
          &gt;
            &lt;div
              class=&quot;bg-white rounded-2xl p-8 shadow-lg hover:shadow-xl transition-all duration-300 border-2 border-slate-100 hover:-translate-y-1 relative&quot;
            &gt;
              &lt;div
                class=&quot;text-center mb-6&quot;
              &gt;
                &lt;div
                  class=&quot;inline-flex items-center px-3 py-1 bg-blue-100 text-blue-700 rounded-full text-sm font-medium mb-4&quot;
                &gt;
                  &lt;svg
                    aria-hidden=&quot;true&quot;
                    class=&quot;lucide lucide-trending-up w-5 h-5&quot;
                    fill=&quot;none&quot;
                    height=&quot;24&quot;
                    stroke=&quot;currentColor&quot;
                    ...
    at Object.getElementError (C:\Users\j.serafini\Desktop\Jordan\Code\WebSolutionLogique\Web_NextJS\node_modules\@testing-library\dom\dist\config.js:37:19)
    at C:\Users\j.serafini\Desktop\Jordan\Code\WebSolutionLogique\Web_NextJS\node_modules\@testing-library\dom\dist\query-helpers.js:76:38
    at C:\Users\j.serafini\Desktop\Jordan\Code\WebSolutionLogique\Web_NextJS\node_modules\@testing-library\dom\dist\query-helpers.js:109:15
    at Object.getAllByText (C:\Users\j.serafini\Desktop\Jordan\Code\WebSolutionLogique\Web_NextJS\app\ebpbatiment\__tests__\page.test.tsx:69:37)
    at Promise.then.completed (C:\Users\j.serafini\Desktop\Jordan\Code\WebSolutionLogique\Web_NextJS\node_modules\jest-circus\build\utils.js:298:28)
    at new Promise (&lt;anonymous&gt;)
    at callAsyncCircusFn (C:\Users\j.serafini\Desktop\Jordan\Code\WebSolutionLogique\Web_NextJS\node_modules\jest-circus\build\utils.js:231:10)
    at _callCircusTest (C:\Users\j.serafini\Desktop\Jordan\Code\WebSolutionLogique\Web_NextJS\node_modules\jest-circus\build\run.js:316:40)
    at processTicksAndRejections (node:internal/process/task_queues:103:5)
    at _runTest (C:\Users\j.serafini\Desktop\Jordan\Code\WebSolutionLogique\Web_NextJS\node_modules\jest-circus\build\run.js:252:3)
    at _runTestsForDescribeBlock (C:\Users\j.serafini\Desktop\Jordan\Code\WebSolutionLogique\Web_NextJS\node_modules\jest-circus\build\run.js:126:9)
    at _runTestsForDescribeBlock (C:\Users\j.serafini\Desktop\Jordan\Code\WebSolutionLogique\Web_NextJS\node_modules\jest-circus\build\run.js:121:9)
    at _runTestsForDescribeBlock (C:\Users\j.serafini\Desktop\Jordan\Code\WebSolutionLogique\Web_NextJS\node_modules\jest-circus\build\run.js:121:9)
    at run (C:\Users\j.serafini\Desktop\Jordan\Code\WebSolutionLogique\Web_NextJS\node_modules\jest-circus\build\run.js:71:3)
    at runAndTransformResultsToJestFormat (C:\Users\j.serafini\Desktop\Jordan\Code\WebSolutionLogique\Web_NextJS\node_modules\jest-circus\build\legacy-code-todo-rewrite\jestAdapterInit.js:122:21)
    at jestAdapter (C:\Users\j.serafini\Desktop\Jordan\Code\WebSolutionLogique\Web_NextJS\node_modules\jest-circus\build\legacy-code-todo-rewrite\jestAdapter.js:79:19)
    at runTestInternal (C:\Users\j.serafini\Desktop\Jordan\Code\WebSolutionLogique\Web_NextJS\node_modules\jest-runner\build\runTest.js:367:16)
    at runTest (C:\Users\j.serafini\Desktop\Jordan\Code\WebSolutionLogique\Web_NextJS\node_modules\jest-runner\build\runTest.js:444:34)
    at Object.worker (C:\Users\j.serafini\Desktop\Jordan\Code\WebSolutionLogique\Web_NextJS\node_modules\jest-runner\build\testWorker.js:108:12)</failure>
    </testcase>
    <testcase classname="Ebpbatiment Component Cartes de logiciels devrait afficher les noms des logiciels EBP" name="Ebpbatiment Component Cartes de logiciels devrait afficher les noms des logiciels EBP" time="0.031">
    </testcase>
    <testcase classname="Ebpbatiment Component Cartes de logiciels devrait afficher les sous-titres des logiciels" name="Ebpbatiment Component Cartes de logiciels devrait afficher les sous-titres des logiciels" time="0.028">
    </testcase>
    <testcase classname="Ebpbatiment Component Cartes de logiciels devrait afficher les niveaux des logiciels" name="Ebpbatiment Component Cartes de logiciels devrait afficher les niveaux des logiciels" time="0.026">
    </testcase>
    <testcase classname="Ebpbatiment Component Cartes de logiciels devrait marquer EBP Expert Bâtiment comme populaire" name="Ebpbatiment Component Cartes de logiciels devrait marquer EBP Expert Bâtiment comme populaire" time="0.031">
    </testcase>
    <testcase classname="Ebpbatiment Component Cartes de logiciels devrait afficher au moins une carte de logiciel" name="Ebpbatiment Component Cartes de logiciels devrait afficher au moins une carte de logiciel" time="0.018">
    </testcase>
    <testcase classname="Ebpbatiment Component Cartes de logiciels chaque carte de logiciel devrait avoir un titre" name="Ebpbatiment Component Cartes de logiciels chaque carte de logiciel devrait avoir un titre" time="0.011">
    </testcase>
    <testcase classname="Ebpbatiment Component Cartes de logiciels chaque carte de logiciel devrait avoir une description" name="Ebpbatiment Component Cartes de logiciels chaque carte de logiciel devrait avoir une description" time="0.022">
    </testcase>
    <testcase classname="Ebpbatiment Component Cartes de logiciels chaque carte de logiciel devrait comporter un lien &apos;Télécharger la fiche&apos;" name="Ebpbatiment Component Cartes de logiciels chaque carte de logiciel devrait comporter un lien &apos;Télécharger la fiche&apos;" time="0.016">
    </testcase>
    <testcase classname="Ebpbatiment Component Cartes de logiciels les liens &apos;Télécharger la fiche&apos; devraient pointer vers des PDFs" name="Ebpbatiment Component Cartes de logiciels les liens &apos;Télécharger la fiche&apos; devraient pointer vers des PDFs" time="0.017">
    </testcase>
    <testcase classname="Ebpbatiment Component Cartes de logiciels les liens devraient s&apos;ouvrir dans un nouvel onglet" name="Ebpbatiment Component Cartes de logiciels les liens devraient s&apos;ouvrir dans un nouvel onglet" time="0.018">
    </testcase>
    <testcase classname="Ebpbatiment Component Images et médias devrait contenir des images de logiciels" name="Ebpbatiment Component Images et médias devrait contenir des images de logiciels" time="0.02">
    </testcase>
    <testcase classname="Ebpbatiment Component Images et médias les images devraient avoir des attributs src valides" name="Ebpbatiment Component Images et médias les images devraient avoir des attributs src valides" time="0.013">
    </testcase>
    <testcase classname="Ebpbatiment Component Images et médias devrait contenir des icônes SVG" name="Ebpbatiment Component Images et médias devrait contenir des icônes SVG" time="0.023">
    </testcase>
    <testcase classname="Ebpbatiment Component Navigation et interactivité devrait permettre la navigation entre les cartes au clavier" name="Ebpbatiment Component Navigation et interactivité devrait permettre la navigation entre les cartes au clavier" time="0.029">
    </testcase>
    <testcase classname="Ebpbatiment Component Navigation et interactivité les boutons devraient être accessibles via Tab" name="Ebpbatiment Component Navigation et interactivité les boutons devraient être accessibles via Tab" time="0.016">
    </testcase>
    <testcase classname="Ebpbatiment Component Navigation et interactivité devrait avoir des éléments focusables" name="Ebpbatiment Component Navigation et interactivité devrait avoir des éléments focusables" time="0.021">
    </testcase>
    <testcase classname="Ebpbatiment Component Accessibilité devrait avoir une structure de titres appropriée" name="Ebpbatiment Component Accessibilité devrait avoir une structure de titres appropriée" time="0.015">
    </testcase>
    <testcase classname="Ebpbatiment Component Accessibilité tous les liens devraient avoir du texte ou des labels" name="Ebpbatiment Component Accessibilité tous les liens devraient avoir du texte ou des labels" time="0.018">
    </testcase>
    <testcase classname="Ebpbatiment Component Accessibilité les images devraient avoir des attributs alt appropriés" name="Ebpbatiment Component Accessibilité les images devraient avoir des attributs alt appropriés" time="0.011">
    </testcase>
    <testcase classname="Ebpbatiment Component Accessibilité les liens devraient avoir des attributs appropriés" name="Ebpbatiment Component Accessibilité les liens devraient avoir des attributs appropriés" time="0.016">
    </testcase>
    <testcase classname="Ebpbatiment Component Responsive et mise en page devrait avoir des classes CSS appropriées pour le responsive" name="Ebpbatiment Component Responsive et mise en page devrait avoir des classes CSS appropriées pour le responsive" time="0.012">
    </testcase>
    <testcase classname="Ebpbatiment Component Responsive et mise en page les cartes devraient être dans un layout grid ou flex" name="Ebpbatiment Component Responsive et mise en page les cartes devraient être dans un layout grid ou flex" time="0.013">
    </testcase>
    <testcase classname="Ebpbatiment Component Contenu spécifique EBP Bâtiment devrait mentionner les types de logiciels bâtiment" name="Ebpbatiment Component Contenu spécifique EBP Bâtiment devrait mentionner les types de logiciels bâtiment" time="0.019">
    </testcase>
    <testcase classname="Ebpbatiment Component Contenu spécifique EBP Bâtiment devrait afficher les différentes versions de logiciels" name="Ebpbatiment Component Contenu spécifique EBP Bâtiment devrait afficher les différentes versions de logiciels" time="0.019">
    </testcase>
    <testcase classname="Ebpbatiment Component Contenu spécifique EBP Bâtiment devrait contenir des informations sur les fonctionnalités" name="Ebpbatiment Component Contenu spécifique EBP Bâtiment devrait contenir des informations sur les fonctionnalités" time="0.01">
    </testcase>
    <testcase classname="Ebpbatiment Component Contenu spécifique EBP Bâtiment devrait lister les fonctionnalités des logiciels" name="Ebpbatiment Component Contenu spécifique EBP Bâtiment devrait lister les fonctionnalités des logiciels" time="0.021">
      <failure>TestingLibraryElementError: Found multiple elements with the text: /Gestion des chantiers/

Here are the matching elements:

Ignored nodes: comments, script, style
&lt;span
  class=&quot;text-slate-700&quot;
&gt;
  Gestion des chantiers
&lt;/span&gt;

Ignored nodes: comments, script, style
&lt;li
  class=&quot;flex items-start gap-3 text-sm text-sand-600&quot;
&gt;
  &lt;span
    class=&quot;mt-0.5 inline-flex h-5 w-5 flex-shrink-0 items-center justify-center rounded-full bg-primary-50 text-xs font-semibold text-primary-700&quot;
  &gt;
    3
  &lt;/span&gt;
  Gestion des chantiers et planning
&lt;/li&gt;

(If this is intentional, then use the `*AllBy*` variant of the query (like `queryAllByText`, `getAllByText`, or `findAllByText`)).

Ignored nodes: comments, script, style
&lt;body&gt;
  &lt;div
    id=&quot;root&quot;
  /&gt;
  &lt;div&gt;
    &lt;div
      class=&quot;overflow-hidden&quot;
    &gt;
      &lt;section
        class=&quot;bg-sand-50 py-section&quot;
      &gt;
        &lt;div
          class=&quot;mx-auto px-gutter max-w-container text-center&quot;
        &gt;
          &lt;div
            class=&quot;text-center&quot;
          &gt;
            &lt;div
              class=&quot;inline-flex items-center px-4 py-2 bg-blue-100 text-blue-700 rounded-full text-sm font-medium mb-8&quot;
            &gt;
              &lt;svg
                aria-hidden=&quot;true&quot;
                class=&quot;lucide lucide-settings w-4 h-4 mr-2&quot;
                fill=&quot;none&quot;
                height=&quot;24&quot;
                stroke=&quot;currentColor&quot;
                stroke-linecap=&quot;round&quot;
                stroke-linejoin=&quot;round&quot;
                stroke-width=&quot;2&quot;
                viewBox=&quot;0 0 24 24&quot;
                width=&quot;24&quot;
                xmlns=&quot;http://www.w3.org/2000/svg&quot;
              &gt;
                &lt;path
                  d=&quot;M12.22 2h-.44a2 2 0 0 0-2 2v.18a2 2 0 0 1-1 1.73l-.43.25a2 2 0 0 1-2 0l-.15-.08a2 2 0 0 0-2.73.73l-.22.38a2 2 0 0 0 .73 2.73l.15.1a2 2 0 0 1 1 1.72v.51a2 2 0 0 1-1 1.74l-.15.09a2 2 0 0 0-.73 2.73l.22.38a2 2 0 0 0 2.73.73l.15-.08a2 2 0 0 1 2 0l.43.25a2 2 0 0 1 1 1.73V20a2 2 0 0 0 2 2h.44a2 2 0 0 0 2-2v-.18a2 2 0 0 1 1-1.73l.43-.25a2 2 0 0 1 2 0l.15.08a2 2 0 0 0 2.73-.73l.22-.39a2 2 0 0 0-.73-2.73l-.15-.08a2 2 0 0 1-1-1.74v-.5a2 2 0 0 1 1-1.74l.15-.09a2 2 0 0 0 .73-2.73l-.22-.38a2 2 0 0 0-2.73-.73l-.15.08a2 2 0 0 1-2 0l-.43-.25a2 2 0 0 1-1-1.73V4a2 2 0 0 0-2-2z&quot;
                /&gt;
                &lt;circle
                  cx=&quot;12&quot;
                  cy=&quot;12&quot;
                  r=&quot;3&quot;
                /&gt;
              &lt;/svg&gt;
              Logiciels EBP 
              Bâtiment
            &lt;/div&gt;
            &lt;h1
              class=&quot;text-4xl lg:text-6xl font-bold text-slate-900 mb-6 leading-tight&quot;
            &gt;
              EBP Bâtiment
            &lt;/h1&gt;
            &lt;p
              class=&quot;text-xl text-slate-600 mb-8 max-w-4xl mx-auto leading-relaxed&quot;
            &gt;
              Solutions spécialisées pour les professionnels du BTP. Gérez vos devis, chantiers, métrés et facturation avec des outils conçus spécifiquement pour le secteur du bâtiment. De l&apos;artisan à l&apos;entreprise générale, trouvez la solution adaptée à votre activité.
            &lt;/p&gt;
            &lt;div
              class=&quot;flex flex-col sm:flex-row gap-3 justify-center&quot;
            &gt;
              &lt;a
                class=&quot;bg-gradient-to-r from-blue-600 to-cyan-600 hover:from-blue-700 hover:to-cyan-700 text-white px-8 py-4 rounded-lg font-semibold transition-all duration-200 shadow-lg hover:shadow-xl transform hover:-translate-y-1 flex items-center justify-center&quot;
                href=&quot;/contact&quot;
              &gt;
                Demander une démonstration
                &lt;svg
                  aria-hidden=&quot;true&quot;
                  class=&quot;lucide lucide-arrow-right w-5 h-5 ml-2&quot;
                  fill=&quot;none&quot;
                  height=&quot;24&quot;
                  stroke=&quot;currentColor&quot;
                  stroke-linecap=&quot;round&quot;
                  stroke-linejoin=&quot;round&quot;
                  stroke-width=&quot;2&quot;
                  viewBox=&quot;0 0 24 24&quot;
                  width=&quot;24&quot;
                  xmlns=&quot;http://www.w3.org/2000/svg&quot;
                &gt;
                  &lt;path
                    d=&quot;M5 12h14&quot;
                  /&gt;
                  &lt;path
                    d=&quot;m12 5 7 7-7 7&quot;
                  /&gt;
                &lt;/svg&gt;
              &lt;/a&gt;
              &lt;a
                class=&quot;rounded-lg border border-sand-200 bg-sand-0 px-8 py-4 font-semibold text-sand-800 shadow-sm transition-colors hover:bg-sand-50&quot;
                href=&quot;#formation&quot;
              &gt;
                Voir la formation associée
              &lt;/a&gt;
            &lt;/div&gt;
          &lt;/div&gt;
        &lt;/div&gt;
      &lt;/section&gt;
      &lt;section
        class=&quot;bg-sand-0 py-section&quot;
      &gt;
        &lt;div
          class=&quot;mx-auto px-gutter max-w-container text-center&quot;
        &gt;
          &lt;div
            class=&quot;text-center mb-16&quot;
          &gt;
            &lt;h2
              class=&quot;text-3xl lg:text-4xl font-bold text-slate-900 mb-6&quot;
            &gt;
              Choisissez votre solution EBP
            &lt;/h2&gt;
            &lt;p
              class=&quot;text-xl text-slate-600 max-w-2xl mx-auto&quot;
            &gt;
              Des solutions adaptées à chaque besoin, de l&apos;essentiel à l&apos;expertise
            &lt;/p&gt;
          &lt;/div&gt;
          &lt;div
            class=&quot;grid lg:grid-cols-3 gap-6&quot;
          &gt;
            &lt;div
              class=&quot;bg-white rounded-2xl p-8 shadow-lg hover:shadow-xl transition-all duration-300 border-2 border-slate-100 hover:-translate-y-1 relative&quot;
            &gt;
              &lt;div
                class=&quot;text-center mb-6&quot;
              &gt;
                &lt;div
                  class=&quot;inline-flex items-center px-3 py-1 bg-blue-100 text-blue-700 rounded-full text-sm font-medium mb-4&quot;
                &gt;
                  &lt;svg
                    aria-hidden=&quot;true&quot;
                    class=&quot;lucide lucide-trending-up w-5 h-5&quot;
                    fill=&quot;none&quot;
                    height=&quot;24&quot;
                    stroke=&quot;currentColor&quot;
                    ...
    at Object.getElementError (C:\Users\j.serafini\Desktop\Jordan\Code\WebSolutionLogique\Web_NextJS\node_modules\@testing-library\dom\dist\config.js:37:19)
    at getElementError (C:\Users\j.serafini\Desktop\Jordan\Code\WebSolutionLogique\Web_NextJS\node_modules\@testing-library\dom\dist\query-helpers.js:20:35)
    at getMultipleElementsFoundError (C:\Users\j.serafini\Desktop\Jordan\Code\WebSolutionLogique\Web_NextJS\node_modules\@testing-library\dom\dist\query-helpers.js:23:10)
    at C:\Users\j.serafini\Desktop\Jordan\Code\WebSolutionLogique\Web_NextJS\node_modules\@testing-library\dom\dist\query-helpers.js:55:13
    at C:\Users\j.serafini\Desktop\Jordan\Code\WebSolutionLogique\Web_NextJS\node_modules\@testing-library\dom\dist\query-helpers.js:95:19
    at Object.getByText (C:\Users\j.serafini\Desktop\Jordan\Code\WebSolutionLogique\Web_NextJS\app\ebpbatiment\__tests__\page.test.tsx:301:21)
    at Promise.then.completed (C:\Users\j.serafini\Desktop\Jordan\Code\WebSolutionLogique\Web_NextJS\node_modules\jest-circus\build\utils.js:298:28)
    at new Promise (&lt;anonymous&gt;)
    at callAsyncCircusFn (C:\Users\j.serafini\Desktop\Jordan\Code\WebSolutionLogique\Web_NextJS\node_modules\jest-circus\build\utils.js:231:10)
    at _callCircusTest (C:\Users\j.serafini\Desktop\Jordan\Code\WebSolutionLogique\Web_NextJS\node_modules\jest-circus\build\run.js:316:40)
    at processTicksAndRejections (node:internal/process/task_queues:103:5)
    at _runTest (C:\Users\j.serafini\Desktop\Jordan\Code\WebSolutionLogique\Web_NextJS\node_modules\jest-circus\build\run.js:252:3)
    at _runTestsForDescribeBlock (C:\Users\j.serafini\Desktop\Jordan\Code\WebSolutionLogique\Web_NextJS\node_modules\jest-circus\build\run.js:126:9)
    at _runTestsForDescribeBlock (C:\Users\j.serafini\Desktop\Jordan\Code\WebSolutionLogique\Web_NextJS\node_modules\jest-circus\build\run.js:121:9)
    at _runTestsForDescribeBlock (C:\Users\j.serafini\Desktop\Jordan\Code\WebSolutionLogique\Web_NextJS\node_modules\jest-circus\build\run.js:121:9)
    at run (C:\Users\j.serafini\Desktop\Jordan\Code\WebSolutionLogique\Web_NextJS\node_modules\jest-circus\build\run.js:71:3)
    at runAndTransformResultsToJestFormat (C:\Users\j.serafini\Desktop\Jordan\Code\WebSolutionLogique\Web_NextJS\node_modules\jest-circus\build\legacy-code-todo-rewrite\jestAdapterInit.js:122:21)
    at jestAdapter (C:\Users\j.serafini\Desktop\Jordan\Code\WebSolutionLogique\Web_NextJS\node_modules\jest-circus\build\legacy-code-todo-rewrite\jestAdapter.js:79:19)
    at runTestInternal (C:\Users\j.serafini\Desktop\Jordan\Code\WebSolutionLogique\Web_NextJS\node_modules\jest-runner\build\runTest.js:367:16)
    at runTest (C:\Users\j.serafini\Desktop\Jordan\Code\WebSolutionLogique\Web_NextJS\node_modules\jest-runner\build\runTest.js:444:34)
    at Object.worker (C:\Users\j.serafini\Desktop\Jordan\Code\WebSolutionLogique\Web_NextJS\node_modules\jest-runner\build\testWorker.js:108:12)</failure>
    </testcase>
    <testcase classname="Ebpbatiment Component Contenu spécifique EBP Bâtiment devrait avoir des badges pour identifier les types de logiciels" name="Ebpbatiment Component Contenu spécifique EBP Bâtiment devrait avoir des badges pour identifier les types de logiciels" time="0.008">
    </testcase>
    <testcase classname="Ebpbatiment Component Contenu spécifique EBP Bâtiment devrait mentionner les différents publics cibles" name="Ebpbatiment Component Contenu spécifique EBP Bâtiment devrait mentionner les différents publics cibles" time="0.008">
    </testcase>
    <testcase classname="Ebpbatiment Component Performance et optimisation ne devrait pas avoir de rendu excessif" name="Ebpbatiment Component Performance et optimisation ne devrait pas avoir de rendu excessif" time="0.019">
    </testcase>
    <testcase classname="Ebpbatiment Component Performance et optimisation devrait charger rapidement" name="Ebpbatiment Component Performance et optimisation devrait charger rapidement" time="0.011">
    </testcase>
    <testcase classname="Ebpbatiment Component Gestion d&apos;erreurs devrait gérer les props manquantes gracieusement" name="Ebpbatiment Component Gestion d&apos;erreurs devrait gérer les props manquantes gracieusement" time="0.015">
    </testcase>
    <testcase classname="Ebpbatiment Component Gestion d&apos;erreurs devrait continuer à fonctionner si une image ne se charge pas" name="Ebpbatiment Component Gestion d&apos;erreurs devrait continuer à fonctionner si une image ne se charge pas" time="0.012">
    </testcase>
    <testcase classname="Ebpbatiment Component SEO et métadonnées devrait avoir des titres hiérarchiques appropriés" name="Ebpbatiment Component SEO et métadonnées devrait avoir des titres hiérarchiques appropriés" time="0.059">
    </testcase>
    <testcase classname="Ebpbatiment Component SEO et métadonnées devrait contenir du contenu descriptif pour le SEO" name="Ebpbatiment Component SEO et métadonnées devrait contenir du contenu descriptif pour le SEO" time="0.014">
    </testcase>
  </testsuite>
  <testsuite name="Informatique Component" errors="0" failures="2" skipped="0" timestamp="2026-08-12T08:45:40" time="2.247" tests="43">
    <testcase classname="Informatique Component Rendu de base devrait se rendre sans crash" name="Informatique Component Rendu de base devrait se rendre sans crash" time="0.071">
    </testcase>
    <testcase classname="Informatique Component Rendu de base devrait afficher le titre principal" name="Informatique Component Rendu de base devrait afficher le titre principal" time="0.028">
    </testcase>
    <testcase classname="Informatique Component Rendu de base devrait afficher la description" name="Informatique Component Rendu de base devrait afficher la description" time="0.031">
    </testcase>
    <testcase classname="Informatique Component Rendu de base devrait avoir un badge informatique" name="Informatique Component Rendu de base devrait avoir un badge informatique" time="0.035">
    </testcase>
    <testcase classname="Informatique Component Services informatiques devrait afficher les différents services proposés" name="Informatique Component Services informatiques devrait afficher les différents services proposés" time="0.027">
    </testcase>
    <testcase classname="Informatique Component Services informatiques devrait avoir des sections clairement définies" name="Informatique Component Services informatiques devrait avoir des sections clairement définies" time="0.023">
    </testcase>
    <testcase classname="Informatique Component Services informatiques devrait afficher des cartes de services" name="Informatique Component Services informatiques devrait afficher des cartes de services" time="0.026">
    </testcase>
    <testcase classname="Informatique Component Services informatiques devrait afficher les descriptions des services" name="Informatique Component Services informatiques devrait afficher les descriptions des services" time="0.021">
    </testcase>
    <testcase classname="Informatique Component Services informatiques devrait afficher les fonctionnalités de chaque service" name="Informatique Component Services informatiques devrait afficher les fonctionnalités de chaque service" time="0.024">
    </testcase>
    <testcase classname="Informatique Component Images et médias devrait contenir des images relatives à l&apos;informatique" name="Informatique Component Images et médias devrait contenir des images relatives à l&apos;informatique" time="0.019">
    </testcase>
    <testcase classname="Informatique Component Images et médias les images devraient avoir des sources valides" name="Informatique Component Images et médias les images devraient avoir des sources valides" time="0.011">
    </testcase>
    <testcase classname="Informatique Component Navigation et liens devrait contenir des liens de contact ou d&apos;action" name="Informatique Component Navigation et liens devrait contenir des liens de contact ou d&apos;action" time="0.015">
    </testcase>
    <testcase classname="Informatique Component Navigation et liens les liens externes devraient s&apos;ouvrir dans un nouvel onglet" name="Informatique Component Navigation et liens les liens externes devraient s&apos;ouvrir dans un nouvel onglet" time="0.021">
    </testcase>
    <testcase classname="Informatique Component Navigation et liens devrait permettre la navigation au clavier" name="Informatique Component Navigation et liens devrait permettre la navigation au clavier" time="0.032">
    </testcase>
    <testcase classname="Informatique Component Accessibilité devrait avoir une hiérarchie de titres appropriée" name="Informatique Component Accessibilité devrait avoir une hiérarchie de titres appropriée" time="0.016">
    </testcase>
    <testcase classname="Informatique Component Accessibilité tous les éléments interactifs devraient être accessibles" name="Informatique Component Accessibilité tous les éléments interactifs devraient être accessibles" time="0.017">
    </testcase>
    <testcase classname="Informatique Component Accessibilité devrait avoir des contrastes appropriés pour les textes" name="Informatique Component Accessibilité devrait avoir des contrastes appropriés pour les textes" time="0.015">
    </testcase>
    <testcase classname="Informatique Component Accessibilité devrait avoir des liens accessibles" name="Informatique Component Accessibilité devrait avoir des liens accessibles" time="0.019">
    </testcase>
    <testcase classname="Informatique Component Accessibilité devrait avoir des rôles appropriés" name="Informatique Component Accessibilité devrait avoir des rôles appropriés" time="0.019">
      <failure>Error: expect(received).toBeInTheDocument()

received value must be an HTMLElement or an SVGElement.
Received has value: null
    at __EXTERNAL_MATCHER_TRAP__ (C:\Users\j.serafini\Desktop\Jordan\Code\WebSolutionLogique\Web_NextJS\node_modules\expect\build\index.js:325:30)
    at Object.throwingMatcher [as toBeInTheDocument] (C:\Users\j.serafini\Desktop\Jordan\Code\WebSolutionLogique\Web_NextJS\node_modules\expect\build\index.js:326:15)
    at Object.toBeInTheDocument (C:\Users\j.serafini\Desktop\Jordan\Code\WebSolutionLogique\Web_NextJS\app\informatique\__tests__\page.test.tsx:190:20)
    at Promise.then.completed (C:\Users\j.serafini\Desktop\Jordan\Code\WebSolutionLogique\Web_NextJS\node_modules\jest-circus\build\utils.js:298:28)
    at new Promise (&lt;anonymous&gt;)
    at callAsyncCircusFn (C:\Users\j.serafini\Desktop\Jordan\Code\WebSolutionLogique\Web_NextJS\node_modules\jest-circus\build\utils.js:231:10)
    at _callCircusTest (C:\Users\j.serafini\Desktop\Jordan\Code\WebSolutionLogique\Web_NextJS\node_modules\jest-circus\build\run.js:316:40)
    at processTicksAndRejections (node:internal/process/task_queues:103:5)
    at _runTest (C:\Users\j.serafini\Desktop\Jordan\Code\WebSolutionLogique\Web_NextJS\node_modules\jest-circus\build\run.js:252:3)
    at _runTestsForDescribeBlock (C:\Users\j.serafini\Desktop\Jordan\Code\WebSolutionLogique\Web_NextJS\node_modules\jest-circus\build\run.js:126:9)
    at _runTestsForDescribeBlock (C:\Users\j.serafini\Desktop\Jordan\Code\WebSolutionLogique\Web_NextJS\node_modules\jest-circus\build\run.js:121:9)
    at _runTestsForDescribeBlock (C:\Users\j.serafini\Desktop\Jordan\Code\WebSolutionLogique\Web_NextJS\node_modules\jest-circus\build\run.js:121:9)
    at run (C:\Users\j.serafini\Desktop\Jordan\Code\WebSolutionLogique\Web_NextJS\node_modules\jest-circus\build\run.js:71:3)
    at runAndTransformResultsToJestFormat (C:\Users\j.serafini\Desktop\Jordan\Code\WebSolutionLogique\Web_NextJS\node_modules\jest-circus\build\legacy-code-todo-rewrite\jestAdapterInit.js:122:21)
    at jestAdapter (C:\Users\j.serafini\Desktop\Jordan\Code\WebSolutionLogique\Web_NextJS\node_modules\jest-circus\build\legacy-code-todo-rewrite\jestAdapter.js:79:19)
    at runTestInternal (C:\Users\j.serafini\Desktop\Jordan\Code\WebSolutionLogique\Web_NextJS\node_modules\jest-runner\build\runTest.js:367:16)
    at runTest (C:\Users\j.serafini\Desktop\Jordan\Code\WebSolutionLogique\Web_NextJS\node_modules\jest-runner\build\runTest.js:444:34)
    at Object.worker (C:\Users\j.serafini\Desktop\Jordan\Code\WebSolutionLogique\Web_NextJS\node_modules\jest-runner\build\testWorker.js:108:12)</failure>
    </testcase>
    <testcase classname="Informatique Component Responsive design devrait avoir des classes responsive" name="Informatique Component Responsive design devrait avoir des classes responsive" time="0.024">
    </testcase>
    <testcase classname="Informatique Component Responsive design devrait gérer différentes tailles d&apos;écran" name="Informatique Component Responsive design devrait gérer différentes tailles d&apos;écran" time="0.021">
    </testcase>
    <testcase classname="Informatique Component Responsive design devrait avoir des grilles responsive" name="Informatique Component Responsive design devrait avoir des grilles responsive" time="0.017">
    </testcase>
    <testcase classname="Informatique Component Contenu spécifique devrait mentionner les technologies supportées" name="Informatique Component Contenu spécifique devrait mentionner les technologies supportées" time="0.02">
    </testcase>
    <testcase classname="Informatique Component Contenu spécifique devrait afficher les types d&apos;intervention" name="Informatique Component Contenu spécifique devrait afficher les types d&apos;intervention" time="0.015">
    </testcase>
    <testcase classname="Informatique Component Contenu spécifique devrait mentionner la zone géographique ou les modalités" name="Informatique Component Contenu spécifique devrait mentionner la zone géographique ou les modalités" time="0.019">
    </testcase>
    <testcase classname="Informatique Component Contenu spécifique devrait mentionner les technologies et partenaires" name="Informatique Component Contenu spécifique devrait mentionner les technologies et partenaires" time="0.038">
    </testcase>
    <testcase classname="Informatique Component Contenu spécifique devrait avoir des sections distinctes" name="Informatique Component Contenu spécifique devrait avoir des sections distinctes" time="0.017">
    </testcase>
    <testcase classname="Informatique Component Performance ne devrait pas avoir de rendu excessif" name="Informatique Component Performance ne devrait pas avoir de rendu excessif" time="0.028">
    </testcase>
    <testcase classname="Informatique Component Performance devrait se charger rapidement" name="Informatique Component Performance devrait se charger rapidement" time="0.012">
    </testcase>
    <testcase classname="Informatique Component Interactivité devrait gérer les clics sur les éléments interactifs" name="Informatique Component Interactivité devrait gérer les clics sur les éléments interactifs" time="0.011">
    </testcase>
    <testcase classname="Informatique Component Interactivité devrait gérer les événements de survol" name="Informatique Component Interactivité devrait gérer les événements de survol" time="0.019">
    </testcase>
[...]
    at _runTestsForDescribeBlock (C:\Users\j.serafini\Desktop\Jordan\Code\WebSolutionLogique\Web_NextJS\node_modules\jest-circus\build\run.js:121:9)
    at run (C:\Users\j.serafini\Desktop\Jordan\Code\WebSolutionLogique\Web_NextJS\node_modules\jest-circus\build\run.js:71:3)
    at runAndTransformResultsToJestFormat (C:\Users\j.serafini\Desktop\Jordan\Code\WebSolutionLogique\Web_NextJS\node_modules\jest-circus\build\legacy-code-todo-rewrite\jestAdapterInit.js:122:21)
    at jestAdapter (C:\Users\j.serafini\Desktop\Jordan\Code\WebSolutionLogique\Web_NextJS\node_modules\jest-circus\build\legacy-code-todo-rewrite\jestAdapter.js:79:19)
    at runTestInternal (C:\Users\j.serafini\Desktop\Jordan\Code\WebSolutionLogique\Web_NextJS\node_modules\jest-runner\build\runTest.js:367:16)
    at runTest (C:\Users\j.serafini\Desktop\Jordan\Code\WebSolutionLogique\Web_NextJS\node_modules\jest-runner\build\runTest.js:444:34)
    at Object.worker (C:\Users\j.serafini\Desktop\Jordan\Code\WebSolutionLogique\Web_NextJS\node_modules\jest-runner\build\testWorker.js:108:12)</failure>
    </testcase>
    <testcase classname="NosServices Component Section Télémaintenance devrait avoir des informations de contact" name="NosServices Component Section Télémaintenance devrait avoir des informations de contact" time="0.027">
      <failure>TestingLibraryElementError: Unable to find an element with the text: /Support technique instantané/. This could be because the text is broken up by multiple elements. In this case, you can provide a function for your text matcher to make your matcher more flexible.

Ignored nodes: comments, script, style
&lt;body&gt;
  &lt;div
    id=&quot;root&quot;
  /&gt;
  &lt;div&gt;
    &lt;div
      class=&quot;overflow-hidden&quot;
    &gt;
      &lt;section
        class=&quot;border-b border-sand-200 bg-sand-50&quot;
      &gt;
        &lt;div
          class=&quot;mx-auto max-w-container px-gutter py-16 lg:py-24&quot;
        &gt;
          &lt;div
            class=&quot;mx-auto max-w-3xl text-center&quot;
          &gt;
            &lt;span
              class=&quot;mb-6 inline-flex items-center gap-2 rounded-full border border-primary-100 bg-primary-50 px-3.5 py-1.5 text-sm font-semibold text-primary-700&quot;
            &gt;
              &lt;span
                aria-hidden=&quot;true&quot;
                class=&quot;flex items-center [&amp;&gt;svg]:h-4 [&amp;&gt;svg]:w-4&quot;
              &gt;
                &lt;svg
                  aria-hidden=&quot;true&quot;
                  class=&quot;lucide lucide-layers w-4 h-4&quot;
                  fill=&quot;none&quot;
                  height=&quot;24&quot;
                  stroke=&quot;currentColor&quot;
                  stroke-linecap=&quot;round&quot;
                  stroke-linejoin=&quot;round&quot;
                  stroke-width=&quot;2&quot;
                  viewBox=&quot;0 0 24 24&quot;
                  width=&quot;24&quot;
                  xmlns=&quot;http://www.w3.org/2000/svg&quot;
                &gt;
                  &lt;path
                    d=&quot;M12.83 2.18a2 2 0 0 0-1.66 0L2.6 6.08a1 1 0 0 0 0 1.83l8.58 3.91a2 2 0 0 0 1.66 0l8.58-3.9a1 1 0 0 0 0-1.83z&quot;
                  /&gt;
                  &lt;path
                    d=&quot;M2 12a1 1 0 0 0 .58.91l8.6 3.91a2 2 0 0 0 1.65 0l8.58-3.9A1 1 0 0 0 22 12&quot;
                  /&gt;
                  &lt;path
                    d=&quot;M2 17a1 1 0 0 0 .58.91l8.6 3.91a2 2 0 0 0 1.65 0l8.58-3.9A1 1 0 0 0 22 17&quot;
                  /&gt;
                &lt;/svg&gt;
              &lt;/span&gt;
              Solutions IT completes
            &lt;/span&gt;
            &lt;h1
              class=&quot;mb-5 font-display text-h1 font-bold text-sand-900&quot;
            &gt;
              Nos
               
              &lt;span
                class=&quot;text-primary-600&quot;
              &gt;
                Services
              &lt;/span&gt;
            &lt;/h1&gt;
            &lt;p
              class=&quot;mx-auto mb-8 max-w-2xl text-lg leading-relaxed text-sand-600&quot;
            &gt;
              Decouvrez notre gamme complete de services informatiques, telecom et securite. Des solutions sur mesure pour accompagner la transformation digitale de votre entreprise.
            &lt;/p&gt;
            &lt;div
              class=&quot;flex flex-col justify-center gap-3 sm:flex-row&quot;
            &gt;
              &lt;a
                class=&quot;inline-flex items-center justify-center gap-2 font-semibold transition-colors disabled:opacity-50 disabled:cursor-not-allowed bg-primary-600 text-sand-0 hover:bg-primary-700 shadow-sm h-12 px-6 text-base rounded-lg min-h-[48px]&quot;
                href=&quot;/contact&quot;
              &gt;
                Demander un devis
                &lt;span
                  aria-hidden=&quot;true&quot;
                  class=&quot;flex items-center w-5 h-5&quot;
                &gt;
                  &lt;svg
                    aria-hidden=&quot;true&quot;
                    class=&quot;lucide lucide-arrow-right&quot;
                    fill=&quot;none&quot;
                    height=&quot;24&quot;
                    stroke=&quot;currentColor&quot;
                    stroke-linecap=&quot;round&quot;
                    stroke-linejoin=&quot;round&quot;
                    stroke-width=&quot;2&quot;
                    viewBox=&quot;0 0 24 24&quot;
                    width=&quot;24&quot;
                    xmlns=&quot;http://www.w3.org/2000/svg&quot;
                  &gt;
                    &lt;path
                      d=&quot;M5 12h14&quot;
                    /&gt;
                    &lt;path
                      d=&quot;m12 5 7 7-7 7&quot;
                    /&gt;
                  &lt;/svg&gt;
                &lt;/span&gt;
              &lt;/a&gt;
              &lt;a
                class=&quot;inline-flex items-center justify-center gap-2 font-semibold transition-colors disabled:opacity-50 disabled:cursor-not-allowed bg-sand-0 text-sand-800 border border-sand-300 hover:bg-sand-50 shadow-sm h-12 px-6 text-base rounded-lg min-h-[48px]&quot;
                href=&quot;tel:0450640233&quot;
              &gt;
                &lt;span
                  aria-hidden=&quot;true&quot;
                  class=&quot;flex items-center w-5 h-5&quot;
                &gt;
                  &lt;svg
                    aria-hidden=&quot;true&quot;
                    class=&quot;lucide lucide-phone&quot;
                    fill=&quot;none&quot;
                    height=&quot;24&quot;
                    stroke=&quot;currentColor&quot;
                    stroke-linecap=&quot;round&quot;
                    stroke-linejoin=&quot;round&quot;
                    stroke-width=&quot;2&quot;
                    viewBox=&quot;0 0 24 24&quot;
                    width=&quot;24&quot;
                    xmlns=&quot;http://www.w3.org/2000/svg&quot;
                  &gt;
                    &lt;path
                      d=&quot;M13.832 16.568a1 1 0 0 0 1.213-.303l.355-.465A2 2 0 0 1 17 15h3a2 2 0 0 1 2 2v3a2 2 0 0 1-2 2A18 18 0 0 1 2 4a2 2 0 0 1 2-2h3a2 2 0 0 1 2 2v3a2 2 0 0 1-.8 1.6l-.468.351a1 1 0 0 0-.292 1.233 14 14 0 0 0 6.392 6.384&quot;
                    /&gt;
                  &lt;/svg&gt;
                &lt;/span&gt;
                04 50 64 02 33
              &lt;/a&gt;
            &lt;/div&gt;
          &lt;/div&gt;
        &lt;/div&gt;
      &lt;/section&gt;
      &lt;section
        class=&quot;section-padding bg-white&quot;
      ...
    at Object.getElementError (C:\Users\j.serafini\Desktop\Jordan\Code\WebSolutionLogique\Web_NextJS\node_modules\@testing-library\dom\dist\config.js:37:19)
    at C:\Users\j.serafini\Desktop\Jordan\Code\WebSolutionLogique\Web_NextJS\node_modules\@testing-library\dom\dist\query-helpers.js:76:38
    at C:\Users\j.serafini\Desktop\Jordan\Code\WebSolutionLogique\Web_NextJS\node_modules\@testing-library\dom\dist\query-helpers.js:52:17
    at C:\Users\j.serafini\Desktop\Jordan\Code\WebSolutionLogique\Web_NextJS\node_modules\@testing-library\dom\dist\query-helpers.js:95:19
    at Object.getByText (C:\Users\j.serafini\Desktop\Jordan\Code\WebSolutionLogique\Web_NextJS\app\nosServices\__tests__\page.test.tsx:407:21)
    at Promise.then.completed (C:\Users\j.serafini\Desktop\Jordan\Code\WebSolutionLogique\Web_NextJS\node_modules\jest-circus\build\utils.js:298:28)
    at new Promise (&lt;anonymous&gt;)
    at callAsyncCircusFn (C:\Users\j.serafini\Desktop\Jordan\Code\WebSolutionLogique\Web_NextJS\node_modules\jest-circus\build\utils.js:231:10)
    at _callCircusTest (C:\Users\j.serafini\Desktop\Jordan\Code\WebSolutionLogique\Web_NextJS\node_modules\jest-circus\build\run.js:316:40)
    at processTicksAndRejections (node:internal/process/task_queues:103:5)
    at _runTest (C:\Users\j.serafini\Desktop\Jordan\Code\WebSolutionLogique\Web_NextJS\node_modules\jest-circus\build\run.js:252:3)
    at _runTestsForDescribeBlock (C:\Users\j.serafini\Desktop\Jordan\Code\WebSolutionLogique\Web_NextJS\node_modules\jest-circus\build\run.js:126:9)
    at _runTestsForDescribeBlock (C:\Users\j.serafini\Desktop\Jordan\Code\WebSolutionLogique\Web_NextJS\node_modules\jest-circus\build\run.js:121:9)
    at _runTestsForDescribeBlock (C:\Users\j.serafini\Desktop\Jordan\Code\WebSolutionLogique\Web_NextJS\node_modules\jest-circus\build\run.js:121:9)
    at run (C:\Users\j.serafini\Desktop\Jordan\Code\WebSolutionLogique\Web_NextJS\node_modules\jest-circus\build\run.js:71:3)
    at runAndTransformResultsToJestFormat (C:\Users\j.serafini\Desktop\Jordan\Code\WebSolutionLogique\Web_NextJS\node_modules\jest-circus\build\legacy-code-todo-rewrite\jestAdapterInit.js:122:21)
    at jestAdapter (C:\Users\j.serafini\Desktop\Jordan\Code\WebSolutionLogique\Web_NextJS\node_modules\jest-circus\build\legacy-code-todo-rewrite\jestAdapter.js:79:19)
    at runTestInternal (C:\Users\j.serafini\Desktop\Jordan\Code\WebSolutionLogique\Web_NextJS\node_modules\jest-runner\build\runTest.js:367:16)
    at runTest (C:\Users\j.serafini\Desktop\Jordan\Code\WebSolutionLogique\Web_NextJS\node_modules\jest-runner\build\runTest.js:444:34)
    at Object.worker (C:\Users\j.serafini\Desktop\Jordan\Code\WebSolutionLogique\Web_NextJS\node_modules\jest-runner\build\testWorker.js:108:12)</failure>
    </testcase>
    <testcase classname="NosServices Component Contenu spécifique devrait lister les fonctionnalités détaillées" name="NosServices Component Contenu spécifique devrait lister les fonctionnalités détaillées" time="0.027">
      <failure>TestingLibraryElementError: Unable to find an element with the text: /Sécurité des données/. This could be because the text is broken up by multiple elements. In this case, you can provide a function for your text matcher to make your matcher more flexible.

Ignored nodes: comments, script, style
&lt;body&gt;
  &lt;div
    id=&quot;root&quot;
  /&gt;
  &lt;div&gt;
    &lt;div
      class=&quot;overflow-hidden&quot;
    &gt;
      &lt;section
        class=&quot;border-b border-sand-200 bg-sand-50&quot;
      &gt;
        &lt;div
          class=&quot;mx-auto max-w-container px-gutter py-16 lg:py-24&quot;
        &gt;
          &lt;div
            class=&quot;mx-auto max-w-3xl text-center&quot;
          &gt;
            &lt;span
              class=&quot;mb-6 inline-flex items-center gap-2 rounded-full border border-primary-100 bg-primary-50 px-3.5 py-1.5 text-sm font-semibold text-primary-700&quot;
            &gt;
              &lt;span
                aria-hidden=&quot;true&quot;
                class=&quot;flex items-center [&amp;&gt;svg]:h-4 [&amp;&gt;svg]:w-4&quot;
              &gt;
                &lt;svg
                  aria-hidden=&quot;true&quot;
                  class=&quot;lucide lucide-layers w-4 h-4&quot;
                  fill=&quot;none&quot;
                  height=&quot;24&quot;
                  stroke=&quot;currentColor&quot;
                  stroke-linecap=&quot;round&quot;
                  stroke-linejoin=&quot;round&quot;
                  stroke-width=&quot;2&quot;
                  viewBox=&quot;0 0 24 24&quot;
                  width=&quot;24&quot;
                  xmlns=&quot;http://www.w3.org/2000/svg&quot;
                &gt;
                  &lt;path
                    d=&quot;M12.83 2.18a2 2 0 0 0-1.66 0L2.6 6.08a1 1 0 0 0 0 1.83l8.58 3.91a2 2 0 0 0 1.66 0l8.58-3.9a1 1 0 0 0 0-1.83z&quot;
                  /&gt;
                  &lt;path
                    d=&quot;M2 12a1 1 0 0 0 .58.91l8.6 3.91a2 2 0 0 0 1.65 0l8.58-3.9A1 1 0 0 0 22 12&quot;
                  /&gt;
                  &lt;path
                    d=&quot;M2 17a1 1 0 0 0 .58.91l8.6 3.91a2 2 0 0 0 1.65 0l8.58-3.9A1 1 0 0 0 22 17&quot;
                  /&gt;
                &lt;/svg&gt;
              &lt;/span&gt;
              Solutions IT completes
            &lt;/span&gt;
            &lt;h1
              class=&quot;mb-5 font-display text-h1 font-bold text-sand-900&quot;
            &gt;
              Nos
               
              &lt;span
                class=&quot;text-primary-600&quot;
              &gt;
                Services
              &lt;/span&gt;
            &lt;/h1&gt;
            &lt;p
              class=&quot;mx-auto mb-8 max-w-2xl text-lg leading-relaxed text-sand-600&quot;
            &gt;
              Decouvrez notre gamme complete de services informatiques, telecom et securite. Des solutions sur mesure pour accompagner la transformation digitale de votre entreprise.
            &lt;/p&gt;
            &lt;div
              class=&quot;flex flex-col justify-center gap-3 sm:flex-row&quot;
            &gt;
              &lt;a
                class=&quot;inline-flex items-center justify-center gap-2 font-semibold transition-colors disabled:opacity-50 disabled:cursor-not-allowed bg-primary-600 text-sand-0 hover:bg-primary-700 shadow-sm h-12 px-6 text-base rounded-lg min-h-[48px]&quot;
                href=&quot;/contact&quot;
              &gt;
                Demander un devis
                &lt;span
                  aria-hidden=&quot;true&quot;
                  class=&quot;flex items-center w-5 h-5&quot;
                &gt;
                  &lt;svg
                    aria-hidden=&quot;true&quot;
                    class=&quot;lucide lucide-arrow-right&quot;
                    fill=&quot;none&quot;
                    height=&quot;24&quot;
                    stroke=&quot;currentColor&quot;
                    stroke-linecap=&quot;round&quot;
                    stroke-linejoin=&quot;round&quot;
                    stroke-width=&quot;2&quot;
                    viewBox=&quot;0 0 24 24&quot;
                    width=&quot;24&quot;
                    xmlns=&quot;http://www.w3.org/2000/svg&quot;
                  &gt;
                    &lt;path
                      d=&quot;M5 12h14&quot;
                    /&gt;
                    &lt;path
                      d=&quot;m12 5 7 7-7 7&quot;
                    /&gt;
                  &lt;/svg&gt;
                &lt;/span&gt;
              &lt;/a&gt;
              &lt;a
                class=&quot;inline-flex items-center justify-center gap-2 font-semibold transition-colors disabled:opacity-50 disabled:cursor-not-allowed bg-sand-0 text-sand-800 border border-sand-300 hover:bg-sand-50 shadow-sm h-12 px-6 text-base rounded-lg min-h-[48px]&quot;
                href=&quot;tel:0450640233&quot;
              &gt;
                &lt;span
                  aria-hidden=&quot;true&quot;
                  class=&quot;flex items-center w-5 h-5&quot;
                &gt;
                  &lt;svg
                    aria-hidden=&quot;true&quot;
                    class=&quot;lucide lucide-phone&quot;
                    fill=&quot;none&quot;
                    height=&quot;24&quot;
                    stroke=&quot;currentColor&quot;
                    stroke-linecap=&quot;round&quot;
                    stroke-linejoin=&quot;round&quot;
                    stroke-width=&quot;2&quot;
                    viewBox=&quot;0 0 24 24&quot;
                    width=&quot;24&quot;
                    xmlns=&quot;http://www.w3.org/2000/svg&quot;
                  &gt;
                    &lt;path
                      d=&quot;M13.832 16.568a1 1 0 0 0 1.213-.303l.355-.465A2 2 0 0 1 17 15h3a2 2 0 0 1 2 2v3a2 2 0 0 1-2 2A18 18 0 0 1 2 4a2 2 0 0 1 2-2h3a2 2 0 0 1 2 2v3a2 2 0 0 1-.8 1.6l-.468.351a1 1 0 0 0-.292 1.233 14 14 0 0 0 6.392 6.384&quot;
                    /&gt;
                  &lt;/svg&gt;
                &lt;/span&gt;
                04 50 64 02 33
              &lt;/a&gt;
            &lt;/div&gt;
          &lt;/div&gt;
        &lt;/div&gt;
      &lt;/section&gt;
      &lt;section
        class=&quot;section-padding bg-white&quot;
      ...
    at Object.getElementError (C:\Users\j.serafini\Desktop\Jordan\Code\WebSolutionLogique\Web_NextJS\node_modules\@testing-library\dom\dist\config.js:37:19)
    at C:\Users\j.serafini\Desktop\Jordan\Code\WebSolutionLogique\Web_NextJS\node_modules\@testing-library\dom\dist\query-helpers.js:76:38
    at C:\Users\j.serafini\Desktop\Jordan\Code\WebSolutionLogique\Web_NextJS\node_modules\@testing-library\dom\dist\query-helpers.js:52:17
    at C:\Users\j.serafini\Desktop\Jordan\Code\WebSolutionLogique\Web_NextJS\node_modules\@testing-library\dom\dist\query-helpers.js:95:19
    at Object.getByText (C:\Users\j.serafini\Desktop\Jordan\Code\WebSolutionLogique\Web_NextJS\app\nosServices\__tests__\page.test.tsx:417:21)
    at Promise.then.completed (C:\Users\j.serafini\Desktop\Jordan\Code\WebSolutionLogique\Web_NextJS\node_modules\jest-circus\build\utils.js:298:28)
    at new Promise (&lt;anonymous&gt;)
    at callAsyncCircusFn (C:\Users\j.serafini\Desktop\Jordan\Code\WebSolutionLogique\Web_NextJS\node_modules\jest-circus\build\utils.js:231:10)
    at _callCircusTest (C:\Users\j.serafini\Desktop\Jordan\Code\WebSolutionLogique\Web_NextJS\node_modules\jest-circus\build\run.js:316:40)
    at processTicksAndRejections (node:internal/process/task_queues:103:5)
    at _runTest (C:\Users\j.serafini\Desktop\Jordan\Code\WebSolutionLogique\Web_NextJS\node_modules\jest-circus\build\run.js:252:3)
    at _runTestsForDescribeBlock (C:\Users\j.serafini\Desktop\Jordan\Code\WebSolutionLogique\Web_NextJS\node_modules\jest-circus\build\run.js:126:9)
    at _runTestsForDescribeBlock (C:\Users\j.serafini\Desktop\Jordan\Code\WebSolutionLogique\Web_NextJS\node_modules\jest-circus\build\run.js:121:9)
    at _runTestsForDescribeBlock (C:\Users\j.serafini\Desktop\Jordan\Code\WebSolutionLogique\Web_NextJS\node_modules\jest-circus\build\run.js:121:9)
    at run (C:\Users\j.serafini\Desktop\Jordan\Code\WebSolutionLogique\Web_NextJS\node_modules\jest-circus\build\run.js:71:3)
    at runAndTransformResultsToJestFormat (C:\Users\j.serafini\Desktop\Jordan\Code\WebSolutionLogique\Web_NextJS\node_modules\jest-circus\build\legacy-code-todo-rewrite\jestAdapterInit.js:122:21)
    at jestAdapter (C:\Users\j.serafini\Desktop\Jordan\Code\WebSolutionLogique\Web_NextJS\node_modules\jest-circus\build\legacy-code-todo-rewrite\jestAdapter.js:79:19)
    at runTestInternal (C:\Users\j.serafini\Desktop\Jordan\Code\WebSolutionLogique\Web_NextJS\node_modules\jest-runner\build\runTest.js:367:16)
    at runTest (C:\Users\j.serafini\Desktop\Jordan\Code\WebSolutionLogique\Web_NextJS\node_modules\jest-runner\build\runTest.js:444:34)
    at Object.worker (C:\Users\j.serafini\Desktop\Jordan\Code\WebSolutionLogique\Web_NextJS\node_modules\jest-runner\build\testWorker.js:108:12)</failure>
    </testcase>
    <testcase classname="NosServices Component Contenu spécifique devrait avoir des badges ou indicateurs visuels" name="NosServices Component Contenu spécifique devrait avoir des badges ou indicateurs visuels" time="0.008">
    </testcase>
  </testsuite>
</testsuites>